#
# There is insufficient memory for the Java Runtime Environment to continue.
# Native memory allocation (malloc) failed to allocate 161168 bytes for Chunk::new
# Possible reasons:
#   The system is out of physical RAM or swap space
#   The process is running with CompressedOops enabled, and the Java Heap may be blocking the growth of the native heap
# Possible solutions:
#   Reduce memory load on the system
#   Increase physical memory or swap space
#   Check if swap backing store is full
#   Decrease Java heap size (-Xmx/-Xms)
#   Decrease number of Java threads
#   Decrease Java thread stack sizes (-Xss)
#   Set larger code cache with -XX:ReservedCodeCacheSize=
#   JVM is running with Unscaled Compressed Oops mode in which the Java heap is
#     placed in the first 4GB address space. The Java Heap base address is the
#     maximum limit for the native heap growth. Please use -XX:HeapBaseMinAddress
#     to set the Java Heap base and to place the Java Heap above 4GB virtual address.
# This output file may be truncated or incomplete.
#
#  Out of Memory Error (arena.cpp:189), pid=20460, tid=25564
#
# JRE version: Java(TM) SE Runtime Environment (17.0.10+11) (build 17.0.10+11-LTS-240)
# Java VM: Java HotSpot(TM) 64-Bit Server VM (17.0.10+11-LTS-240, mixed mode, sharing, tiered, compressed oops, compressed class ptrs, g1 gc, windows-amd64)
# No core dump will be written. Minidumps are not enabled by default on client versions of Windows
#

---------------  S U M M A R Y ------------

Command Line: --add-opens=java.base/java.util=ALL-UNNAMED --add-opens=java.base/java.lang=ALL-UNNAMED --add-opens=java.base/java.lang.invoke=ALL-UNNAMED --add-opens=java.prefs/java.util.prefs=ALL-UNNAMED --add-opens=java.base/java.nio.charset=ALL-UNNAMED --add-opens=java.base/java.net=ALL-UNNAMED --add-opens=java.base/java.util.concurrent.atomic=ALL-UNNAMED -XX:MaxMetaspaceSize=384m -XX:+HeapDumpOnOutOfMemoryError -Xms256m -Xmx512m -Dfile.encoding=utf8 -Duser.country=GB -Duser.language=en -Duser.variant -javaagent:C:\Users\phuon\.gradle\wrapper\dists\gradle-8.7-bin\bhs2wmbdwecv87pi65oeuq5iu\gradle-8.7\lib\agents\gradle-instrumentation-agent-8.7.jar org.gradle.launcher.daemon.bootstrap.GradleDaemon 8.7

Host: Intel(R) Core(TM) i5-1035G1 CPU @ 1.00GHz, 8 cores, 15G,  Windows 11 , 64 bit Build 22621 (10.0.22621.3374)
Time: Mon May 27 15:25:50 2024 SE Asia Standard Time elapsed time: 8.109319 seconds (0d 0h 0m 8s)

---------------  T H R E A D  ---------------

Current thread (0x00000133503a9ee0):  JavaThread "C2 CompilerThread0" daemon [_thread_in_native, id=25564, stack(0x00000007d7c00000,0x00000007d7d00000)]


Current CompileTask:
C2:   8109 5008 %     4       java.util.zip.ZipFile$Source::initCEN @ 240 (591 bytes)

Stack: [0x00000007d7c00000,0x00000007d7d00000]
Native frames: (J=compiled Java code, j=interpreted, Vv=VM code, C=native code)
V  [jvm.dll+0x677a5a]
V  [jvm.dll+0x7d8b2d]
V  [jvm.dll+0x7da48e]
V  [jvm.dll+0x7daaf3]
V  [jvm.dll+0x2455ff]
V  [jvm.dll+0xaaafb]
V  [jvm.dll+0xab09c]
V  [jvm.dll+0x11d5c4]
V  [jvm.dll+0x60b6f3]
V  [jvm.dll+0x609db4]
V  [jvm.dll+0x2177ce]
V  [jvm.dll+0x216d81]
V  [jvm.dll+0x1a3410]
V  [jvm.dll+0x226aeb]
V  [jvm.dll+0x224cab]
V  [jvm.dll+0x78e45c]
V  [jvm.dll+0x78888a]
V  [jvm.dll+0x676935]
C  [ucrtbase.dll+0x29333]
C  [KERNEL32.DLL+0x1257d]
C  [ntdll.dll+0x5aa48]


---------------  P R O C E S S  ---------------

Threads class SMR info:
_java_thread_list=0x000001336e4d6820, length=41, elements={
0x0000013335a91d60, 0x00000133503891b0, 0x0000013350389d70, 0x00000133503a30e0,
0x00000133503a3ca0, 0x00000133503a8780, 0x00000133503a9140, 0x00000133503a9ee0,
0x00000133503aada0, 0x00000133503b3dc0, 0x0000013350376cd0, 0x000001335069adc0,
0x000001336b586810, 0x000001336b583570, 0x000001336b5853d0, 0x000001336b586300,
0x000001336b583060, 0x000001336b583a80, 0x000001336b5858e0, 0x000001336b585df0,
0x000001336b584ec0, 0x000001336b5849b0, 0x000001336b583f90, 0x000001336c6fca50,
0x000001336c6f6510, 0x000001336c6f6f30, 0x000001336c6f7440, 0x000001336c6f8370,
0x000001336c6fc540, 0x000001336c6fb100, 0x000001336c6f6a20, 0x000001336c6fcf60,
0x000001336c6fa1d0, 0x000001336c6f97b0, 0x000001336c6f92a0, 0x000001336c6f8880,
0x000001336c6f6000, 0x000001336c6f8d90, 0x000001336c6fbb20, 0x000001336c6fb610,
0x000001336c6fc030
}

Java Threads: ( => current thread )
  0x0000013335a91d60 JavaThread "main" [_thread_blocked, id=3948, stack(0x00000007d6f00000,0x00000007d7000000)]
  0x00000133503891b0 JavaThread "Reference Handler" daemon [_thread_blocked, id=25504, stack(0x00000007d7600000,0x00000007d7700000)]
  0x0000013350389d70 JavaThread "Finalizer" daemon [_thread_blocked, id=21232, stack(0x00000007d7700000,0x00000007d7800000)]
  0x00000133503a30e0 JavaThread "Signal Dispatcher" daemon [_thread_blocked, id=17256, stack(0x00000007d7800000,0x00000007d7900000)]
  0x00000133503a3ca0 JavaThread "Attach Listener" daemon [_thread_blocked, id=26768, stack(0x00000007d7900000,0x00000007d7a00000)]
  0x00000133503a8780 JavaThread "Service Thread" daemon [_thread_blocked, id=20164, stack(0x00000007d7a00000,0x00000007d7b00000)]
  0x00000133503a9140 JavaThread "Monitor Deflation Thread" daemon [_thread_blocked, id=6216, stack(0x00000007d7b00000,0x00000007d7c00000)]
=>0x00000133503a9ee0 JavaThread "C2 CompilerThread0" daemon [_thread_in_native, id=25564, stack(0x00000007d7c00000,0x00000007d7d00000)]
  0x00000133503aada0 JavaThread "C1 CompilerThread0" daemon [_thread_blocked, id=4380, stack(0x00000007d7d00000,0x00000007d7e00000)]
  0x00000133503b3dc0 JavaThread "Sweeper thread" daemon [_thread_blocked, id=12344, stack(0x00000007d7e00000,0x00000007d7f00000)]
  0x0000013350376cd0 JavaThread "Common-Cleaner" daemon [_thread_blocked, id=9440, stack(0x00000007d7f00000,0x00000007d8000000)]
  0x000001335069adc0 JavaThread "Notification Thread" daemon [_thread_blocked, id=14484, stack(0x00000007d8100000,0x00000007d8200000)]
  0x000001336b586810 JavaThread "Daemon health stats" [_thread_blocked, id=10396, stack(0x00000007d8900000,0x00000007d8a00000)]
  0x000001336b583570 JavaThread "Incoming local TCP Connector on port 53140" [_thread_in_native, id=2620, stack(0x00000007d8a00000,0x00000007d8b00000)]
  0x000001336b5853d0 JavaThread "Daemon periodic checks" [_thread_blocked, id=15584, stack(0x00000007d8b00000,0x00000007d8c00000)]
  0x000001336b586300 JavaThread "Daemon" [_thread_blocked, id=14460, stack(0x00000007d8c00000,0x00000007d8d00000)]
  0x000001336b583060 JavaThread "Handler for socket connection from /127.0.0.1:53140 to /127.0.0.1:53141" [_thread_in_native, id=20720, stack(0x00000007d8d00000,0x00000007d8e00000)]
  0x000001336b583a80 JavaThread "Cancel handler" [_thread_blocked, id=24904, stack(0x00000007d8e00000,0x00000007d8f00000)]
  0x000001336b5858e0 JavaThread "Daemon worker" [_thread_in_Java, id=2656, stack(0x00000007d8f00000,0x00000007d9000000)]
  0x000001336b585df0 JavaThread "Asynchronous log dispatcher for DefaultDaemonConnection: socket connection from /127.0.0.1:53140 to /127.0.0.1:53141" [_thread_blocked, id=13820, stack(0x00000007d9000000,0x00000007d9100000)]
  0x000001336b584ec0 JavaThread "Stdin handler" [_thread_blocked, id=11992, stack(0x00000007d9100000,0x00000007d9200000)]
  0x000001336b5849b0 JavaThread "Daemon client event forwarder" [_thread_blocked, id=21064, stack(0x00000007d9200000,0x00000007d9300000)]
  0x000001336b583f90 JavaThread "Cache worker for journal cache (C:\Users\phuon\.gradle\caches\journal-1)" [_thread_blocked, id=20000, stack(0x00000007d9300000,0x00000007d9400000)]
  0x000001336c6fca50 JavaThread "File lock request listener" [_thread_in_native, id=20996, stack(0x00000007d9400000,0x00000007d9500000)]
  0x000001336c6f6510 JavaThread "Cache worker for file hash cache (C:\Users\phuon\.gradle\caches\8.7\fileHashes)" [_thread_blocked, id=5364, stack(0x00000007d9500000,0x00000007d9600000)]
  0x000001336c6f6f30 JavaThread "Cache worker for file hash cache (E:\Project\Spring-Rest-ultimate\01-java-spring-jobhunter-starter\.gradle\8.7\fileHashes)" [_thread_blocked, id=10768, stack(0x00000007d9600000,0x00000007d9700000)]
  0x000001336c6f7440 JavaThread "File watcher server" daemon [_thread_in_native, id=16924, stack(0x00000007d9700000,0x00000007d9800000)]
  0x000001336c6f8370 JavaThread "File watcher consumer" daemon [_thread_blocked, id=984, stack(0x00000007d9800000,0x00000007d9900000)]
  0x000001336c6fc540 JavaThread "jar transforms" [_thread_blocked, id=7600, stack(0x00000007d9c00000,0x00000007d9d00000)]
  0x000001336c6fb100 JavaThread "jar transforms Thread 2" [_thread_blocked, id=12008, stack(0x00000007d9d00000,0x00000007d9e00000)]
  0x000001336c6f6a20 JavaThread "jar transforms Thread 3" [_thread_blocked, id=17664, stack(0x00000007d9e00000,0x00000007d9f00000)]
  0x000001336c6fcf60 JavaThread "Cache worker for checksums cache (E:\Project\Spring-Rest-ultimate\01-java-spring-jobhunter-starter\.gradle\8.7\checksums)" [_thread_blocked, id=24348, stack(0x00000007d9f00000,0x00000007da000000)]
  0x000001336c6fa1d0 JavaThread "Cache worker for cache directory md-supplier (C:\Users\phuon\.gradle\caches\8.7\md-supplier)" [_thread_blocked, id=12712, stack(0x00000007da000000,0x00000007da100000)]
  0x000001336c6f97b0 JavaThread "Cache worker for cache directory md-rule (C:\Users\phuon\.gradle\caches\8.7\md-rule)" [_thread_blocked, id=19968, stack(0x00000007da100000,0x00000007da200000)]
  0x000001336c6f92a0 JavaThread "Cache worker for file content cache (C:\Users\phuon\.gradle\caches\8.7\fileContent)" [_thread_blocked, id=13424, stack(0x00000007da200000,0x00000007da300000)]
  0x000001336c6f8880 JavaThread "jar transforms Thread 4" [_thread_blocked, id=13112, stack(0x00000007da300000,0x00000007da400000)]
  0x000001336c6f6000 JavaThread "jar transforms Thread 5" [_thread_blocked, id=12152, stack(0x00000007da400000,0x00000007da500000)]
  0x000001336c6f8d90 JavaThread "jar transforms Thread 6" [_thread_blocked, id=6552, stack(0x00000007daa00000,0x00000007dab00000)]
  0x000001336c6fbb20 JavaThread "jar transforms Thread 7" [_thread_blocked, id=9184, stack(0x00000007dab00000,0x00000007dac00000)]
  0x000001336c6fb610 JavaThread "jar transforms Thread 8" [_thread_blocked, id=19196, stack(0x00000007dac00000,0x00000007dad00000)]
  0x000001336c6fc030 JavaThread "Cache worker for Build Output Cleanup Cache (E:\Project\Spring-Rest-ultimate\01-java-spring-jobhunter-starter\.gradle\buildOutputCleanup)" [_thread_blocked, id=21680, stack(0x00000007dad00000,0x00000007dae00000)]

Other Threads:
  0x0000013350387720 VMThread "VM Thread" [stack: 0x00000007d7500000,0x00000007d7600000] [id=16004]
  0x0000013335adf110 WatcherThread [stack: 0x00000007d8200000,0x00000007d8300000] [id=20052]
  0x0000013335ac1ba0 GCTaskThread "GC Thread#0" [stack: 0x00000007d7000000,0x00000007d7100000] [id=12544]
  0x000001336abe8e00 GCTaskThread "GC Thread#1" [stack: 0x00000007d8400000,0x00000007d8500000] [id=16688]
  0x000001336aa45c80 GCTaskThread "GC Thread#2" [stack: 0x00000007d8500000,0x00000007d8600000] [id=10152]
  0x000001336a822870 GCTaskThread "GC Thread#3" [stack: 0x00000007d8600000,0x00000007d8700000] [id=26028]
  0x000001336a10a5f0 GCTaskThread "GC Thread#4" [stack: 0x00000007d8700000,0x00000007d8800000] [id=9252]
  0x000001336a10a8b0 GCTaskThread "GC Thread#5" [stack: 0x00000007d8800000,0x00000007d8900000] [id=5852]
  0x000001336bc72a40 GCTaskThread "GC Thread#6" [stack: 0x00000007d9900000,0x00000007d9a00000] [id=25920]
  0x000001336bc73280 GCTaskThread "GC Thread#7" [stack: 0x00000007d9a00000,0x00000007d9b00000] [id=16548]
  0x0000013335ac6af0 ConcurrentGCThread "G1 Main Marker" [stack: 0x00000007d7100000,0x00000007d7200000] [id=5128]
  0x0000013335ac7500 ConcurrentGCThread "G1 Conc#0" [stack: 0x00000007d7200000,0x00000007d7300000] [id=22192]
  0x000001336bc73d80 ConcurrentGCThread "G1 Conc#1" [stack: 0x00000007d9b00000,0x00000007d9c00000] [id=5728]
  0x0000013335b5d9d0 ConcurrentGCThread "G1 Refine#0" [stack: 0x00000007d7300000,0x00000007d7400000] [id=22840]
  0x000001336de362f0 ConcurrentGCThread "G1 Refine#1" [stack: 0x00000007da500000,0x00000007da600000] [id=14680]
  0x000001336de34880 ConcurrentGCThread "G1 Refine#2" [stack: 0x00000007da600000,0x00000007da700000] [id=26652]
  0x000001336de34b70 ConcurrentGCThread "G1 Refine#3" [stack: 0x00000007da700000,0x00000007da800000] [id=8716]
  0x000001336de35440 ConcurrentGCThread "G1 Refine#4" [stack: 0x00000007da800000,0x00000007da900000] [id=17056]
  0x000001336de36000 ConcurrentGCThread "G1 Refine#5" [stack: 0x00000007da900000,0x00000007daa00000] [id=17568]
  0x0000013335b5e400 ConcurrentGCThread "G1 Service" [stack: 0x00000007d7400000,0x00000007d7500000] [id=21336]

Threads with active compile tasks:
C2 CompilerThread0     8150 5008 %     4       java.util.zip.ZipFile$Source::initCEN @ 240 (591 bytes)

VM state: not at safepoint (normal execution)

VM Mutex/Monitor currently owned by a thread: None

Heap address: 0x00000000e0000000, size: 512 MB, Compressed Oops mode: 32-bit

CDS archive(s) mapped at: [0x0000013351000000-0x0000013351bd0000-0x0000013351bd0000), size 12386304, SharedBaseAddress: 0x0000013351000000, ArchiveRelocationMode: 1.
Compressed class space mapped at: 0x0000013352000000-0x0000013366000000, reserved size: 335544320
Narrow klass base: 0x0000013351000000, Narrow klass shift: 0, Narrow klass range: 0x100000000

GC Precious Log:
 CPUs: 8 total, 8 available
 Memory: 16151M
 Large Page Support: Disabled
 NUMA Support: Disabled
 Compressed Oops: Enabled (32-bit)
 Heap Region Size: 1M
 Heap Min Capacity: 256M
 Heap Initial Capacity: 256M
 Heap Max Capacity: 512M
 Pre-touch: Disabled
 Parallel Workers: 8
 Concurrent Workers: 2
 Concurrent Refinement Workers: 8
 Periodic GC: Disabled

Heap:
 garbage-first heap   total 262144K, used 50593K [0x00000000e0000000, 0x0000000100000000)
  region size 1024K, 8 young (8192K), 2 survivors (2048K)
 Metaspace       used 60165K, committed 60800K, reserved 393216K
  class space    used 8582K, committed 8896K, reserved 327680K

Heap Regions: E=young(eden), S=young(survivor), O=old, HS=humongous(starts), HC=humongous(continues), CS=collection set, F=free, OA=open archive, CA=closed archive, TAMS=top-at-mark-start (previous, next)
|   0|0x00000000e0000000, 0x00000000e0100000, 0x00000000e0100000|100%|HS|  |TAMS 0x00000000e0100000, 0x00000000e0000000| Complete 
|   1|0x00000000e0100000, 0x00000000e0200000, 0x00000000e0200000|100%|HC|  |TAMS 0x00000000e0200000, 0x00000000e0100000| Complete 
|   2|0x00000000e0200000, 0x00000000e0300000, 0x00000000e0300000|100%|HC|  |TAMS 0x00000000e0300000, 0x00000000e0200000| Complete 
|   3|0x00000000e0300000, 0x00000000e0400000, 0x00000000e0400000|100%|HC|  |TAMS 0x00000000e0400000, 0x00000000e0300000| Complete 
|   4|0x00000000e0400000, 0x00000000e0500000, 0x00000000e0500000|100%| O|  |TAMS 0x00000000e0500000, 0x00000000e0400000| Untracked 
|   5|0x00000000e0500000, 0x00000000e0600000, 0x00000000e0600000|100%| O|  |TAMS 0x00000000e0600000, 0x00000000e0500000| Untracked 
|   6|0x00000000e0600000, 0x00000000e0700000, 0x00000000e0700000|100%| O|  |TAMS 0x00000000e0700000, 0x00000000e0600000| Untracked 
|   7|0x00000000e0700000, 0x00000000e0800000, 0x00000000e0800000|100%| O|  |TAMS 0x00000000e0800000, 0x00000000e0700000| Untracked 
|   8|0x00000000e0800000, 0x00000000e0900000, 0x00000000e0900000|100%| O|  |TAMS 0x00000000e0900000, 0x00000000e0800000| Untracked 
|   9|0x00000000e0900000, 0x00000000e0a00000, 0x00000000e0a00000|100%| O|  |TAMS 0x00000000e0a00000, 0x00000000e0900000| Untracked 
|  10|0x00000000e0a00000, 0x00000000e0b00000, 0x00000000e0b00000|100%| O|  |TAMS 0x00000000e0b00000, 0x00000000e0a00000| Untracked 
|  11|0x00000000e0b00000, 0x00000000e0c00000, 0x00000000e0c00000|100%| O|  |TAMS 0x00000000e0c00000, 0x00000000e0b00000| Untracked 
|  12|0x00000000e0c00000, 0x00000000e0d00000, 0x00000000e0d00000|100%| O|  |TAMS 0x00000000e0d00000, 0x00000000e0c00000| Untracked 
|  13|0x00000000e0d00000, 0x00000000e0e00000, 0x00000000e0e00000|100%| O|  |TAMS 0x00000000e0e00000, 0x00000000e0d00000| Untracked 
|  14|0x00000000e0e00000, 0x00000000e0f00000, 0x00000000e0f00000|100%| O|  |TAMS 0x00000000e0f00000, 0x00000000e0e00000| Untracked 
|  15|0x00000000e0f00000, 0x00000000e1000000, 0x00000000e1000000|100%| O|  |TAMS 0x00000000e1000000, 0x00000000e0f00000| Untracked 
|  16|0x00000000e1000000, 0x00000000e1100000, 0x00000000e1100000|100%| O|  |TAMS 0x00000000e1100000, 0x00000000e1000000| Untracked 
|  17|0x00000000e1100000, 0x00000000e1200000, 0x00000000e1200000|100%| O|  |TAMS 0x00000000e1200000, 0x00000000e1100000| Untracked 
|  18|0x00000000e1200000, 0x00000000e1300000, 0x00000000e1300000|100%| O|  |TAMS 0x00000000e1300000, 0x00000000e1200000| Untracked 
|  19|0x00000000e1300000, 0x00000000e1400000, 0x00000000e1400000|100%| O|  |TAMS 0x00000000e1400000, 0x00000000e1300000| Untracked 
|  20|0x00000000e1400000, 0x00000000e1500000, 0x00000000e1500000|100%| O|  |TAMS 0x00000000e1500000, 0x00000000e1400000| Untracked 
|  21|0x00000000e1500000, 0x00000000e1600000, 0x00000000e1600000|100%| O|  |TAMS 0x00000000e1600000, 0x00000000e1500000| Untracked 
|  22|0x00000000e1600000, 0x00000000e1700000, 0x00000000e1700000|100%| O|  |TAMS 0x00000000e1700000, 0x00000000e1600000| Untracked 
|  23|0x00000000e1700000, 0x00000000e1800000, 0x00000000e1800000|100%| O|  |TAMS 0x00000000e1800000, 0x00000000e1700000| Untracked 
|  24|0x00000000e1800000, 0x00000000e1900000, 0x00000000e1900000|100%| O|  |TAMS 0x00000000e1900000, 0x00000000e1800000| Untracked 
|  25|0x00000000e1900000, 0x00000000e1a00000, 0x00000000e1a00000|100%| O|  |TAMS 0x00000000e1a00000, 0x00000000e1900000| Untracked 
|  26|0x00000000e1a00000, 0x00000000e1b00000, 0x00000000e1b00000|100%| O|  |TAMS 0x00000000e1b00000, 0x00000000e1a00000| Untracked 
|  27|0x00000000e1b00000, 0x00000000e1c00000, 0x00000000e1c00000|100%| O|  |TAMS 0x00000000e1c00000, 0x00000000e1b00000| Untracked 
|  28|0x00000000e1c00000, 0x00000000e1d00000, 0x00000000e1d00000|100%| O|  |TAMS 0x00000000e1d00000, 0x00000000e1c00000| Untracked 
|  29|0x00000000e1d00000, 0x00000000e1e00000, 0x00000000e1e00000|100%| O|  |TAMS 0x00000000e1e00000, 0x00000000e1d00000| Untracked 
|  30|0x00000000e1e00000, 0x00000000e1f00000, 0x00000000e1f00000|100%|HS|  |TAMS 0x00000000e1f00000, 0x00000000e1e00000| Complete 
|  31|0x00000000e1f00000, 0x00000000e2000000, 0x00000000e2000000|100%| O|  |TAMS 0x00000000e2000000, 0x00000000e1f00000| Untracked 
|  32|0x00000000e2000000, 0x00000000e2100000, 0x00000000e2100000|100%| O|  |TAMS 0x00000000e2100000, 0x00000000e2000000| Untracked 
|  33|0x00000000e2100000, 0x00000000e2200000, 0x00000000e2200000|100%| O|  |TAMS 0x00000000e2200000, 0x00000000e2100000| Untracked 
|  34|0x00000000e2200000, 0x00000000e2300000, 0x00000000e2300000|100%| O|  |TAMS 0x00000000e2300000, 0x00000000e2200000| Untracked 
|  35|0x00000000e2300000, 0x00000000e2400000, 0x00000000e2400000|100%| O|  |TAMS 0x00000000e2400000, 0x00000000e2300000| Untracked 
|  36|0x00000000e2400000, 0x00000000e24e6400, 0x00000000e2500000| 89%| O|  |TAMS 0x00000000e24e6208, 0x00000000e2400000| Untracked 
|  37|0x00000000e2500000, 0x00000000e2600000, 0x00000000e2600000|100%|HS|  |TAMS 0x00000000e2600000, 0x00000000e2500000| Complete 
|  38|0x00000000e2600000, 0x00000000e2700000, 0x00000000e2700000|100%|HC|  |TAMS 0x00000000e2700000, 0x00000000e2600000| Complete 
|  39|0x00000000e2700000, 0x00000000e2800000, 0x00000000e2800000|100%|HC|  |TAMS 0x00000000e2800000, 0x00000000e2700000| Complete 
|  40|0x00000000e2800000, 0x00000000e2900000, 0x00000000e2900000|100%|HC|  |TAMS 0x00000000e2900000, 0x00000000e2800000| Complete 
|  41|0x00000000e2900000, 0x00000000e2a00000, 0x00000000e2a00000|100%|HC|  |TAMS 0x00000000e2a00000, 0x00000000e2900000| Complete 
|  42|0x00000000e2a00000, 0x00000000e2b00000, 0x00000000e2b00000|100%|HC|  |TAMS 0x00000000e2b00000, 0x00000000e2a00000| Complete 
|  43|0x00000000e2b00000, 0x00000000e2b00000, 0x00000000e2c00000|  0%| F|  |TAMS 0x00000000e2b00000, 0x00000000e2b00000| Untracked 
|  44|0x00000000e2c00000, 0x00000000e2c00000, 0x00000000e2d00000|  0%| F|  |TAMS 0x00000000e2c00000, 0x00000000e2c00000| Untracked 
|  45|0x00000000e2d00000, 0x00000000e2d00000, 0x00000000e2e00000|  0%| F|  |TAMS 0x00000000e2d00000, 0x00000000e2d00000| Untracked 
|  46|0x00000000e2e00000, 0x00000000e2e00000, 0x00000000e2f00000|  0%| F|  |TAMS 0x00000000e2e00000, 0x00000000e2e00000| Untracked 
|  47|0x00000000e2f00000, 0x00000000e2f00000, 0x00000000e3000000|  0%| F|  |TAMS 0x00000000e2f00000, 0x00000000e2f00000| Untracked 
|  48|0x00000000e3000000, 0x00000000e3000000, 0x00000000e3100000|  0%| F|  |TAMS 0x00000000e3000000, 0x00000000e3000000| Untracked 
|  49|0x00000000e3100000, 0x00000000e3100000, 0x00000000e3200000|  0%| F|  |TAMS 0x00000000e3100000, 0x00000000e3100000| Untracked 
|  50|0x00000000e3200000, 0x00000000e3200000, 0x00000000e3300000|  0%| F|  |TAMS 0x00000000e3200000, 0x00000000e3200000| Untracked 
|  51|0x00000000e3300000, 0x00000000e3300000, 0x00000000e3400000|  0%| F|  |TAMS 0x00000000e3300000, 0x00000000e3300000| Untracked 
|  52|0x00000000e3400000, 0x00000000e3400000, 0x00000000e3500000|  0%| F|  |TAMS 0x00000000e3400000, 0x00000000e3400000| Untracked 
|  53|0x00000000e3500000, 0x00000000e3500000, 0x00000000e3600000|  0%| F|  |TAMS 0x00000000e3500000, 0x00000000e3500000| Untracked 
|  54|0x00000000e3600000, 0x00000000e3600000, 0x00000000e3700000|  0%| F|  |TAMS 0x00000000e3600000, 0x00000000e3600000| Untracked 
|  55|0x00000000e3700000, 0x00000000e3700000, 0x00000000e3800000|  0%| F|  |TAMS 0x00000000e3700000, 0x00000000e3700000| Untracked 
|  56|0x00000000e3800000, 0x00000000e3800000, 0x00000000e3900000|  0%| F|  |TAMS 0x00000000e3800000, 0x00000000e3800000| Untracked 
|  57|0x00000000e3900000, 0x00000000e3900000, 0x00000000e3a00000|  0%| F|  |TAMS 0x00000000e3900000, 0x00000000e3900000| Untracked 
|  58|0x00000000e3a00000, 0x00000000e3a00000, 0x00000000e3b00000|  0%| F|  |TAMS 0x00000000e3a00000, 0x00000000e3a00000| Untracked 
|  59|0x00000000e3b00000, 0x00000000e3b00000, 0x00000000e3c00000|  0%| F|  |TAMS 0x00000000e3b00000, 0x00000000e3b00000| Untracked 
|  60|0x00000000e3c00000, 0x00000000e3c00000, 0x00000000e3d00000|  0%| F|  |TAMS 0x00000000e3c00000, 0x00000000e3c00000| Untracked 
|  61|0x00000000e3d00000, 0x00000000e3d00000, 0x00000000e3e00000|  0%| F|  |TAMS 0x00000000e3d00000, 0x00000000e3d00000| Untracked 
|  62|0x00000000e3e00000, 0x00000000e3e00000, 0x00000000e3f00000|  0%| F|  |TAMS 0x00000000e3e00000, 0x00000000e3e00000| Untracked 
|  63|0x00000000e3f00000, 0x00000000e3f00000, 0x00000000e4000000|  0%| F|  |TAMS 0x00000000e3f00000, 0x00000000e3f00000| Untracked 
|  64|0x00000000e4000000, 0x00000000e4000000, 0x00000000e4100000|  0%| F|  |TAMS 0x00000000e4000000, 0x00000000e4000000| Untracked 
|  65|0x00000000e4100000, 0x00000000e4100000, 0x00000000e4200000|  0%| F|  |TAMS 0x00000000e4100000, 0x00000000e4100000| Untracked 
|  66|0x00000000e4200000, 0x00000000e4200000, 0x00000000e4300000|  0%| F|  |TAMS 0x00000000e4200000, 0x00000000e4200000| Untracked 
|  67|0x00000000e4300000, 0x00000000e4300000, 0x00000000e4400000|  0%| F|  |TAMS 0x00000000e4300000, 0x00000000e4300000| Untracked 
|  68|0x00000000e4400000, 0x00000000e4400000, 0x00000000e4500000|  0%| F|  |TAMS 0x00000000e4400000, 0x00000000e4400000| Untracked 
|  69|0x00000000e4500000, 0x00000000e4500000, 0x00000000e4600000|  0%| F|  |TAMS 0x00000000e4500000, 0x00000000e4500000| Untracked 
|  70|0x00000000e4600000, 0x00000000e4600000, 0x00000000e4700000|  0%| F|  |TAMS 0x00000000e4600000, 0x00000000e4600000| Untracked 
|  71|0x00000000e4700000, 0x00000000e4700000, 0x00000000e4800000|  0%| F|  |TAMS 0x00000000e4700000, 0x00000000e4700000| Untracked 
|  72|0x00000000e4800000, 0x00000000e4800000, 0x00000000e4900000|  0%| F|  |TAMS 0x00000000e4800000, 0x00000000e4800000| Untracked 
|  73|0x00000000e4900000, 0x00000000e4900000, 0x00000000e4a00000|  0%| F|  |TAMS 0x00000000e4900000, 0x00000000e4900000| Untracked 
|  74|0x00000000e4a00000, 0x00000000e4a00000, 0x00000000e4b00000|  0%| F|  |TAMS 0x00000000e4a00000, 0x00000000e4a00000| Untracked 
|  75|0x00000000e4b00000, 0x00000000e4b00000, 0x00000000e4c00000|  0%| F|  |TAMS 0x00000000e4b00000, 0x00000000e4b00000| Untracked 
|  76|0x00000000e4c00000, 0x00000000e4c00000, 0x00000000e4d00000|  0%| F|  |TAMS 0x00000000e4c00000, 0x00000000e4c00000| Untracked 
|  77|0x00000000e4d00000, 0x00000000e4d00000, 0x00000000e4e00000|  0%| F|  |TAMS 0x00000000e4d00000, 0x00000000e4d00000| Untracked 
|  78|0x00000000e4e00000, 0x00000000e4e00000, 0x00000000e4f00000|  0%| F|  |TAMS 0x00000000e4e00000, 0x00000000e4e00000| Untracked 
|  79|0x00000000e4f00000, 0x00000000e4f00000, 0x00000000e5000000|  0%| F|  |TAMS 0x00000000e4f00000, 0x00000000e4f00000| Untracked 
|  80|0x00000000e5000000, 0x00000000e5000000, 0x00000000e5100000|  0%| F|  |TAMS 0x00000000e5000000, 0x00000000e5000000| Untracked 
|  81|0x00000000e5100000, 0x00000000e5100000, 0x00000000e5200000|  0%| F|  |TAMS 0x00000000e5100000, 0x00000000e5100000| Untracked 
|  82|0x00000000e5200000, 0x00000000e5200000, 0x00000000e5300000|  0%| F|  |TAMS 0x00000000e5200000, 0x00000000e5200000| Untracked 
|  83|0x00000000e5300000, 0x00000000e5300000, 0x00000000e5400000|  0%| F|  |TAMS 0x00000000e5300000, 0x00000000e5300000| Untracked 
|  84|0x00000000e5400000, 0x00000000e5400000, 0x00000000e5500000|  0%| F|  |TAMS 0x00000000e5400000, 0x00000000e5400000| Untracked 
|  85|0x00000000e5500000, 0x00000000e5500000, 0x00000000e5600000|  0%| F|  |TAMS 0x00000000e5500000, 0x00000000e5500000| Untracked 
|  86|0x00000000e5600000, 0x00000000e5600000, 0x00000000e5700000|  0%| F|  |TAMS 0x00000000e5600000, 0x00000000e5600000| Untracked 
|  87|0x00000000e5700000, 0x00000000e5700000, 0x00000000e5800000|  0%| F|  |TAMS 0x00000000e5700000, 0x00000000e5700000| Untracked 
|  88|0x00000000e5800000, 0x00000000e5800000, 0x00000000e5900000|  0%| F|  |TAMS 0x00000000e5800000, 0x00000000e5800000| Untracked 
|  89|0x00000000e5900000, 0x00000000e5900000, 0x00000000e5a00000|  0%| F|  |TAMS 0x00000000e5900000, 0x00000000e5900000| Untracked 
|  90|0x00000000e5a00000, 0x00000000e5a00000, 0x00000000e5b00000|  0%| F|  |TAMS 0x00000000e5a00000, 0x00000000e5a00000| Untracked 
|  91|0x00000000e5b00000, 0x00000000e5b00000, 0x00000000e5c00000|  0%| F|  |TAMS 0x00000000e5b00000, 0x00000000e5b00000| Untracked 
|  92|0x00000000e5c00000, 0x00000000e5c00000, 0x00000000e5d00000|  0%| F|  |TAMS 0x00000000e5c00000, 0x00000000e5c00000| Untracked 
|  93|0x00000000e5d00000, 0x00000000e5d00000, 0x00000000e5e00000|  0%| F|  |TAMS 0x00000000e5d00000, 0x00000000e5d00000| Untracked 
|  94|0x00000000e5e00000, 0x00000000e5e00000, 0x00000000e5f00000|  0%| F|  |TAMS 0x00000000e5e00000, 0x00000000e5e00000| Untracked 
|  95|0x00000000e5f00000, 0x00000000e5f00000, 0x00000000e6000000|  0%| F|  |TAMS 0x00000000e5f00000, 0x00000000e5f00000| Untracked 
|  96|0x00000000e6000000, 0x00000000e6000000, 0x00000000e6100000|  0%| F|  |TAMS 0x00000000e6000000, 0x00000000e6000000| Untracked 
|  97|0x00000000e6100000, 0x00000000e6100000, 0x00000000e6200000|  0%| F|  |TAMS 0x00000000e6100000, 0x00000000e6100000| Untracked 
|  98|0x00000000e6200000, 0x00000000e6200000, 0x00000000e6300000|  0%| F|  |TAMS 0x00000000e6200000, 0x00000000e6200000| Untracked 
|  99|0x00000000e6300000, 0x00000000e6300000, 0x00000000e6400000|  0%| F|  |TAMS 0x00000000e6300000, 0x00000000e6300000| Untracked 
| 100|0x00000000e6400000, 0x00000000e6400000, 0x00000000e6500000|  0%| F|  |TAMS 0x00000000e6400000, 0x00000000e6400000| Untracked 
| 101|0x00000000e6500000, 0x00000000e6500000, 0x00000000e6600000|  0%| F|  |TAMS 0x00000000e6500000, 0x00000000e6500000| Untracked 
| 102|0x00000000e6600000, 0x00000000e6600000, 0x00000000e6700000|  0%| F|  |TAMS 0x00000000e6600000, 0x00000000e6600000| Untracked 
| 103|0x00000000e6700000, 0x00000000e6700000, 0x00000000e6800000|  0%| F|  |TAMS 0x00000000e6700000, 0x00000000e6700000| Untracked 
| 104|0x00000000e6800000, 0x00000000e6800000, 0x00000000e6900000|  0%| F|  |TAMS 0x00000000e6800000, 0x00000000e6800000| Untracked 
| 105|0x00000000e6900000, 0x00000000e6900000, 0x00000000e6a00000|  0%| F|  |TAMS 0x00000000e6900000, 0x00000000e6900000| Untracked 
| 106|0x00000000e6a00000, 0x00000000e6a00000, 0x00000000e6b00000|  0%| F|  |TAMS 0x00000000e6a00000, 0x00000000e6a00000| Untracked 
| 107|0x00000000e6b00000, 0x00000000e6b00000, 0x00000000e6c00000|  0%| F|  |TAMS 0x00000000e6b00000, 0x00000000e6b00000| Untracked 
| 108|0x00000000e6c00000, 0x00000000e6c00000, 0x00000000e6d00000|  0%| F|  |TAMS 0x00000000e6c00000, 0x00000000e6c00000| Untracked 
| 109|0x00000000e6d00000, 0x00000000e6d00000, 0x00000000e6e00000|  0%| F|  |TAMS 0x00000000e6d00000, 0x00000000e6d00000| Untracked 
| 110|0x00000000e6e00000, 0x00000000e6e00000, 0x00000000e6f00000|  0%| F|  |TAMS 0x00000000e6e00000, 0x00000000e6e00000| Untracked 
| 111|0x00000000e6f00000, 0x00000000e6f00000, 0x00000000e7000000|  0%| F|  |TAMS 0x00000000e6f00000, 0x00000000e6f00000| Untracked 
| 112|0x00000000e7000000, 0x00000000e7000000, 0x00000000e7100000|  0%| F|  |TAMS 0x00000000e7000000, 0x00000000e7000000| Untracked 
| 113|0x00000000e7100000, 0x00000000e7100000, 0x00000000e7200000|  0%| F|  |TAMS 0x00000000e7100000, 0x00000000e7100000| Untracked 
| 114|0x00000000e7200000, 0x00000000e7200000, 0x00000000e7300000|  0%| F|  |TAMS 0x00000000e7200000, 0x00000000e7200000| Untracked 
| 115|0x00000000e7300000, 0x00000000e7300000, 0x00000000e7400000|  0%| F|  |TAMS 0x00000000e7300000, 0x00000000e7300000| Untracked 
| 116|0x00000000e7400000, 0x00000000e7400000, 0x00000000e7500000|  0%| F|  |TAMS 0x00000000e7400000, 0x00000000e7400000| Untracked 
| 117|0x00000000e7500000, 0x00000000e7500000, 0x00000000e7600000|  0%| F|  |TAMS 0x00000000e7500000, 0x00000000e7500000| Untracked 
| 118|0x00000000e7600000, 0x00000000e7600000, 0x00000000e7700000|  0%| F|  |TAMS 0x00000000e7600000, 0x00000000e7600000| Untracked 
| 119|0x00000000e7700000, 0x00000000e7700000, 0x00000000e7800000|  0%| F|  |TAMS 0x00000000e7700000, 0x00000000e7700000| Untracked 
| 120|0x00000000e7800000, 0x00000000e7800000, 0x00000000e7900000|  0%| F|  |TAMS 0x00000000e7800000, 0x00000000e7800000| Untracked 
| 121|0x00000000e7900000, 0x00000000e7900000, 0x00000000e7a00000|  0%| F|  |TAMS 0x00000000e7900000, 0x00000000e7900000| Untracked 
| 122|0x00000000e7a00000, 0x00000000e7a00000, 0x00000000e7b00000|  0%| F|  |TAMS 0x00000000e7a00000, 0x00000000e7a00000| Untracked 
| 123|0x00000000e7b00000, 0x00000000e7b00000, 0x00000000e7c00000|  0%| F|  |TAMS 0x00000000e7b00000, 0x00000000e7b00000| Untracked 
| 124|0x00000000e7c00000, 0x00000000e7c00000, 0x00000000e7d00000|  0%| F|  |TAMS 0x00000000e7c00000, 0x00000000e7c00000| Untracked 
| 125|0x00000000e7d00000, 0x00000000e7d00000, 0x00000000e7e00000|  0%| F|  |TAMS 0x00000000e7d00000, 0x00000000e7d00000| Untracked 
| 126|0x00000000e7e00000, 0x00000000e7e00000, 0x00000000e7f00000|  0%| F|  |TAMS 0x00000000e7e00000, 0x00000000e7e00000| Untracked 
| 127|0x00000000e7f00000, 0x00000000e7f00000, 0x00000000e8000000|  0%| F|  |TAMS 0x00000000e7f00000, 0x00000000e7f00000| Untracked 
| 128|0x00000000e8000000, 0x00000000e8000000, 0x00000000e8100000|  0%| F|  |TAMS 0x00000000e8000000, 0x00000000e8000000| Untracked 
| 129|0x00000000e8100000, 0x00000000e8100000, 0x00000000e8200000|  0%| F|  |TAMS 0x00000000e8100000, 0x00000000e8100000| Untracked 
| 130|0x00000000e8200000, 0x00000000e8200000, 0x00000000e8300000|  0%| F|  |TAMS 0x00000000e8200000, 0x00000000e8200000| Untracked 
| 131|0x00000000e8300000, 0x00000000e8300000, 0x00000000e8400000|  0%| F|  |TAMS 0x00000000e8300000, 0x00000000e8300000| Untracked 
| 132|0x00000000e8400000, 0x00000000e8400000, 0x00000000e8500000|  0%| F|  |TAMS 0x00000000e8400000, 0x00000000e8400000| Untracked 
| 133|0x00000000e8500000, 0x00000000e8500000, 0x00000000e8600000|  0%| F|  |TAMS 0x00000000e8500000, 0x00000000e8500000| Untracked 
| 134|0x00000000e8600000, 0x00000000e8600000, 0x00000000e8700000|  0%| F|  |TAMS 0x00000000e8600000, 0x00000000e8600000| Untracked 
| 135|0x00000000e8700000, 0x00000000e8700000, 0x00000000e8800000|  0%| F|  |TAMS 0x00000000e8700000, 0x00000000e8700000| Untracked 
| 136|0x00000000e8800000, 0x00000000e8800000, 0x00000000e8900000|  0%| F|  |TAMS 0x00000000e8800000, 0x00000000e8800000| Untracked 
| 137|0x00000000e8900000, 0x00000000e8900000, 0x00000000e8a00000|  0%| F|  |TAMS 0x00000000e8900000, 0x00000000e8900000| Untracked 
| 138|0x00000000e8a00000, 0x00000000e8a00000, 0x00000000e8b00000|  0%| F|  |TAMS 0x00000000e8a00000, 0x00000000e8a00000| Untracked 
| 139|0x00000000e8b00000, 0x00000000e8b00000, 0x00000000e8c00000|  0%| F|  |TAMS 0x00000000e8b00000, 0x00000000e8b00000| Untracked 
| 140|0x00000000e8c00000, 0x00000000e8c00000, 0x00000000e8d00000|  0%| F|  |TAMS 0x00000000e8c00000, 0x00000000e8c00000| Untracked 
| 141|0x00000000e8d00000, 0x00000000e8d00000, 0x00000000e8e00000|  0%| F|  |TAMS 0x00000000e8d00000, 0x00000000e8d00000| Untracked 
| 142|0x00000000e8e00000, 0x00000000e8e00000, 0x00000000e8f00000|  0%| F|  |TAMS 0x00000000e8e00000, 0x00000000e8e00000| Untracked 
| 143|0x00000000e8f00000, 0x00000000e8f00000, 0x00000000e9000000|  0%| F|  |TAMS 0x00000000e8f00000, 0x00000000e8f00000| Untracked 
| 144|0x00000000e9000000, 0x00000000e9000000, 0x00000000e9100000|  0%| F|  |TAMS 0x00000000e9000000, 0x00000000e9000000| Untracked 
| 145|0x00000000e9100000, 0x00000000e9100000, 0x00000000e9200000|  0%| F|  |TAMS 0x00000000e9100000, 0x00000000e9100000| Untracked 
| 146|0x00000000e9200000, 0x00000000e9200000, 0x00000000e9300000|  0%| F|  |TAMS 0x00000000e9200000, 0x00000000e9200000| Untracked 
| 147|0x00000000e9300000, 0x00000000e9300000, 0x00000000e9400000|  0%| F|  |TAMS 0x00000000e9300000, 0x00000000e9300000| Untracked 
| 148|0x00000000e9400000, 0x00000000e9400000, 0x00000000e9500000|  0%| F|  |TAMS 0x00000000e9400000, 0x00000000e9400000| Untracked 
| 149|0x00000000e9500000, 0x00000000e9500000, 0x00000000e9600000|  0%| F|  |TAMS 0x00000000e9500000, 0x00000000e9500000| Untracked 
| 150|0x00000000e9600000, 0x00000000e9600000, 0x00000000e9700000|  0%| F|  |TAMS 0x00000000e9600000, 0x00000000e9600000| Untracked 
| 151|0x00000000e9700000, 0x00000000e9700000, 0x00000000e9800000|  0%| F|  |TAMS 0x00000000e9700000, 0x00000000e9700000| Untracked 
| 152|0x00000000e9800000, 0x00000000e9800000, 0x00000000e9900000|  0%| F|  |TAMS 0x00000000e9800000, 0x00000000e9800000| Untracked 
| 153|0x00000000e9900000, 0x00000000e9900000, 0x00000000e9a00000|  0%| F|  |TAMS 0x00000000e9900000, 0x00000000e9900000| Untracked 
| 154|0x00000000e9a00000, 0x00000000e9a00000, 0x00000000e9b00000|  0%| F|  |TAMS 0x00000000e9a00000, 0x00000000e9a00000| Untracked 
| 155|0x00000000e9b00000, 0x00000000e9b00000, 0x00000000e9c00000|  0%| F|  |TAMS 0x00000000e9b00000, 0x00000000e9b00000| Untracked 
| 156|0x00000000e9c00000, 0x00000000e9c00000, 0x00000000e9d00000|  0%| F|  |TAMS 0x00000000e9c00000, 0x00000000e9c00000| Untracked 
| 157|0x00000000e9d00000, 0x00000000e9d00000, 0x00000000e9e00000|  0%| F|  |TAMS 0x00000000e9d00000, 0x00000000e9d00000| Untracked 
| 158|0x00000000e9e00000, 0x00000000e9e00000, 0x00000000e9f00000|  0%| F|  |TAMS 0x00000000e9e00000, 0x00000000e9e00000| Untracked 
| 159|0x00000000e9f00000, 0x00000000e9f00000, 0x00000000ea000000|  0%| F|  |TAMS 0x00000000e9f00000, 0x00000000e9f00000| Untracked 
| 160|0x00000000ea000000, 0x00000000ea000000, 0x00000000ea100000|  0%| F|  |TAMS 0x00000000ea000000, 0x00000000ea000000| Untracked 
| 161|0x00000000ea100000, 0x00000000ea100000, 0x00000000ea200000|  0%| F|  |TAMS 0x00000000ea100000, 0x00000000ea100000| Untracked 
| 162|0x00000000ea200000, 0x00000000ea200000, 0x00000000ea300000|  0%| F|  |TAMS 0x00000000ea200000, 0x00000000ea200000| Untracked 
| 163|0x00000000ea300000, 0x00000000ea300000, 0x00000000ea400000|  0%| F|  |TAMS 0x00000000ea300000, 0x00000000ea300000| Untracked 
| 164|0x00000000ea400000, 0x00000000ea400000, 0x00000000ea500000|  0%| F|  |TAMS 0x00000000ea400000, 0x00000000ea400000| Untracked 
| 165|0x00000000ea500000, 0x00000000ea500000, 0x00000000ea600000|  0%| F|  |TAMS 0x00000000ea500000, 0x00000000ea500000| Untracked 
| 166|0x00000000ea600000, 0x00000000ea600000, 0x00000000ea700000|  0%| F|  |TAMS 0x00000000ea600000, 0x00000000ea600000| Untracked 
| 167|0x00000000ea700000, 0x00000000ea700000, 0x00000000ea800000|  0%| F|  |TAMS 0x00000000ea700000, 0x00000000ea700000| Untracked 
| 168|0x00000000ea800000, 0x00000000ea800000, 0x00000000ea900000|  0%| F|  |TAMS 0x00000000ea800000, 0x00000000ea800000| Untracked 
| 169|0x00000000ea900000, 0x00000000ea900000, 0x00000000eaa00000|  0%| F|  |TAMS 0x00000000ea900000, 0x00000000ea900000| Untracked 
| 170|0x00000000eaa00000, 0x00000000eaa00000, 0x00000000eab00000|  0%| F|  |TAMS 0x00000000eaa00000, 0x00000000eaa00000| Untracked 
| 171|0x00000000eab00000, 0x00000000eab00000, 0x00000000eac00000|  0%| F|  |TAMS 0x00000000eab00000, 0x00000000eab00000| Untracked 
| 172|0x00000000eac00000, 0x00000000eac00000, 0x00000000ead00000|  0%| F|  |TAMS 0x00000000eac00000, 0x00000000eac00000| Untracked 
| 173|0x00000000ead00000, 0x00000000ead00000, 0x00000000eae00000|  0%| F|  |TAMS 0x00000000ead00000, 0x00000000ead00000| Untracked 
| 174|0x00000000eae00000, 0x00000000eae00000, 0x00000000eaf00000|  0%| F|  |TAMS 0x00000000eae00000, 0x00000000eae00000| Untracked 
| 175|0x00000000eaf00000, 0x00000000eaf00000, 0x00000000eb000000|  0%| F|  |TAMS 0x00000000eaf00000, 0x00000000eaf00000| Untracked 
| 176|0x00000000eb000000, 0x00000000eb000000, 0x00000000eb100000|  0%| F|  |TAMS 0x00000000eb000000, 0x00000000eb000000| Untracked 
| 177|0x00000000eb100000, 0x00000000eb100000, 0x00000000eb200000|  0%| F|  |TAMS 0x00000000eb100000, 0x00000000eb100000| Untracked 
| 178|0x00000000eb200000, 0x00000000eb200000, 0x00000000eb300000|  0%| F|  |TAMS 0x00000000eb200000, 0x00000000eb200000| Untracked 
| 179|0x00000000eb300000, 0x00000000eb300000, 0x00000000eb400000|  0%| F|  |TAMS 0x00000000eb300000, 0x00000000eb300000| Untracked 
| 180|0x00000000eb400000, 0x00000000eb400000, 0x00000000eb500000|  0%| F|  |TAMS 0x00000000eb400000, 0x00000000eb400000| Untracked 
| 181|0x00000000eb500000, 0x00000000eb500000, 0x00000000eb600000|  0%| F|  |TAMS 0x00000000eb500000, 0x00000000eb500000| Untracked 
| 182|0x00000000eb600000, 0x00000000eb600000, 0x00000000eb700000|  0%| F|  |TAMS 0x00000000eb600000, 0x00000000eb600000| Untracked 
| 183|0x00000000eb700000, 0x00000000eb700000, 0x00000000eb800000|  0%| F|  |TAMS 0x00000000eb700000, 0x00000000eb700000| Untracked 
| 184|0x00000000eb800000, 0x00000000eb800000, 0x00000000eb900000|  0%| F|  |TAMS 0x00000000eb800000, 0x00000000eb800000| Untracked 
| 185|0x00000000eb900000, 0x00000000eb900000, 0x00000000eba00000|  0%| F|  |TAMS 0x00000000eb900000, 0x00000000eb900000| Untracked 
| 186|0x00000000eba00000, 0x00000000eba00000, 0x00000000ebb00000|  0%| F|  |TAMS 0x00000000eba00000, 0x00000000eba00000| Untracked 
| 187|0x00000000ebb00000, 0x00000000ebb00000, 0x00000000ebc00000|  0%| F|  |TAMS 0x00000000ebb00000, 0x00000000ebb00000| Untracked 
| 188|0x00000000ebc00000, 0x00000000ebc00000, 0x00000000ebd00000|  0%| F|  |TAMS 0x00000000ebc00000, 0x00000000ebc00000| Untracked 
| 189|0x00000000ebd00000, 0x00000000ebd00000, 0x00000000ebe00000|  0%| F|  |TAMS 0x00000000ebd00000, 0x00000000ebd00000| Untracked 
| 190|0x00000000ebe00000, 0x00000000ebe00000, 0x00000000ebf00000|  0%| F|  |TAMS 0x00000000ebe00000, 0x00000000ebe00000| Untracked 
| 191|0x00000000ebf00000, 0x00000000ebf00000, 0x00000000ec000000|  0%| F|  |TAMS 0x00000000ebf00000, 0x00000000ebf00000| Untracked 
| 192|0x00000000ec000000, 0x00000000ec000000, 0x00000000ec100000|  0%| F|  |TAMS 0x00000000ec000000, 0x00000000ec000000| Untracked 
| 193|0x00000000ec100000, 0x00000000ec100000, 0x00000000ec200000|  0%| F|  |TAMS 0x00000000ec100000, 0x00000000ec100000| Untracked 
| 194|0x00000000ec200000, 0x00000000ec200000, 0x00000000ec300000|  0%| F|  |TAMS 0x00000000ec200000, 0x00000000ec200000| Untracked 
| 195|0x00000000ec300000, 0x00000000ec300000, 0x00000000ec400000|  0%| F|  |TAMS 0x00000000ec300000, 0x00000000ec300000| Untracked 
| 196|0x00000000ec400000, 0x00000000ec400000, 0x00000000ec500000|  0%| F|  |TAMS 0x00000000ec400000, 0x00000000ec400000| Untracked 
| 197|0x00000000ec500000, 0x00000000ec500000, 0x00000000ec600000|  0%| F|  |TAMS 0x00000000ec500000, 0x00000000ec500000| Untracked 
| 198|0x00000000ec600000, 0x00000000ec600000, 0x00000000ec700000|  0%| F|  |TAMS 0x00000000ec600000, 0x00000000ec600000| Untracked 
| 199|0x00000000ec700000, 0x00000000ec700000, 0x00000000ec800000|  0%| F|  |TAMS 0x00000000ec700000, 0x00000000ec700000| Untracked 
| 200|0x00000000ec800000, 0x00000000ec800000, 0x00000000ec900000|  0%| F|  |TAMS 0x00000000ec800000, 0x00000000ec800000| Untracked 
| 201|0x00000000ec900000, 0x00000000ec900000, 0x00000000eca00000|  0%| F|  |TAMS 0x00000000ec900000, 0x00000000ec900000| Untracked 
| 202|0x00000000eca00000, 0x00000000eca00000, 0x00000000ecb00000|  0%| F|  |TAMS 0x00000000eca00000, 0x00000000eca00000| Untracked 
| 203|0x00000000ecb00000, 0x00000000ecb00000, 0x00000000ecc00000|  0%| F|  |TAMS 0x00000000ecb00000, 0x00000000ecb00000| Untracked 
| 204|0x00000000ecc00000, 0x00000000ecc00000, 0x00000000ecd00000|  0%| F|  |TAMS 0x00000000ecc00000, 0x00000000ecc00000| Untracked 
| 205|0x00000000ecd00000, 0x00000000ecd00000, 0x00000000ece00000|  0%| F|  |TAMS 0x00000000ecd00000, 0x00000000ecd00000| Untracked 
| 206|0x00000000ece00000, 0x00000000ece00000, 0x00000000ecf00000|  0%| F|  |TAMS 0x00000000ece00000, 0x00000000ece00000| Untracked 
| 207|0x00000000ecf00000, 0x00000000ecf00000, 0x00000000ed000000|  0%| F|  |TAMS 0x00000000ecf00000, 0x00000000ecf00000| Untracked 
| 208|0x00000000ed000000, 0x00000000ed000000, 0x00000000ed100000|  0%| F|  |TAMS 0x00000000ed000000, 0x00000000ed000000| Untracked 
| 209|0x00000000ed100000, 0x00000000ed100000, 0x00000000ed200000|  0%| F|  |TAMS 0x00000000ed100000, 0x00000000ed100000| Untracked 
| 210|0x00000000ed200000, 0x00000000ed200000, 0x00000000ed300000|  0%| F|  |TAMS 0x00000000ed200000, 0x00000000ed200000| Untracked 
| 211|0x00000000ed300000, 0x00000000ed300000, 0x00000000ed400000|  0%| F|  |TAMS 0x00000000ed300000, 0x00000000ed300000| Untracked 
| 212|0x00000000ed400000, 0x00000000ed400000, 0x00000000ed500000|  0%| F|  |TAMS 0x00000000ed400000, 0x00000000ed400000| Untracked 
| 213|0x00000000ed500000, 0x00000000ed582238, 0x00000000ed600000| 50%| S|CS|TAMS 0x00000000ed500000, 0x00000000ed500000| Complete 
| 214|0x00000000ed600000, 0x00000000ed700000, 0x00000000ed700000|100%| S|CS|TAMS 0x00000000ed600000, 0x00000000ed600000| Complete 
| 215|0x00000000ed700000, 0x00000000ed700000, 0x00000000ed800000|  0%| F|  |TAMS 0x00000000ed700000, 0x00000000ed700000| Untracked 
| 216|0x00000000ed800000, 0x00000000ed800000, 0x00000000ed900000|  0%| F|  |TAMS 0x00000000ed800000, 0x00000000ed800000| Untracked 
| 217|0x00000000ed900000, 0x00000000ed900000, 0x00000000eda00000|  0%| F|  |TAMS 0x00000000ed900000, 0x00000000ed900000| Untracked 
| 218|0x00000000eda00000, 0x00000000eda00000, 0x00000000edb00000|  0%| F|  |TAMS 0x00000000eda00000, 0x00000000eda00000| Untracked 
| 219|0x00000000edb00000, 0x00000000edb00000, 0x00000000edc00000|  0%| F|  |TAMS 0x00000000edb00000, 0x00000000edb00000| Untracked 
| 220|0x00000000edc00000, 0x00000000edc00000, 0x00000000edd00000|  0%| F|  |TAMS 0x00000000edc00000, 0x00000000edc00000| Untracked 
| 221|0x00000000edd00000, 0x00000000edd00000, 0x00000000ede00000|  0%| F|  |TAMS 0x00000000edd00000, 0x00000000edd00000| Untracked 
| 222|0x00000000ede00000, 0x00000000ede00000, 0x00000000edf00000|  0%| F|  |TAMS 0x00000000ede00000, 0x00000000ede00000| Untracked 
| 223|0x00000000edf00000, 0x00000000edf00000, 0x00000000ee000000|  0%| F|  |TAMS 0x00000000edf00000, 0x00000000edf00000| Untracked 
| 224|0x00000000ee000000, 0x00000000ee000000, 0x00000000ee100000|  0%| F|  |TAMS 0x00000000ee000000, 0x00000000ee000000| Untracked 
| 225|0x00000000ee100000, 0x00000000ee100000, 0x00000000ee200000|  0%| F|  |TAMS 0x00000000ee100000, 0x00000000ee100000| Untracked 
| 226|0x00000000ee200000, 0x00000000ee200000, 0x00000000ee300000|  0%| F|  |TAMS 0x00000000ee200000, 0x00000000ee200000| Untracked 
| 227|0x00000000ee300000, 0x00000000ee300000, 0x00000000ee400000|  0%| F|  |TAMS 0x00000000ee300000, 0x00000000ee300000| Untracked 
| 228|0x00000000ee400000, 0x00000000ee400000, 0x00000000ee500000|  0%| F|  |TAMS 0x00000000ee400000, 0x00000000ee400000| Untracked 
| 229|0x00000000ee500000, 0x00000000ee500000, 0x00000000ee600000|  0%| F|  |TAMS 0x00000000ee500000, 0x00000000ee500000| Untracked 
| 230|0x00000000ee600000, 0x00000000ee600000, 0x00000000ee700000|  0%| F|  |TAMS 0x00000000ee600000, 0x00000000ee600000| Untracked 
| 231|0x00000000ee700000, 0x00000000ee700000, 0x00000000ee800000|  0%| F|  |TAMS 0x00000000ee700000, 0x00000000ee700000| Untracked 
| 232|0x00000000ee800000, 0x00000000ee800000, 0x00000000ee900000|  0%| F|  |TAMS 0x00000000ee800000, 0x00000000ee800000| Untracked 
| 233|0x00000000ee900000, 0x00000000ee900000, 0x00000000eea00000|  0%| F|  |TAMS 0x00000000ee900000, 0x00000000ee900000| Untracked 
| 234|0x00000000eea00000, 0x00000000eea00000, 0x00000000eeb00000|  0%| F|  |TAMS 0x00000000eea00000, 0x00000000eea00000| Untracked 
| 235|0x00000000eeb00000, 0x00000000eeb00000, 0x00000000eec00000|  0%| F|  |TAMS 0x00000000eeb00000, 0x00000000eeb00000| Untracked 
| 236|0x00000000eec00000, 0x00000000eec00000, 0x00000000eed00000|  0%| F|  |TAMS 0x00000000eec00000, 0x00000000eec00000| Untracked 
| 237|0x00000000eed00000, 0x00000000eed00000, 0x00000000eee00000|  0%| F|  |TAMS 0x00000000eed00000, 0x00000000eed00000| Untracked 
| 238|0x00000000eee00000, 0x00000000eee00000, 0x00000000eef00000|  0%| F|  |TAMS 0x00000000eee00000, 0x00000000eee00000| Untracked 
| 239|0x00000000eef00000, 0x00000000eef00000, 0x00000000ef000000|  0%| F|  |TAMS 0x00000000eef00000, 0x00000000eef00000| Untracked 
| 240|0x00000000ef000000, 0x00000000ef000000, 0x00000000ef100000|  0%| F|  |TAMS 0x00000000ef000000, 0x00000000ef000000| Untracked 
| 241|0x00000000ef100000, 0x00000000ef100000, 0x00000000ef200000|  0%| F|  |TAMS 0x00000000ef100000, 0x00000000ef100000| Untracked 
| 242|0x00000000ef200000, 0x00000000ef200000, 0x00000000ef300000|  0%| F|  |TAMS 0x00000000ef200000, 0x00000000ef200000| Untracked 
| 243|0x00000000ef300000, 0x00000000ef300000, 0x00000000ef400000|  0%| F|  |TAMS 0x00000000ef300000, 0x00000000ef300000| Untracked 
| 244|0x00000000ef400000, 0x00000000ef400000, 0x00000000ef500000|  0%| F|  |TAMS 0x00000000ef400000, 0x00000000ef400000| Untracked 
| 245|0x00000000ef500000, 0x00000000ef500000, 0x00000000ef600000|  0%| F|  |TAMS 0x00000000ef500000, 0x00000000ef500000| Untracked 
| 246|0x00000000ef600000, 0x00000000ef600000, 0x00000000ef700000|  0%| F|  |TAMS 0x00000000ef600000, 0x00000000ef600000| Untracked 
| 247|0x00000000ef700000, 0x00000000ef700000, 0x00000000ef800000|  0%| F|  |TAMS 0x00000000ef700000, 0x00000000ef700000| Untracked 
| 248|0x00000000ef800000, 0x00000000ef800000, 0x00000000ef900000|  0%| F|  |TAMS 0x00000000ef800000, 0x00000000ef800000| Untracked 
| 249|0x00000000ef900000, 0x00000000ef980800, 0x00000000efa00000| 50%| E|  |TAMS 0x00000000ef900000, 0x00000000ef900000| Complete 
| 250|0x00000000efa00000, 0x00000000efb00000, 0x00000000efb00000|100%| E|CS|TAMS 0x00000000efa00000, 0x00000000efa00000| Complete 
| 251|0x00000000efb00000, 0x00000000efc00000, 0x00000000efc00000|100%| E|CS|TAMS 0x00000000efb00000, 0x00000000efb00000| Complete 
| 252|0x00000000efc00000, 0x00000000efd00000, 0x00000000efd00000|100%| E|CS|TAMS 0x00000000efc00000, 0x00000000efc00000| Complete 
| 253|0x00000000efd00000, 0x00000000efe00000, 0x00000000efe00000|100%| E|CS|TAMS 0x00000000efd00000, 0x00000000efd00000| Complete 
| 254|0x00000000efe00000, 0x00000000eff00000, 0x00000000eff00000|100%| E|CS|TAMS 0x00000000efe00000, 0x00000000efe00000| Complete 
| 255|0x00000000eff00000, 0x00000000f0000000, 0x00000000f0000000|100%| E|CS|TAMS 0x00000000eff00000, 0x00000000eff00000| Complete 

Card table byte_map: [0x000001334c770000,0x000001334c870000] _byte_map_base: 0x000001334c070000

Marking Bits (Prev, Next): (CMBitMap*) 0x0000013335ac2200, (CMBitMap*) 0x0000013335ac21c0
 Prev Bits: [0x000001334d170000, 0x000001334d970000)
 Next Bits: [0x000001334c970000, 0x000001334d170000)

Polling page: 0x0000013335260000

Metaspace:

Usage:
  Non-class:     50.37 MB used.
      Class:      8.38 MB used.
       Both:     58.75 MB used.

Virtual space:
  Non-class space:       64.00 MB reserved,      50.69 MB ( 79%) committed,  1 nodes.
      Class space:      320.00 MB reserved,       8.69 MB (  3%) committed,  1 nodes.
             Both:      384.00 MB reserved,      59.38 MB ( 15%) committed. 

Chunk freelists:
   Non-Class:  12.39 MB
       Class:  7.36 MB
        Both:  19.75 MB

MaxMetaspaceSize: 384.00 MB
CompressedClassSpaceSize: 320.00 MB
Initial GC threshold: 21.00 MB
Current GC threshold: 99.00 MB
CDS: on
MetaspaceReclaimPolicy: balanced
 - commit_granule_bytes: 65536.
 - commit_granule_words: 8192.
 - virtual_space_node_default_size: 8388608.
 - enlarge_chunks_in_place: 1.
 - new_chunks_are_fully_committed: 0.
 - uncommit_free_chunks: 1.
 - use_allocation_guard: 0.
 - handle_deallocations: 1.


Internal statistics:

num_allocs_failed_limit: 12.
num_arena_births: 718.
num_arena_deaths: 0.
num_vsnodes_births: 2.
num_vsnodes_deaths: 0.
num_space_committed: 949.
num_space_uncommitted: 0.
num_chunks_returned_to_freelist: 12.
num_chunks_taken_from_freelist: 2939.
num_chunk_merges: 9.
num_chunk_splits: 2083.
num_chunks_enlarged: 1562.
num_inconsistent_stats: 0.

CodeHeap 'non-profiled nmethods': size=120000Kb used=2647Kb max_used=3172Kb free=117352Kb
 bounds [0x0000013344e10000, 0x0000013345130000, 0x000001334c340000]
CodeHeap 'profiled nmethods': size=120000Kb used=8469Kb max_used=9809Kb free=111530Kb
 bounds [0x000001333d340000, 0x000001333dce0000, 0x0000013344870000]
CodeHeap 'non-nmethods': size=5760Kb used=2359Kb max_used=2374Kb free=3400Kb
 bounds [0x0000013344870000, 0x0000013344ae0000, 0x0000013344e10000]
 total_blobs=5140 nmethods=4270 adapters=781
 compilation: enabled
              stopped_count=0, restarted_count=0
 full_count=0

Compilation events (20 events):
Event: 8.097 Thread 0x00000133503aada0 5029       3       org.jetbrains.kotlin.com.intellij.openapi.util.text.StringUtil::trimLeading (49 bytes)
Event: 8.098 Thread 0x00000133503aada0 nmethod 5029 0x000001333d45c710 code [0x000001333d45c980, 0x000001333d45d3a8]
Event: 8.098 Thread 0x00000133503aada0 5019       3       org.jetbrains.kotlin.com.intellij.openapi.util.Pair::<init> (15 bytes)
Event: 8.098 Thread 0x00000133503aada0 nmethod 5019 0x000001333d7bf810 code [0x000001333d7bf9c0, 0x000001333d7bfbd8]
Event: 8.098 Thread 0x00000133503aada0 5023       3       org.jetbrains.kotlin.com.intellij.openapi.vfs.impl.ZipEntryMap::put (13 bytes)
Event: 8.099 Thread 0x00000133503aada0 nmethod 5023 0x000001333d91c790 code [0x000001333d91c940, 0x000001333d91cc68]
Event: 8.099 Thread 0x00000133503aada0 5024       3       org.jetbrains.kotlin.com.intellij.openapi.vfs.impl.ZipEntryMap::put (47 bytes)
Event: 8.099 Thread 0x00000133503aada0 nmethod 5024 0x000001333d91c210 code [0x000001333d91c3c0, 0x000001333d91c618]
Event: 8.099 Thread 0x00000133503aada0 5027       3       org.jetbrains.kotlin.com.intellij.openapi.vfs.impl.ArchiveHandler::processEntry (225 bytes)
Event: 8.101 Thread 0x00000133503aada0 nmethod 5027 0x000001333d377c10 code [0x000001333d378160, 0x000001333d37a8d8]
Event: 8.101 Thread 0x00000133503aada0 5028       3       org.jetbrains.kotlin.com.intellij.openapi.vfs.impl.ArchiveHandler::normalizeName (33 bytes)
Event: 8.102 Thread 0x00000133503aada0 nmethod 5028 0x000001333d50e890 code [0x000001333d50ea60, 0x000001333d50ece8]
Event: 8.102 Thread 0x00000133503aada0 5031       3       org.jetbrains.kotlin.com.intellij.openapi.vfs.impl.ArchiveHandler::split (49 bytes)
Event: 8.102 Thread 0x00000133503aada0 nmethod 5031 0x000001333d8f8110 code [0x000001333d8f8360, 0x000001333d8f8c58]
Event: 8.102 Thread 0x00000133503aada0 5020       3       org.jetbrains.kotlin.com.intellij.openapi.vfs.impl.ZipHandlerBase$$Lambda$888/0x00000133528a1dd8::<init> (15 bytes)
Event: 8.103 Thread 0x00000133503aada0 nmethod 5020 0x000001333d91bd10 code [0x000001333d91bec0, 0x000001333d91c0d8]
Event: 8.103 Thread 0x00000133503aada0 5026       3       org.jetbrains.kotlin.com.intellij.openapi.vfs.impl.ZipHandlerBase$$Lambda$888/0x00000133528a1dd8::apply (20 bytes)
Event: 8.103 Thread 0x00000133503aada0 nmethod 5026 0x000001333d50e290 code [0x000001333d50e440, 0x000001333d50e788]
Event: 8.103 Thread 0x00000133503aada0 5033       3       org.jetbrains.kotlin.com.intellij.openapi.vfs.impl.ZipHandlerBase::lambda$buildEntryMapForZipFile$0 (36 bytes)
Event: 8.103 Thread 0x00000133503aada0 nmethod 5033 0x000001333da60190 code [0x000001333da60340, 0x000001333da60768]

GC Heap History (18 events):
Event: 0.668 GC heap before
{Heap before GC invocations=0 (full 0):
 garbage-first heap   total 262144K, used 26624K [0x00000000e0000000, 0x0000000100000000)
  region size 1024K, 23 young (23552K), 0 survivors (0K)
 Metaspace       used 3020K, committed 3200K, reserved 393216K
  class space    used 383K, committed 448K, reserved 327680K
}
Event: 0.672 GC heap after
{Heap after GC invocations=1 (full 0):
 garbage-first heap   total 262144K, used 10507K [0x00000000e0000000, 0x0000000100000000)
  region size 1024K, 3 young (3072K), 3 survivors (3072K)
 Metaspace       used 3020K, committed 3200K, reserved 393216K
  class space    used 383K, committed 448K, reserved 327680K
}
Event: 1.111 GC heap before
{Heap before GC invocations=1 (full 0):
 garbage-first heap   total 262144K, used 38155K [0x00000000e0000000, 0x0000000100000000)
  region size 1024K, 30 young (30720K), 3 survivors (3072K)
 Metaspace       used 3991K, committed 4160K, reserved 393216K
  class space    used 490K, committed 576K, reserved 327680K
}
Event: 1.113 GC heap after
{Heap after GC invocations=2 (full 0):
 garbage-first heap   total 262144K, used 11437K [0x00000000e0000000, 0x0000000100000000)
  region size 1024K, 1 young (1024K), 1 survivors (1024K)
 Metaspace       used 3991K, committed 4160K, reserved 393216K
  class space    used 490K, committed 576K, reserved 327680K
}
Event: 3.274 GC heap before
{Heap before GC invocations=2 (full 0):
 garbage-first heap   total 262144K, used 129197K [0x00000000e0000000, 0x0000000100000000)
  region size 1024K, 117 young (119808K), 1 survivors (1024K)
 Metaspace       used 21233K, committed 21504K, reserved 393216K
  class space    used 3124K, committed 3264K, reserved 327680K
}
Event: 3.282 GC heap after
{Heap after GC invocations=3 (full 0):
 garbage-first heap   total 262144K, used 23036K [0x00000000e0000000, 0x0000000100000000)
  region size 1024K, 13 young (13312K), 13 survivors (13312K)
 Metaspace       used 21233K, committed 21504K, reserved 393216K
  class space    used 3124K, committed 3264K, reserved 327680K
}
Event: 5.227 GC heap before
{Heap before GC invocations=4 (full 0):
 garbage-first heap   total 262144K, used 136700K [0x00000000e0000000, 0x0000000100000000)
  region size 1024K, 121 young (123904K), 13 survivors (13312K)
 Metaspace       used 35591K, committed 35968K, reserved 393216K
  class space    used 4945K, committed 5120K, reserved 327680K
}
Event: 5.238 GC heap after
{Heap after GC invocations=5 (full 0):
 garbage-first heap   total 262144K, used 32124K [0x00000000e0000000, 0x0000000100000000)
  region size 1024K, 10 young (10240K), 10 survivors (10240K)
 Metaspace       used 35591K, committed 35968K, reserved 393216K
  class space    used 4945K, committed 5120K, reserved 327680K
}
Event: 5.265 GC heap before
{Heap before GC invocations=5 (full 0):
 garbage-first heap   total 262144K, used 34172K [0x00000000e0000000, 0x0000000100000000)
  region size 1024K, 12 young (12288K), 10 survivors (10240K)
 Metaspace       used 35677K, committed 36096K, reserved 393216K
  class space    used 4955K, committed 5184K, reserved 327680K
}
Event: 5.273 GC heap after
{Heap after GC invocations=6 (full 0):
 garbage-first heap   total 262144K, used 32257K [0x00000000e0000000, 0x0000000100000000)
  region size 1024K, 2 young (2048K), 2 survivors (2048K)
 Metaspace       used 35677K, committed 36096K, reserved 393216K
  class space    used 4955K, committed 5184K, reserved 327680K
}
Event: 5.303 GC heap before
{Heap before GC invocations=6 (full 0):
 garbage-first heap   total 262144K, used 33281K [0x00000000e0000000, 0x0000000100000000)
  region size 1024K, 4 young (4096K), 2 survivors (2048K)
 Metaspace       used 35948K, committed 36288K, reserved 393216K
  class space    used 4995K, committed 5184K, reserved 327680K
}
Event: 5.304 GC heap after
{Heap after GC invocations=7 (full 0):
 garbage-first heap   total 262144K, used 31488K [0x00000000e0000000, 0x0000000100000000)
  region size 1024K, 1 young (1024K), 1 survivors (1024K)
 Metaspace       used 35948K, committed 36288K, reserved 393216K
  class space    used 4995K, committed 5184K, reserved 327680K
}
Event: 7.453 GC heap before
{Heap before GC invocations=8 (full 0):
 garbage-first heap   total 262144K, used 187136K [0x00000000e0000000, 0x0000000100000000)
  region size 1024K, 152 young (155648K), 1 survivors (1024K)
 Metaspace       used 53583K, committed 54144K, reserved 393216K
  class space    used 7792K, committed 8064K, reserved 327680K
}
Event: 7.460 GC heap after
{Heap after GC invocations=9 (full 0):
 garbage-first heap   total 262144K, used 37094K [0x00000000e0000000, 0x0000000100000000)
  region size 1024K, 7 young (7168K), 7 survivors (7168K)
 Metaspace       used 53583K, committed 54144K, reserved 393216K
  class space    used 7792K, committed 8064K, reserved 327680K
}
Event: 7.541 GC heap before
{Heap before GC invocations=9 (full 0):
 garbage-first heap   total 262144K, used 42214K [0x00000000e0000000, 0x0000000100000000)
  region size 1024K, 12 young (12288K), 7 survivors (7168K)
 Metaspace       used 54347K, committed 54976K, reserved 393216K
  class space    used 7870K, committed 8192K, reserved 327680K
}
Event: 7.545 GC heap after
{Heap after GC invocations=10 (full 0):
 garbage-first heap   total 262144K, used 37679K [0x00000000e0000000, 0x0000000100000000)
  region size 1024K, 1 young (1024K), 1 survivors (1024K)
 Metaspace       used 54347K, committed 54976K, reserved 393216K
  class space    used 7870K, committed 8192K, reserved 327680K
}
Event: 8.093 GC heap before
{Heap before GC invocations=10 (full 0):
 garbage-first heap   total 262144K, used 84783K [0x00000000e0000000, 0x0000000100000000)
  region size 1024K, 41 young (41984K), 1 survivors (1024K)
 Metaspace       used 60066K, committed 60672K, reserved 393216K
  class space    used 8582K, committed 8896K, reserved 327680K
}
Event: 8.095 GC heap after
{Heap after GC invocations=11 (full 0):
 garbage-first heap   total 262144K, used 45473K [0x00000000e0000000, 0x0000000100000000)
  region size 1024K, 2 young (2048K), 2 survivors (2048K)
 Metaspace       used 60066K, committed 60672K, reserved 393216K
  class space    used 8582K, committed 8896K, reserved 327680K
}

Deoptimization events (20 events):
Event: 7.579 Thread 0x000001336b5858e0 DEOPT PACKING pc=0x0000013344fd26d8 sp=0x00000007d8ff38d0
Event: 7.579 Thread 0x000001336b5858e0 DEOPT UNPACKING pc=0x00000133448c5ba3 sp=0x00000007d8ff3850 mode 2
Event: 7.663 Thread 0x000001336b5858e0 DEOPT PACKING pc=0x000001333d72aaa3 sp=0x00000007d8ff39c0
Event: 7.663 Thread 0x000001336b5858e0 DEOPT UNPACKING pc=0x00000133448c66e3 sp=0x00000007d8ff2e30 mode 0
Event: 7.932 Thread 0x000001336b5849b0 DEOPT PACKING pc=0x000001333dc2ceac sp=0x00000007d92ff600
Event: 7.932 Thread 0x000001336b5849b0 DEOPT UNPACKING pc=0x00000133448c66e3 sp=0x00000007d92feb28 mode 0
Event: 8.037 Thread 0x000001336b5858e0 Uncommon trap: trap_request=0xffffff45 fr.pc=0x0000013344ea61fc relative=0x00000000000001dc
Event: 8.037 Thread 0x000001336b5858e0 Uncommon trap: reason=unstable_if action=reinterpret pc=0x0000013344ea61fc method=java.net.URI.match(CJJ)Z @ 19 c2
Event: 8.037 Thread 0x000001336b5858e0 DEOPT PACKING pc=0x0000013344ea61fc sp=0x00000007d8ff4ab0
Event: 8.037 Thread 0x000001336b5858e0 DEOPT UNPACKING pc=0x00000133448c5ba3 sp=0x00000007d8ff49a0 mode 2
Event: 8.037 Thread 0x000001336b5858e0 Uncommon trap: trap_request=0xffffff45 fr.pc=0x00000133450c668c relative=0x00000000000001ec
Event: 8.037 Thread 0x000001336b5858e0 Uncommon trap: reason=unstable_if action=reinterpret pc=0x00000133450c668c method=java.net.URI$Parser.scan(IIJJ)I @ 42 c2
Event: 8.037 Thread 0x000001336b5858e0 DEOPT PACKING pc=0x00000133450c668c sp=0x00000007d8ff4910
Event: 8.037 Thread 0x000001336b5858e0 DEOPT UNPACKING pc=0x00000133448c5ba3 sp=0x00000007d8ff4890 mode 2
Event: 8.064 Thread 0x000001336b5858e0 Uncommon trap: trap_request=0xffffff45 fr.pc=0x0000013344f47238 relative=0x00000000000000b8
Event: 8.064 Thread 0x000001336b5858e0 Uncommon trap: reason=unstable_if action=reinterpret pc=0x0000013344f47238 method=java.lang.ref.SoftReference.get()Ljava/lang/Object; @ 6 c2
Event: 8.064 Thread 0x000001336b5858e0 DEOPT PACKING pc=0x0000013344f47238 sp=0x00000007d8ff5180
Event: 8.064 Thread 0x000001336b5858e0 DEOPT UNPACKING pc=0x00000133448c5ba3 sp=0x00000007d8ff5138 mode 2
Event: 8.078 Thread 0x000001336b5858e0 DEOPT PACKING pc=0x000001333d40ffbd sp=0x00000007d8ff49d0
Event: 8.078 Thread 0x000001336b5858e0 DEOPT UNPACKING pc=0x00000133448c66e3 sp=0x00000007d8ff3e68 mode 0

Classes unloaded (0 events):
No events

Classes redefined (0 events):
No events

Internal exceptions (20 events):
Event: 6.371 Thread 0x000001336b5858e0 Exception <a 'java/lang/NoSuchMethodError'{0x00000000eb687728}: 'java.lang.Object java.lang.invoke.DirectMethodHandle$Holder.invokeStatic(java.lang.Object, java.lang.Object, java.lang.Object, java.lang.Object, java.lang.Object, java.lang.Object, java.lang.Object, java.lang.Object, java.lang.Object, java.lang.Object, java.lang.Object, java.lang.Object, java.lang.Object, java.lang.Object, java.lang.Object, java.lang.Object, java.lang.Object, java.lang.Object, java.lang.Object, java.lang.Object, java.lang.Obj
Event: 6.419 Thread 0x000001336b5858e0 Exception <a 'java/lang/IncompatibleClassChangeError'{0x00000000eb35a350}: Found class java.lang.Object, but interface was expected> (0x00000000eb35a350) 
thrown [s\open\src\hotspot\share\interpreter\linkResolver.cpp, line 826]
Event: 6.435 Thread 0x000001336b5858e0 Exception <a 'java/lang/NoSuchMethodError'{0x00000000eb24ae28}: 'void java.lang.invoke.DirectMethodHandle$Holder.invokeVirtual(java.lang.Object, java.lang.Object)'> (0x00000000eb24ae28) 
thrown [s\open\src\hotspot\share\interpreter\linkResolver.cpp, line 759]
Event: 6.471 Thread 0x000001336b5858e0 Exception <a 'java/lang/NoSuchMethodError'{0x00000000eb0626c8}: 'java.lang.Object java.lang.invoke.DirectMethodHandle$Holder.invokeStaticInit(java.lang.Object, int)'> (0x00000000eb0626c8) 
thrown [s\open\src\hotspot\share\interpreter\linkResolver.cpp, line 759]
Event: 6.977 Thread 0x000001336b5858e0 Implicit null exception at 0x0000013344e50af2 to 0x0000013344e51134
Event: 7.054 Thread 0x000001336b5858e0 Implicit null exception at 0x0000013344e6be72 to 0x0000013344e6c4c8
Event: 7.179 Thread 0x000001336b5858e0 Exception <a 'sun/nio/fs/WindowsException'{0x00000000e7a57ee0}> (0x00000000e7a57ee0) 
thrown [s\open\src\hotspot\share\prims\jni.cpp, line 516]
Event: 7.179 Thread 0x000001336b5858e0 Exception <a 'sun/nio/fs/WindowsException'{0x00000000e7a59c40}> (0x00000000e7a59c40) 
thrown [s\open\src\hotspot\share\prims\jni.cpp, line 516]
Event: 7.309 Thread 0x000001336b5858e0 Exception <a 'java/lang/NoSuchMethodError'{0x00000000e70f6fa0}: 'long java.lang.invoke.DirectMethodHandle$Holder.invokeStatic(java.lang.Object)'> (0x00000000e70f6fa0) 
thrown [s\open\src\hotspot\share\interpreter\linkResolver.cpp, line 759]
Event: 7.310 Thread 0x000001336b5858e0 Exception <a 'java/lang/NoSuchMethodError'{0x00000000e70fbde8}: 'long java.lang.invoke.DirectMethodHandle$Holder.invokeStaticInit(java.lang.Object)'> (0x00000000e70fbde8) 
thrown [s\open\src\hotspot\share\interpreter\linkResolver.cpp, line 759]
Event: 7.391 Thread 0x000001336b5858e0 Exception <a 'java/lang/NoSuchMethodError'{0x00000000e6a47888}: 'long java.lang.invoke.Invokers$Holder.invoke_MT(java.lang.Object, java.lang.Object, java.lang.Object, java.lang.Object)'> (0x00000000e6a47888) 
thrown [s\open\src\hotspot\share\interpreter\linkResolver.cpp, line 759]
Event: 7.392 Thread 0x000001336b5858e0 Exception <a 'java/lang/NoSuchMethodError'{0x00000000e6a50ed8}: 'int java.lang.invoke.Invokers$Holder.invoke_MT(java.lang.Object, java.lang.Object, java.lang.Object, java.lang.Object)'> (0x00000000e6a50ed8) 
thrown [s\open\src\hotspot\share\interpreter\linkResolver.cpp, line 759]
Event: 7.393 Thread 0x000001336b5858e0 Exception <a 'java/lang/NoSuchMethodError'{0x00000000e6a619a8}: 'void java.lang.invoke.DelegatingMethodHandle$Holder.reinvoke_L(java.lang.Object, java.lang.Object, java.lang.Object, long, java.lang.Object)'> (0x00000000e6a619a8) 
thrown [s\open\src\hotspot\share\interpreter\linkResolver.cpp, line 759]
Event: 7.394 Thread 0x000001336b5858e0 Exception <a 'java/lang/NoSuchMethodError'{0x00000000e6a6a580}: 'java.lang.Object java.lang.invoke.DirectMethodHandle$Holder.invokeSpecial(java.lang.Object, java.lang.Object, java.lang.Object, java.lang.Object, long)'> (0x00000000e6a6a580) 
thrown [s\open\src\hotspot\share\interpreter\linkResolver.cpp, line 759]
Event: 7.395 Thread 0x000001336b5858e0 Exception <a 'java/lang/NoSuchMethodError'{0x00000000e6a7af20}: 'int java.lang.invoke.DelegatingMethodHandle$Holder.reinvoke_L(java.lang.Object, java.lang.Object, java.lang.Object, long, java.lang.Object, java.lang.Object)'> (0x00000000e6a7af20) 
thrown [s\open\src\hotspot\share\interpreter\linkResolver.cpp, line 759]
Event: 7.396 Thread 0x000001336b5858e0 Exception <a 'java/lang/NoSuchMethodError'{0x00000000e6a8b208}: 'int java.lang.invoke.DelegatingMethodHandle$Holder.reinvoke_L(java.lang.Object, java.lang.Object, java.lang.Object, long, int, int)'> (0x00000000e6a8b208) 
thrown [s\open\src\hotspot\share\interpreter\linkResolver.cpp, line 759]
Event: 7.397 Thread 0x000001336b5858e0 Exception <a 'java/lang/NoSuchMethodError'{0x00000000e6a9b4e0}: 'int java.lang.invoke.DelegatingMethodHandle$Holder.reinvoke_L(java.lang.Object, java.lang.Object, java.lang.Object, long, long, long)'> (0x00000000e6a9b4e0) 
thrown [s\open\src\hotspot\share\interpreter\linkResolver.cpp, line 759]
Event: 7.398 Thread 0x000001336b5858e0 Exception <a 'java/lang/NoSuchMethodError'{0x00000000e6aab250}: 'int java.lang.invoke.DelegatingMethodHandle$Holder.reinvoke_L(java.lang.Object, java.lang.Object, java.lang.Object, long, int)'> (0x00000000e6aab250) 
thrown [s\open\src\hotspot\share\interpreter\linkResolver.cpp, line 759]
Event: 8.017 Thread 0x000001336b5858e0 Exception <a 'java/lang/NoSuchMethodError'{0x00000000edc4dbb8}: 'java.lang.Object java.lang.invoke.Invokers$Holder.invokeExact_MT(java.lang.Object, java.lang.Object, long, java.lang.Object)'> (0x00000000edc4dbb8) 
thrown [s\open\src\hotspot\share\interpreter\linkResolver.cpp, line 759]
Event: 8.047 Thread 0x000001336b5858e0 Exception <a 'java/lang/NoSuchMethodError'{0x00000000edac0d68}: 'java.lang.Object java.lang.invoke.Invokers$Holder.invoke_MT(java.lang.Object, java.lang.Object, java.lang.Object)'> (0x00000000edac0d68) 
thrown [s\open\src\hotspot\share\interpreter\linkResolver.cpp, line 759]

VM Operations (20 events):
Event: 6.353 Executing VM operation: ICBufferFull
Event: 6.353 Executing VM operation: ICBufferFull done
Event: 6.463 Executing VM operation: HandshakeAllThreads
Event: 6.463 Executing VM operation: HandshakeAllThreads done
Event: 6.469 Executing VM operation: HandshakeAllThreads
Event: 6.469 Executing VM operation: HandshakeAllThreads done
Event: 6.584 Executing VM operation: HandshakeAllThreads
Event: 6.584 Executing VM operation: HandshakeAllThreads done
Event: 6.586 Executing VM operation: HandshakeAllThreads
Event: 6.586 Executing VM operation: HandshakeAllThreads done
Event: 7.177 Executing VM operation: HandshakeAllThreads
Event: 7.177 Executing VM operation: HandshakeAllThreads done
Event: 7.453 Executing VM operation: G1CollectForAllocation
Event: 7.460 Executing VM operation: G1CollectForAllocation done
Event: 7.541 Executing VM operation: G1CollectForAllocation
Event: 7.545 Executing VM operation: G1CollectForAllocation done
Event: 7.929 Executing VM operation: HandshakeAllThreads
Event: 7.929 Executing VM operation: HandshakeAllThreads done
Event: 8.093 Executing VM operation: CollectForMetadataAllocation
Event: 8.095 Executing VM operation: CollectForMetadataAllocation done

Events (20 events):
Event: 8.037 loading class jdk/internal/jrtfs/JrtFileSystemProvider$JrtFsLoader
Event: 8.037 loading class jdk/internal/jrtfs/JrtFileSystemProvider$JrtFsLoader done
Event: 8.041 loading class java/io/IOError
Event: 8.041 loading class java/io/IOError done
Event: 8.046 loading class java/nio/channels/FileChannel$MapMode
Event: 8.047 loading class java/nio/channels/FileChannel$MapMode done
Event: 8.047 loading class jdk/internal/misc/ExtendedMapMode
Event: 8.047 loading class jdk/internal/misc/ExtendedMapMode done
Event: 8.048 loading class sun/nio/ch/FileChannelImpl$DefaultUnmapper
Event: 8.048 loading class sun/nio/ch/FileChannelImpl$Unmapper
Event: 8.048 loading class jdk/internal/access/foreign/UnmapperProxy
Event: 8.048 loading class jdk/internal/access/foreign/UnmapperProxy done
Event: 8.048 loading class sun/nio/ch/FileChannelImpl$Unmapper done
Event: 8.048 loading class sun/nio/ch/FileChannelImpl$DefaultUnmapper done
Event: 8.048 loading class sun/nio/ch/Util$4
Event: 8.048 loading class sun/nio/ch/Util$4 done
Event: 8.048 loading class jdk/internal/access/foreign/MemorySegmentProxy
Event: 8.048 loading class jdk/internal/access/foreign/MemorySegmentProxy done
Event: 8.050 loading class java/io/UTFDataFormatException
Event: 8.050 loading class java/io/UTFDataFormatException done


Dynamic libraries:
0x00007ff63f6f0000 - 0x00007ff63f700000 	C:\Program Files\Java\jdk-17\bin\java.exe
0x00007ff8acf90000 - 0x00007ff8ad1a6000 	C:\WINDOWS\SYSTEM32\ntdll.dll
0x00007ff8aba90000 - 0x00007ff8abb54000 	C:\WINDOWS\System32\KERNEL32.DLL
0x00007ff8aa570000 - 0x00007ff8aa917000 	C:\WINDOWS\System32\KERNELBASE.dll
0x00007ff8aa2b0000 - 0x00007ff8aa3c1000 	C:\WINDOWS\System32\ucrtbase.dll
0x00007ff893bc0000 - 0x00007ff893bdb000 	C:\Program Files\Java\jdk-17\bin\VCRUNTIME140.dll
0x00007ff893d20000 - 0x00007ff893d39000 	C:\Program Files\Java\jdk-17\bin\jli.dll
0x00007ff8ac7f0000 - 0x00007ff8ac8a2000 	C:\WINDOWS\System32\ADVAPI32.dll
0x00007ff8ab5b0000 - 0x00007ff8ab657000 	C:\WINDOWS\System32\msvcrt.dll
0x00007ff8ac740000 - 0x00007ff8ac7e8000 	C:\WINDOWS\System32\sechost.dll
0x00007ff8aa540000 - 0x00007ff8aa568000 	C:\WINDOWS\System32\bcrypt.dll
0x00007ff8ab2e0000 - 0x00007ff8ab3f5000 	C:\WINDOWS\System32\RPCRT4.dll
0x00007ff8ab400000 - 0x00007ff8ab5ae000 	C:\WINDOWS\System32\USER32.dll
0x00007ff8aab30000 - 0x00007ff8aab56000 	C:\WINDOWS\System32\win32u.dll
0x00007ff8963a0000 - 0x00007ff896633000 	C:\WINDOWS\WinSxS\amd64_microsoft.windows.common-controls_6595b64144ccf1df_6.0.22621.3235_none_270f74e173860f98\COMCTL32.dll
0x00007ff8abb60000 - 0x00007ff8abb89000 	C:\WINDOWS\System32\GDI32.dll
0x00007ff8aa990000 - 0x00007ff8aaaa9000 	C:\WINDOWS\System32\gdi32full.dll
0x00007ff8aac20000 - 0x00007ff8aacba000 	C:\WINDOWS\System32\msvcp_win.dll
0x00007ff8a25d0000 - 0x00007ff8a25da000 	C:\WINDOWS\SYSTEM32\VERSION.dll
0x00007ff8ace60000 - 0x00007ff8ace91000 	C:\WINDOWS\System32\IMM32.DLL
0x00007ff896140000 - 0x00007ff89614c000 	C:\Program Files\Java\jdk-17\bin\vcruntime140_1.dll
0x00007ff88ffb0000 - 0x00007ff89003e000 	C:\Program Files\Java\jdk-17\bin\msvcp140.dll
0x00007ff84f7d0000 - 0x00007ff8503af000 	C:\Program Files\Java\jdk-17\bin\server\jvm.dll
0x00007ff8aae40000 - 0x00007ff8aae48000 	C:\WINDOWS\System32\PSAPI.DLL
0x00007ff89abc0000 - 0x00007ff89abc9000 	C:\WINDOWS\SYSTEM32\WSOCK32.dll
0x00007ff8a1d80000 - 0x00007ff8a1db4000 	C:\WINDOWS\SYSTEM32\WINMM.dll
0x00007ff8ab660000 - 0x00007ff8ab6d1000 	C:\WINDOWS\System32\WS2_32.dll
0x00007ff8a92b0000 - 0x00007ff8a92c8000 	C:\WINDOWS\SYSTEM32\kernel.appcore.dll
0x00007ff895b40000 - 0x00007ff895b4a000 	C:\Program Files\Java\jdk-17\bin\jimage.dll
0x00007ff8a7c30000 - 0x00007ff8a7e63000 	C:\WINDOWS\SYSTEM32\DBGHELP.DLL
0x00007ff8ac920000 - 0x00007ff8acca8000 	C:\WINDOWS\System32\combase.dll
0x00007ff8ab850000 - 0x00007ff8ab927000 	C:\WINDOWS\System32\OLEAUT32.dll
0x00007ff88eb00000 - 0x00007ff88eb32000 	C:\WINDOWS\SYSTEM32\dbgcore.DLL
0x00007ff8aaab0000 - 0x00007ff8aab29000 	C:\WINDOWS\System32\bcryptPrimitives.dll
0x00007ff8a70d0000 - 0x00007ff8a70de000 	C:\Program Files\Java\jdk-17\bin\instrument.dll
0x00007ff8912f0000 - 0x00007ff891315000 	C:\Program Files\Java\jdk-17\bin\java.dll
0x00007ff86da30000 - 0x00007ff86db07000 	C:\Program Files\Java\jdk-17\bin\jsvml.dll
0x00007ff8abb90000 - 0x00007ff8ac3ec000 	C:\WINDOWS\System32\SHELL32.dll
0x00007ff8a81c0000 - 0x00007ff8a8ab9000 	C:\WINDOWS\SYSTEM32\windows.storage.dll
0x00007ff8a8080000 - 0x00007ff8a81be000 	C:\WINDOWS\SYSTEM32\wintypes.dll
0x00007ff8ab750000 - 0x00007ff8ab843000 	C:\WINDOWS\System32\SHCORE.dll
0x00007ff8ab6e0000 - 0x00007ff8ab73e000 	C:\WINDOWS\System32\shlwapi.dll
0x00007ff8aa1e0000 - 0x00007ff8aa201000 	C:\WINDOWS\SYSTEM32\profapi.dll
0x00007ff893ba0000 - 0x00007ff893bb8000 	C:\Program Files\Java\jdk-17\bin\zip.dll
0x00007ff8912d0000 - 0x00007ff8912e9000 	C:\Program Files\Java\jdk-17\bin\net.dll
0x00007ff8a29d0000 - 0x00007ff8a2b06000 	C:\WINDOWS\SYSTEM32\WINHTTP.dll
0x00007ff8a9720000 - 0x00007ff8a9789000 	C:\WINDOWS\system32\mswsock.dll
0x00007ff890fd0000 - 0x00007ff890fe6000 	C:\Program Files\Java\jdk-17\bin\nio.dll
0x00007ff894a40000 - 0x00007ff894a50000 	C:\Program Files\Java\jdk-17\bin\verify.dll
0x00007ff893e20000 - 0x00007ff893e47000 	C:\Users\phuon\.gradle\native\c067742578af261105cb4f569cf0c3c89f3d7b1fecec35dd04571415982c5e48\windows-amd64\native-platform.dll
0x00007ff867010000 - 0x00007ff867154000 	C:\Users\phuon\.gradle\native\38dada09dfb8b06ba9b0570ebf7e218e3eb74d4ef43ca46872605cf95ebc2f47\windows-amd64\native-platform-file-events.dll
0x00007ff8946c0000 - 0x00007ff8946ca000 	C:\Program Files\Java\jdk-17\bin\management.dll
0x00007ff8944c0000 - 0x00007ff8944cb000 	C:\Program Files\Java\jdk-17\bin\management_ext.dll
0x00007ff8a9950000 - 0x00007ff8a996b000 	C:\WINDOWS\SYSTEM32\CRYPTSP.dll
0x00007ff8a9210000 - 0x00007ff8a9245000 	C:\WINDOWS\system32\rsaenh.dll
0x00007ff8a97e0000 - 0x00007ff8a9808000 	C:\WINDOWS\SYSTEM32\USERENV.dll
0x00007ff8a9940000 - 0x00007ff8a994c000 	C:\WINDOWS\SYSTEM32\CRYPTBASE.dll
0x00007ff8a8d20000 - 0x00007ff8a8d4d000 	C:\WINDOWS\SYSTEM32\IPHLPAPI.DLL
0x00007ff8ac6b0000 - 0x00007ff8ac6b9000 	C:\WINDOWS\System32\NSI.dll
0x00007ff8a2c20000 - 0x00007ff8a2c39000 	C:\WINDOWS\SYSTEM32\dhcpcsvc6.DLL
0x00007ff8a2310000 - 0x00007ff8a232f000 	C:\WINDOWS\SYSTEM32\dhcpcsvc.DLL
0x00007ff8a8d90000 - 0x00007ff8a8e89000 	C:\WINDOWS\SYSTEM32\DNSAPI.dll
0x00007ff893e00000 - 0x00007ff893e0e000 	C:\Program Files\Java\jdk-17\bin\sunmscapi.dll
0x00007ff8aa3d0000 - 0x00007ff8aa537000 	C:\WINDOWS\System32\CRYPT32.dll
0x00007ff8a9b80000 - 0x00007ff8a9bae000 	C:\WINDOWS\SYSTEM32\ncrypt.dll
0x00007ff8a9b40000 - 0x00007ff8a9b77000 	C:\WINDOWS\SYSTEM32\NTASN1.dll
0x00007ff893e10000 - 0x00007ff893e18000 	C:\WINDOWS\system32\wshunix.dll

dbghelp: loaded successfully - version: 4.0.5 - missing functions: none
symbol engine: initialized successfully - sym options: 0x614 - pdb path: .;C:\Program Files\Java\jdk-17\bin;C:\WINDOWS\SYSTEM32;C:\WINDOWS\WinSxS\amd64_microsoft.windows.common-controls_6595b64144ccf1df_6.0.22621.3235_none_270f74e173860f98;C:\Program Files\Java\jdk-17\bin\server;C:\Users\phuon\.gradle\native\c067742578af261105cb4f569cf0c3c89f3d7b1fecec35dd04571415982c5e48\windows-amd64;C:\Users\phuon\.gradle\native\38dada09dfb8b06ba9b0570ebf7e218e3eb74d4ef43ca46872605cf95ebc2f47\windows-amd64

VM Arguments:
jvm_args: --add-opens=java.base/java.util=ALL-UNNAMED --add-opens=java.base/java.lang=ALL-UNNAMED --add-opens=java.base/java.lang.invoke=ALL-UNNAMED --add-opens=java.prefs/java.util.prefs=ALL-UNNAMED --add-opens=java.base/java.nio.charset=ALL-UNNAMED --add-opens=java.base/java.net=ALL-UNNAMED --add-opens=java.base/java.util.concurrent.atomic=ALL-UNNAMED -XX:MaxMetaspaceSize=384m -XX:+HeapDumpOnOutOfMemoryError -Xms256m -Xmx512m -Dfile.encoding=utf8 -Duser.country=GB -Duser.language=en -Duser.variant -javaagent:C:\Users\phuon\.gradle\wrapper\dists\gradle-8.7-bin\bhs2wmbdwecv87pi65oeuq5iu\gradle-8.7\lib\agents\gradle-instrumentation-agent-8.7.jar 
java_command: org.gradle.launcher.daemon.bootstrap.GradleDaemon 8.7
java_class_path (initial): C:\Users\phuon\.gradle\wrapper\dists\gradle-8.7-bin\bhs2wmbdwecv87pi65oeuq5iu\gradle-8.7\lib\gradle-launcher-8.7.jar
Launcher Type: SUN_STANDARD

[Global flags]
     intx CICompilerCount                          = 4                                         {product} {ergonomic}
   size_t CompressedClassSpaceSize                 = 335544320                                 {product} {ergonomic}
     uint ConcGCThreads                            = 2                                         {product} {ergonomic}
     uint G1ConcRefinementThreads                  = 8                                         {product} {ergonomic}
   size_t G1HeapRegionSize                         = 1048576                                   {product} {ergonomic}
    uintx GCDrainStackTargetSize                   = 64                                        {product} {ergonomic}
     bool HeapDumpOnOutOfMemoryError               = true                                   {manageable} {command line}
   size_t InitialHeapSize                          = 268435456                                 {product} {command line}
   size_t MarkStackSize                            = 4194304                                   {product} {ergonomic}
   size_t MaxHeapSize                              = 536870912                                 {product} {command line}
   size_t MaxMetaspaceSize                         = 402653184                                 {product} {command line}
   size_t MaxNewSize                               = 321912832                                 {product} {ergonomic}
   size_t MinHeapDeltaBytes                        = 1048576                                   {product} {ergonomic}
   size_t MinHeapSize                              = 268435456                                 {product} {command line}
    uintx NonNMethodCodeHeapSize                   = 5839372                                {pd product} {ergonomic}
    uintx NonProfiledCodeHeapSize                  = 122909434                              {pd product} {ergonomic}
    uintx ProfiledCodeHeapSize                     = 122909434                              {pd product} {ergonomic}
    uintx ReservedCodeCacheSize                    = 251658240                              {pd product} {ergonomic}
     bool SegmentedCodeCache                       = true                                      {product} {ergonomic}
   size_t SoftMaxHeapSize                          = 536870912                              {manageable} {ergonomic}
     bool UseCompressedClassPointers               = true                           {product lp64_product} {ergonomic}
     bool UseCompressedOops                        = true                           {product lp64_product} {ergonomic}
     bool UseG1GC                                  = true                                      {product} {ergonomic}
     bool UseLargePagesIndividualAllocation        = false                                  {pd product} {ergonomic}

Logging:
Log output configuration:
 #0: stdout all=warning uptime,level,tags
 #1: stderr all=off uptime,level,tags

Environment Variables:
PATH=C:\Program Files\Common Files\Oracle\Java\javapath;C:\WINDOWS\system32;C:\WINDOWS;C:\WINDOWS\System32\Wbem;C:\WINDOWS\System32\WindowsPowerShell\v1.0\;C:\WINDOWS\System32\OpenSSH\;C:\Users\phuon\AppData\Roaming\nvm;C:\Program Files\nodejs;C:\Program Files\Git\cmd;E:\apache-maven-3.9.4\bin;C:\Program Files\Redis\;C:\Program Files\TortoiseSVN\bin;C:\Program Files\Docker\Docker\resources\bin;C:\Users\phuon\AppData\Local\Microsoft\WindowsApps;C:\Users\phuon\AppData\Roaming\nvm;C:\Program Files\nodejs;C:\Users\phuon\AppData\Local\Programs\Microsoft VS Code\bin;
USERNAME=phuon
OS=Windows_NT
PROCESSOR_IDENTIFIER=Intel64 Family 6 Model 126 Stepping 5, GenuineIntel



---------------  S Y S T E M  ---------------

OS:
 Windows 11 , 64 bit Build 22621 (10.0.22621.3374)
OS uptime: 6 days 2:45 hours
Hyper-V role detected

CPU: total 8 (initial active 8) (4 cores per cpu, 2 threads per core) family 6 model 126 stepping 5 microcode 0xc2, cx8, cmov, fxsr, ht, mmx, 3dnowpref, sse, sse2, sse3, ssse3, sse4.1, sse4.2, popcnt, lzcnt, tsc, tscinvbit, avx, avx2, aes, erms, clmul, bmi1, bmi2, adx, avx512f, avx512dq, avx512cd, avx512bw, avx512vl, sha, fma, vzeroupper, avx512_vpopcntdq, avx512_vpclmulqdq, avx512_vaes, avx512_vnni, clflush, clflushopt, avx512_vbmi2, avx512_vbmi, hv

Memory: 4k page, system-wide physical 16151M (3108M free)
TotalPageFile size 24343M (AvailPageFile size 0M)
current process WorkingSet (physical memory assigned to process): 396M, peak: 396M
current process commit charge ("private bytes"): 491M, peak: 491M

vm_info: Java HotSpot(TM) 64-Bit Server VM (17.0.10+11-LTS-240) for windows-amd64 JRE (17.0.10+11-LTS-240), built on Dec 19 2023 21:47:25 by "mach5one" with MS VC++ 17.1 (VS2022)

END.
