#
# There is insufficient memory for the Java Runtime Environment to continue.
# Native memory allocation (malloc) failed to allocate 856976 bytes for Chunk::new
# Possible reasons:
#   The system is out of physical RAM or swap space
#   The process is running with CompressedOops enabled, and the Java Heap may be blocking the growth of the native heap
# Possible solutions:
#   Reduce memory load on the system
#   Increase physical memory or swap space
#   Check if swap backing store is full
#   Decrease Java heap size (-Xmx/-Xms)
#   Decrease number of Java threads
#   Decrease Java thread stack sizes (-Xss)
#   Set larger code cache with -XX:ReservedCodeCacheSize=
#   JVM is running with Unscaled Compressed Oops mode in which the Java heap is
#     placed in the first 4GB address space. The Java Heap base address is the
#     maximum limit for the native heap growth. Please use -XX:HeapBaseMinAddress
#     to set the Java Heap base and to place the Java Heap above 4GB virtual address.
# This output file may be truncated or incomplete.
#
#  Out of Memory Error (arena.cpp:189), pid=23696, tid=14472
#
# JRE version: Java(TM) SE Runtime Environment (17.0.10+11) (build 17.0.10+11-LTS-240)
# Java VM: Java HotSpot(TM) 64-Bit Server VM (17.0.10+11-LTS-240, mixed mode, sharing, tiered, compressed oops, compressed class ptrs, g1 gc, windows-amd64)
# No core dump will be written. Minidumps are not enabled by default on client versions of Windows
#

---------------  S U M M A R Y ------------

Command Line: --add-opens=java.base/java.util=ALL-UNNAMED --add-opens=java.base/java.lang=ALL-UNNAMED --add-opens=java.base/java.lang.invoke=ALL-UNNAMED --add-opens=java.prefs/java.util.prefs=ALL-UNNAMED --add-opens=java.base/java.nio.charset=ALL-UNNAMED --add-opens=java.base/java.net=ALL-UNNAMED --add-opens=java.base/java.util.concurrent.atomic=ALL-UNNAMED -XX:MaxMetaspaceSize=384m -XX:+HeapDumpOnOutOfMemoryError -Xms256m -Xmx512m -Dfile.encoding=utf8 -Duser.country=GB -Duser.language=en -Duser.variant -javaagent:C:\Users\phuon\.gradle\wrapper\dists\gradle-8.7-bin\bhs2wmbdwecv87pi65oeuq5iu\gradle-8.7\lib\agents\gradle-instrumentation-agent-8.7.jar org.gradle.launcher.daemon.bootstrap.GradleDaemon 8.7

Host: Intel(R) Core(TM) i5-1035G1 CPU @ 1.00GHz, 8 cores, 15G,  Windows 11 , 64 bit Build 22621 (10.0.22621.3374)
Time: Mon May 27 15:27:06 2024 SE Asia Standard Time elapsed time: 76.118372 seconds (0d 0h 1m 16s)

---------------  T H R E A D  ---------------

Current thread (0x000001eaff67dfb0):  JavaThread "C2 CompilerThread0" daemon [_thread_in_native, id=14472, stack(0x000000dcf8b00000,0x000000dcf8c00000)]


Current CompileTask:
C2:  76118 17899   !   4       io.spring.gradle.dependencymanagement.org.apache.maven.model.interpolation.StringSearchModelInterpolator$InterpolateObjectAction$MapField::doInterpolate (166 bytes)

Stack: [0x000000dcf8b00000,0x000000dcf8c00000]
Native frames: (J=compiled Java code, j=interpreted, Vv=VM code, C=native code)
V  [jvm.dll+0x677a5a]
V  [jvm.dll+0x7d8b2d]
V  [jvm.dll+0x7da48e]
V  [jvm.dll+0x7daaf3]
V  [jvm.dll+0x2455ff]
V  [jvm.dll+0xaaafb]
V  [jvm.dll+0xab09c]
V  [jvm.dll+0x2aafef]
V  [jvm.dll+0x57fd55]
V  [jvm.dll+0x220472]
V  [jvm.dll+0x22084f]
V  [jvm.dll+0x2197a6]
V  [jvm.dll+0x216c79]
V  [jvm.dll+0x1a3410]
V  [jvm.dll+0x226aeb]
V  [jvm.dll+0x224cab]
V  [jvm.dll+0x78e45c]
V  [jvm.dll+0x78888a]
V  [jvm.dll+0x676935]
C  [ucrtbase.dll+0x29333]
C  [KERNEL32.DLL+0x1257d]
C  [ntdll.dll+0x5aa48]


---------------  P R O C E S S  ---------------

Threads class SMR info:
_java_thread_list=0x000001eaaf418f90, length=125, elements={
0x000001eae6d7a660, 0x000001eaff661120, 0x000001eaff661ce0, 0x000001eaff675870,
0x000001eaff676340, 0x000001eaff67ae20, 0x000001eaff67b7e0, 0x000001eaff67dfb0,
0x000001eaff6884f0, 0x000001eaff691610, 0x000001eaff649d40, 0x000001eaff966cc0,
0x000001ea9c0fab20, 0x000001ea9d256430, 0x000001ea9d156030, 0x000001ea9d9a1010,
0x000001ea9d12f170, 0x000001ea9d12fb90, 0x000001ea9d12ec60, 0x000001ea9d1300a0,
0x000001ea9d12dd30, 0x000001ea9d12e240, 0x000001ea9f5cecc0, 0x000001ea9f5ce7b0,
0x000001ea9f5cc950, 0x000001eaa1f203e0, 0x000001eaa0faff90, 0x000001ea9e25bd20,
0x000001ea9e25c740, 0x000001eaa0faf570, 0x000001eaa0fafa80, 0x000001eaa240d940,
0x000001eaa240f290, 0x000001ea9df40570, 0x000001ea9df40a80, 0x000001ea9df42df0,
0x000001ea9df40060, 0x000001ea9df40f90, 0x000001ea9df414a0, 0x000001ea9df419b0,
0x000001ea9df43810, 0x000001ea9df41ec0, 0x000001ea9df423d0, 0x000001ea9df428e0,
0x000001ea9df43300, 0x000001eaaed4d2e0, 0x000001eaaed4bea0, 0x000001eaaed4af70,
0x000001eaaed4cdd0, 0x000001eaaed4b990, 0x000001ea9da08070, 0x000001ea9da0f9f0,
0x000001ea9da0d680, 0x000001ea9da08580, 0x000001ea9da0bd30, 0x000001ea9da0a3e0,
0x000001ea9da0db90, 0x000001ea9da0b820, 0x000001ea9da0e5b0, 0x000001ea9da0eac0,
0x000001ea9da0a8f0, 0x000001eaaed4b480, 0x000001eaaed4c3b0, 0x000001eaaed4c8c0,
0x000001eaaed4dd00, 0x000001eaaed4d7f0, 0x000001eaaed4aa60, 0x000001eaaed4a550,
0x000001eaaf0c72d0, 0x000001eaaf0c8710, 0x000001eaaf0c77e0, 0x000001eaaf0ca570,
0x000001eaaf0c9b50, 0x000001eaaf0ca060, 0x000001eaaf0c6dc0, 0x000001eaaf0c7cf0,
0x000001eaaf0c8200, 0x000001eaaf0c9640, 0x000001eaa1f1fed0, 0x000001eaa1f20e00,
0x000001eaa1f1f9c0, 0x000001ea9e25cc50, 0x000001ea9e25d160, 0x000001eaae2019f0,
0x000001eaae202920, 0x000001eaae202410, 0x000001eaae202e30, 0x000001eaae2014e0,
0x000001eaae201f00, 0x000001ea9da0b310, 0x000001eaaf0c8c20, 0x000001eaaf0c9130,
0x000001eaae1ec770, 0x000001eaae1ed190, 0x000001eaae1ed6a0, 0x000001eaae1ee0c0,
0x000001eaae1edbb0, 0x000001eaae1ecc80, 0x000001eaa1d8f5d0, 0x000001eaa1d90f20,
0x000001eaa1d8e190, 0x000001eaa1d8f0c0, 0x000001eaa1d8e6a0, 0x000001eaa1d91430,
0x000001eaaf6e4cb0, 0x000001eaa1d90500, 0x000001eaa1d91940, 0x000001eaa1d8ebb0,
0x000001eaa1d8fae0, 0x000001eaa1d90a10, 0x000001ea9d7d19b0, 0x000001ea9d7d4c50,
0x000001ea9d7d2df0, 0x000001ea9d7d3300, 0x000001ea9d7d3810, 0x000001ea9d7d5160,
0x000001ea9d7d4230, 0x000001ea9d7d4740, 0x000001eaa170a6f0, 0x000001eaa17097c0,
0x000001eaa16a18b0, 0x000001eaa16a0470, 0x000001eaa16a13a0, 0x000001eaffaf2ec0,
0x000001eaffaf6930
}

Java Threads: ( => current thread )
  0x000001eae6d7a660 JavaThread "main" [_thread_blocked, id=10144, stack(0x000000dcf7e00000,0x000000dcf7f00000)]
  0x000001eaff661120 JavaThread "Reference Handler" daemon [_thread_blocked, id=17920, stack(0x000000dcf8500000,0x000000dcf8600000)]
  0x000001eaff661ce0 JavaThread "Finalizer" daemon [_thread_blocked, id=11212, stack(0x000000dcf8600000,0x000000dcf8700000)]
  0x000001eaff675870 JavaThread "Signal Dispatcher" daemon [_thread_blocked, id=14124, stack(0x000000dcf8700000,0x000000dcf8800000)]
  0x000001eaff676340 JavaThread "Attach Listener" daemon [_thread_blocked, id=7636, stack(0x000000dcf8800000,0x000000dcf8900000)]
  0x000001eaff67ae20 JavaThread "Service Thread" daemon [_thread_blocked, id=14948, stack(0x000000dcf8900000,0x000000dcf8a00000)]
  0x000001eaff67b7e0 JavaThread "Monitor Deflation Thread" daemon [_thread_blocked, id=4060, stack(0x000000dcf8a00000,0x000000dcf8b00000)]
=>0x000001eaff67dfb0 JavaThread "C2 CompilerThread0" daemon [_thread_in_native, id=14472, stack(0x000000dcf8b00000,0x000000dcf8c00000)]
  0x000001eaff6884f0 JavaThread "C1 CompilerThread0" daemon [_thread_blocked, id=25000, stack(0x000000dcf8c00000,0x000000dcf8d00000)]
  0x000001eaff691610 JavaThread "Sweeper thread" daemon [_thread_blocked, id=3876, stack(0x000000dcf8d00000,0x000000dcf8e00000)]
  0x000001eaff649d40 JavaThread "Common-Cleaner" daemon [_thread_blocked, id=25492, stack(0x000000dcf8e00000,0x000000dcf8f00000)]
  0x000001eaff966cc0 JavaThread "Notification Thread" daemon [_thread_blocked, id=25292, stack(0x000000dcf8f00000,0x000000dcf9000000)]
  0x000001ea9c0fab20 JavaThread "Daemon health stats" [_thread_blocked, id=14728, stack(0x000000dcf9800000,0x000000dcf9900000)]
  0x000001ea9d256430 JavaThread "Incoming local TCP Connector on port 53142" [_thread_in_native, id=10136, stack(0x000000dcf9900000,0x000000dcf9a00000)]
  0x000001ea9d156030 JavaThread "Daemon periodic checks" [_thread_blocked, id=22272, stack(0x000000dcf9a00000,0x000000dcf9b00000)]
  0x000001ea9d9a1010 JavaThread "Daemon" [_thread_blocked, id=26676, stack(0x000000dcf9b00000,0x000000dcf9c00000)]
  0x000001ea9d12f170 JavaThread "Daemon worker" [_thread_in_Java, id=12708, stack(0x000000dcf9e00000,0x000000dcf9f00000)]
  0x000001ea9d12fb90 JavaThread "Cache worker for journal cache (C:\Users\phuon\.gradle\caches\journal-1)" [_thread_blocked, id=21224, stack(0x000000dcfa200000,0x000000dcfa300000)]
  0x000001ea9d12ec60 JavaThread "File lock request listener" [_thread_in_native, id=23868, stack(0x000000dcfa300000,0x000000dcfa400000)]
  0x000001ea9d1300a0 JavaThread "Cache worker for file hash cache (C:\Users\phuon\.gradle\caches\8.7\fileHashes)" [_thread_blocked, id=25432, stack(0x000000dcfa400000,0x000000dcfa500000)]
  0x000001ea9d12dd30 JavaThread "File watcher server" daemon [_thread_in_native, id=8764, stack(0x000000dcfa800000,0x000000dcfa900000)]
  0x000001ea9d12e240 JavaThread "File watcher consumer" daemon [_thread_blocked, id=23636, stack(0x000000dcfa900000,0x000000dcfaa00000)]
  0x000001ea9f5cecc0 JavaThread "Cache worker for file content cache (C:\Users\phuon\.gradle\caches\8.7\fileContent)" [_thread_blocked, id=2216, stack(0x000000dcfad00000,0x000000dcfae00000)]
  0x000001ea9f5ce7b0 JavaThread "jar transforms" [_thread_blocked, id=26796, stack(0x000000dcfaf00000,0x000000dcfb000000)]
  0x000001ea9f5cc950 JavaThread "jar transforms Thread 2" [_thread_blocked, id=20484, stack(0x000000dcfb000000,0x000000dcfb100000)]
  0x000001eaa1f203e0 JavaThread "Memory manager" [_thread_blocked, id=21152, stack(0x000000dcfc200000,0x000000dcfc300000)]
  0x000001eaa0faff90 JavaThread "VFS cleanup" [_thread_blocked, id=18604, stack(0x000000dcf9200000,0x000000dcf9300000)]
  0x000001ea9e25bd20 JavaThread "Handler for socket connection from /127.0.0.1:53142 to /127.0.0.1:53184" [_thread_in_native, id=16556, stack(0x000000dcf7b00000,0x000000dcf7c00000)]
  0x000001ea9e25c740 JavaThread "Cancel handler" [_thread_blocked, id=8220, stack(0x000000dcf7c00000,0x000000dcf7d00000)]
  0x000001eaa0faf570 JavaThread "Asynchronous log dispatcher for DefaultDaemonConnection: socket connection from /127.0.0.1:53142 to /127.0.0.1:53184" [_thread_blocked, id=27032, stack(0x000000dcf7d00000,0x000000dcf7e00000)]
  0x000001eaa0fafa80 JavaThread "Stdin handler" [_thread_blocked, id=6536, stack(0x000000dcf9f00000,0x000000dcfa000000)]
  0x000001eaa240d940 JavaThread "Daemon client event forwarder" [_thread_blocked, id=14132, stack(0x000000dcfa000000,0x000000dcfa100000)]
  0x000001eaa240f290 JavaThread "Cache worker for file hash cache (E:\Project\Spring-Rest-ultimate\01-java-spring-jobhunter-starter\.gradle\8.7\fileHashes)" [_thread_blocked, id=8128, stack(0x000000dcfa100000,0x000000dcfa200000)]
  0x000001ea9df40570 JavaThread "jar transforms Thread 3" [_thread_blocked, id=10612, stack(0x000000dcfab00000,0x000000dcfac00000)]
  0x000001ea9df40a80 JavaThread "jar transforms Thread 4" [_thread_blocked, id=3448, stack(0x000000dcfac00000,0x000000dcfad00000)]
  0x000001ea9df42df0 JavaThread "jar transforms Thread 5" [_thread_blocked, id=24948, stack(0x000000dcfb100000,0x000000dcfb200000)]
  0x000001ea9df40060 JavaThread "Cache worker for checksums cache (E:\Project\Spring-Rest-ultimate\01-java-spring-jobhunter-starter\.gradle\8.7\checksums)" [_thread_blocked, id=7568, stack(0x000000dcfb400000,0x000000dcfb500000)]
  0x000001ea9df40f90 JavaThread "Cache worker for cache directory md-supplier (C:\Users\phuon\.gradle\caches\8.7\md-supplier)" [_thread_blocked, id=17584, stack(0x000000dcfb500000,0x000000dcfb600000)]
  0x000001ea9df414a0 JavaThread "Cache worker for cache directory md-rule (C:\Users\phuon\.gradle\caches\8.7\md-rule)" [_thread_blocked, id=12404, stack(0x000000dcfb600000,0x000000dcfb700000)]
  0x000001ea9df419b0 JavaThread "jar transforms Thread 6" [_thread_blocked, id=1412, stack(0x000000dcfb700000,0x000000dcfb800000)]
  0x000001ea9df43810 JavaThread "jar transforms Thread 7" [_thread_blocked, id=18960, stack(0x000000dcfb800000,0x000000dcfb900000)]
  0x000001ea9df41ec0 JavaThread "jar transforms Thread 8" [_thread_blocked, id=25080, stack(0x000000dcfb900000,0x000000dcfba00000)]
  0x000001ea9df423d0 JavaThread "Cache worker for Build Output Cleanup Cache (E:\Project\Spring-Rest-ultimate\01-java-spring-jobhunter-starter\.gradle\buildOutputCleanup)" [_thread_blocked, id=20868, stack(0x000000dcfba00000,0x000000dcfbb00000)]
  0x000001ea9df428e0 JavaThread "Unconstrained build operations" [_thread_blocked, id=23232, stack(0x000000dcfbb00000,0x000000dcfbc00000)]
  0x000001ea9df43300 JavaThread "Unconstrained build operations Thread 2" [_thread_blocked, id=26344, stack(0x000000dcfbc00000,0x000000dcfbd00000)]
  0x000001eaaed4d2e0 JavaThread "Unconstrained build operations Thread 3" [_thread_blocked, id=20112, stack(0x000000dcfbd00000,0x000000dcfbe00000)]
  0x000001eaaed4bea0 JavaThread "Unconstrained build operations Thread 4" [_thread_blocked, id=5916, stack(0x000000dcfbe00000,0x000000dcfbf00000)]
  0x000001eaaed4af70 JavaThread "Unconstrained build operations Thread 5" [_thread_blocked, id=17528, stack(0x000000dcfbf00000,0x000000dcfc000000)]
  0x000001eaaed4cdd0 JavaThread "Unconstrained build operations Thread 6" [_thread_blocked, id=16516, stack(0x000000dcfc000000,0x000000dcfc100000)]
  0x000001eaaed4b990 JavaThread "Unconstrained build operations Thread 7" [_thread_blocked, id=24528, stack(0x000000dcfc100000,0x000000dcfc200000)]
  0x000001ea9da08070 JavaThread "Unconstrained build operations Thread 8" [_thread_blocked, id=16952, stack(0x000000dcfc400000,0x000000dcfc500000)]
  0x000001ea9da0f9f0 JavaThread "Unconstrained build operations Thread 9" [_thread_blocked, id=18768, stack(0x000000dcfc500000,0x000000dcfc600000)]
  0x000001ea9da0d680 JavaThread "Unconstrained build operations Thread 10" [_thread_blocked, id=11408, stack(0x000000dcfc600000,0x000000dcfc700000)]
  0x000001ea9da08580 JavaThread "Unconstrained build operations Thread 11" [_thread_blocked, id=8536, stack(0x000000dcfc700000,0x000000dcfc800000)]
  0x000001ea9da0bd30 JavaThread "Unconstrained build operations Thread 12" [_thread_blocked, id=24228, stack(0x000000dcfc800000,0x000000dcfc900000)]
  0x000001ea9da0a3e0 JavaThread "Unconstrained build operations Thread 13" [_thread_blocked, id=26088, stack(0x000000dcfc900000,0x000000dcfca00000)]
  0x000001ea9da0db90 JavaThread "Unconstrained build operations Thread 14" [_thread_blocked, id=6708, stack(0x000000dcfca00000,0x000000dcfcb00000)]
  0x000001ea9da0b820 JavaThread "Unconstrained build operations Thread 15" [_thread_blocked, id=14752, stack(0x000000dcfcb00000,0x000000dcfcc00000)]
  0x000001ea9da0e5b0 JavaThread "Unconstrained build operations Thread 16" [_thread_blocked, id=21480, stack(0x000000dcfcc00000,0x000000dcfcd00000)]
  0x000001ea9da0eac0 JavaThread "Unconstrained build operations Thread 17" [_thread_blocked, id=19544, stack(0x000000dcfcd00000,0x000000dcfce00000)]
  0x000001ea9da0a8f0 JavaThread "Unconstrained build operations Thread 18" [_thread_blocked, id=13372, stack(0x000000dcfce00000,0x000000dcfcf00000)]
  0x000001eaaed4b480 JavaThread "Unconstrained build operations Thread 19" [_thread_blocked, id=25960, stack(0x000000dcfcf00000,0x000000dcfd000000)]
  0x000001eaaed4c3b0 JavaThread "Unconstrained build operations Thread 20" [_thread_blocked, id=18572, stack(0x000000dcfd000000,0x000000dcfd100000)]
  0x000001eaaed4c8c0 JavaThread "Unconstrained build operations Thread 21" [_thread_blocked, id=23156, stack(0x000000dcfd100000,0x000000dcfd200000)]
  0x000001eaaed4dd00 JavaThread "Unconstrained build operations Thread 22" [_thread_blocked, id=22420, stack(0x000000dcfd200000,0x000000dcfd300000)]
  0x000001eaaed4d7f0 JavaThread "Unconstrained build operations Thread 23" [_thread_blocked, id=13860, stack(0x000000dcfd300000,0x000000dcfd400000)]
  0x000001eaaed4aa60 JavaThread "Unconstrained build operations Thread 24" [_thread_blocked, id=2952, stack(0x000000dcfd400000,0x000000dcfd500000)]
  0x000001eaaed4a550 JavaThread "Unconstrained build operations Thread 25" [_thread_blocked, id=5508, stack(0x000000dcfd500000,0x000000dcfd600000)]
  0x000001eaaf0c72d0 JavaThread "Unconstrained build operations Thread 26" [_thread_blocked, id=4400, stack(0x000000dcfd600000,0x000000dcfd700000)]
  0x000001eaaf0c8710 JavaThread "Unconstrained build operations Thread 27" [_thread_blocked, id=19300, stack(0x000000dcfd700000,0x000000dcfd800000)]
  0x000001eaaf0c77e0 JavaThread "Unconstrained build operations Thread 28" [_thread_blocked, id=17532, stack(0x000000dcfd800000,0x000000dcfd900000)]
  0x000001eaaf0ca570 JavaThread "Unconstrained build operations Thread 29" [_thread_blocked, id=15824, stack(0x000000dcfd900000,0x000000dcfda00000)]
  0x000001eaaf0c9b50 JavaThread "Unconstrained build operations Thread 30" [_thread_blocked, id=23928, stack(0x000000dcfda00000,0x000000dcfdb00000)]
  0x000001eaaf0ca060 JavaThread "Unconstrained build operations Thread 31" [_thread_blocked, id=5588, stack(0x000000dcfdb00000,0x000000dcfdc00000)]
  0x000001eaaf0c6dc0 JavaThread "Unconstrained build operations Thread 32" [_thread_blocked, id=21688, stack(0x000000dcfdc00000,0x000000dcfdd00000)]
  0x000001eaaf0c7cf0 JavaThread "Unconstrained build operations Thread 33" [_thread_blocked, id=7268, stack(0x000000dcfdd00000,0x000000dcfde00000)]
  0x000001eaaf0c8200 JavaThread "Unconstrained build operations Thread 34" [_thread_blocked, id=27276, stack(0x000000dcfde00000,0x000000dcfdf00000)]
  0x000001eaaf0c9640 JavaThread "Unconstrained build operations Thread 35" [_thread_blocked, id=21600, stack(0x000000dcfdf00000,0x000000dcfe000000)]
  0x000001eaa1f1fed0 JavaThread "Unconstrained build operations Thread 36" [_thread_blocked, id=19168, stack(0x000000dcfe000000,0x000000dcfe100000)]
  0x000001eaa1f20e00 JavaThread "Unconstrained build operations Thread 37" [_thread_blocked, id=26640, stack(0x000000dcfe100000,0x000000dcfe200000)]
  0x000001eaa1f1f9c0 JavaThread "Unconstrained build operations Thread 38" [_thread_blocked, id=10324, stack(0x000000dcfe200000,0x000000dcfe300000)]
  0x000001ea9e25cc50 JavaThread "Unconstrained build operations Thread 39" [_thread_blocked, id=18880, stack(0x000000dcfe300000,0x000000dcfe400000)]
  0x000001ea9e25d160 JavaThread "Unconstrained build operations Thread 40" [_thread_blocked, id=20796, stack(0x000000dcfe400000,0x000000dcfe500000)]
  0x000001eaae2019f0 JavaThread "Unconstrained build operations Thread 41" [_thread_blocked, id=9540, stack(0x000000dcfe500000,0x000000dcfe600000)]
  0x000001eaae202920 JavaThread "Unconstrained build operations Thread 42" [_thread_blocked, id=18848, stack(0x000000dcfe600000,0x000000dcfe700000)]
  0x000001eaae202410 JavaThread "Unconstrained build operations Thread 43" [_thread_blocked, id=25064, stack(0x000000dcfe700000,0x000000dcfe800000)]
  0x000001eaae202e30 JavaThread "Unconstrained build operations Thread 44" [_thread_blocked, id=21840, stack(0x000000dcfe800000,0x000000dcfe900000)]
  0x000001eaae2014e0 JavaThread "Unconstrained build operations Thread 45" [_thread_blocked, id=7460, stack(0x000000dcfe900000,0x000000dcfea00000)]
  0x000001eaae201f00 JavaThread "Unconstrained build operations Thread 46" [_thread_blocked, id=11792, stack(0x000000dcfea00000,0x000000dcfeb00000)]
  0x000001ea9da0b310 JavaThread "Unconstrained build operations Thread 47" [_thread_blocked, id=13124, stack(0x000000dcfeb00000,0x000000dcfec00000)]
  0x000001eaaf0c8c20 JavaThread "Unconstrained build operations Thread 48" [_thread_blocked, id=25456, stack(0x000000dcfec00000,0x000000dcfed00000)]
  0x000001eaaf0c9130 JavaThread "Unconstrained build operations Thread 49" [_thread_blocked, id=13988, stack(0x000000dcfed00000,0x000000dcfee00000)]
  0x000001eaae1ec770 JavaThread "Unconstrained build operations Thread 50" [_thread_blocked, id=13540, stack(0x000000dcfee00000,0x000000dcfef00000)]
  0x000001eaae1ed190 JavaThread "Unconstrained build operations Thread 51" [_thread_blocked, id=7988, stack(0x000000dcfef00000,0x000000dcff000000)]
  0x000001eaae1ed6a0 JavaThread "Unconstrained build operations Thread 52" [_thread_blocked, id=25636, stack(0x000000dcff000000,0x000000dcff100000)]
  0x000001eaae1ee0c0 JavaThread "Unconstrained build operations Thread 53" [_thread_blocked, id=25308, stack(0x000000dcff100000,0x000000dcff200000)]
  0x000001eaae1edbb0 JavaThread "Unconstrained build operations Thread 54" [_thread_blocked, id=1584, stack(0x000000dcff200000,0x000000dcff300000)]
  0x000001eaae1ecc80 JavaThread "Unconstrained build operations Thread 55" [_thread_blocked, id=17876, stack(0x000000dcff300000,0x000000dcff400000)]
  0x000001eaa1d8f5d0 JavaThread "Unconstrained build operations Thread 56" [_thread_blocked, id=2112, stack(0x000000dcff400000,0x000000dcff500000)]
  0x000001eaa1d90f20 JavaThread "Unconstrained build operations Thread 57" [_thread_blocked, id=25552, stack(0x000000dcff500000,0x000000dcff600000)]
  0x000001eaa1d8e190 JavaThread "Unconstrained build operations Thread 58" [_thread_blocked, id=3668, stack(0x000000dcff600000,0x000000dcff700000)]
  0x000001eaa1d8f0c0 JavaThread "Unconstrained build operations Thread 59" [_thread_blocked, id=23168, stack(0x000000dcff700000,0x000000dcff800000)]
  0x000001eaa1d8e6a0 JavaThread "Unconstrained build operations Thread 60" [_thread_blocked, id=4380, stack(0x000000dcff900000,0x000000dcffa00000)]
  0x000001eaa1d91430 JavaThread "Unconstrained build operations Thread 61" [_thread_blocked, id=12344, stack(0x000000dcffa00000,0x000000dcffb00000)]
  0x000001eaaf6e4cb0 JavaThread "Unconstrained build operations Thread 62" [_thread_blocked, id=20052, stack(0x000000dcffb00000,0x000000dcffc00000)]
  0x000001eaa1d90500 JavaThread "Unconstrained build operations Thread 63" [_thread_blocked, id=16688, stack(0x000000dcffc00000,0x000000dcffd00000)]
  0x000001eaa1d91940 JavaThread "Unconstrained build operations Thread 64" [_thread_blocked, id=26028, stack(0x000000dcffd00000,0x000000dcffe00000)]
  0x000001eaa1d8ebb0 JavaThread "Unconstrained build operations Thread 65" [_thread_blocked, id=9252, stack(0x000000dcffe00000,0x000000dcfff00000)]
  0x000001eaa1d8fae0 JavaThread "Unconstrained build operations Thread 66" [_thread_blocked, id=5852, stack(0x000000dcfff00000,0x000000dd00000000)]
  0x000001eaa1d90a10 JavaThread "Unconstrained build operations Thread 67" [_thread_blocked, id=10396, stack(0x000000dc80000000,0x000000dc80100000)]
  0x000001ea9d7d19b0 JavaThread "Unconstrained build operations Thread 68" [_thread_blocked, id=3948, stack(0x000000dc80100000,0x000000dc80200000)]
  0x000001ea9d7d4c50 JavaThread "Unconstrained build operations Thread 69" [_thread_blocked, id=15584, stack(0x000000dc80200000,0x000000dc80300000)]
  0x000001ea9d7d2df0 JavaThread "Unconstrained build operations Thread 70" [_thread_blocked, id=14460, stack(0x000000dc80300000,0x000000dc80400000)]
  0x000001ea9d7d3300 JavaThread "Unconstrained build operations Thread 71" [_thread_blocked, id=20720, stack(0x000000dc80400000,0x000000dc80500000)]
  0x000001ea9d7d3810 JavaThread "Unconstrained build operations Thread 72" [_thread_blocked, id=24904, stack(0x000000dc80500000,0x000000dc80600000)]
  0x000001ea9d7d5160 JavaThread "Unconstrained build operations Thread 73" [_thread_blocked, id=2656, stack(0x000000dc80600000,0x000000dc80700000)]
  0x000001ea9d7d4230 JavaThread "Unconstrained build operations Thread 74" [_thread_blocked, id=11992, stack(0x000000dc80700000,0x000000dc80800000)]
  0x000001ea9d7d4740 JavaThread "Unconstrained build operations Thread 75" [_thread_blocked, id=20000, stack(0x000000dc80800000,0x000000dc80900000)]
  0x000001eaa170a6f0 JavaThread "Unconstrained build operations Thread 76" [_thread_blocked, id=20996, stack(0x000000dc80900000,0x000000dc80a00000)]
  0x000001eaa17097c0 JavaThread "Unconstrained build operations Thread 77" [_thread_blocked, id=5364, stack(0x000000dc80a00000,0x000000dc80b00000)]
  0x000001eaa16a18b0 JavaThread "Unconstrained build operations Thread 78" [_thread_blocked, id=21064, stack(0x000000dc80b00000,0x000000dc80c00000)]
  0x000001eaa16a0470 JavaThread "Unconstrained build operations Thread 79" [_thread_blocked, id=13820, stack(0x000000dc80c00000,0x000000dc80d00000)]
  0x000001eaa16a13a0 JavaThread "Unconstrained build operations Thread 80" [_thread_blocked, id=10768, stack(0x000000dc80d00000,0x000000dc80e00000)]
  0x000001eaffaf2ec0 JavaThread "C2 CompilerThread1" daemon [_thread_in_native, id=23208, stack(0x000000dc80e00000,0x000000dc80f00000)]
  0x000001eaffaf6930 JavaThread "C2 CompilerThread2" daemon [_thread_in_native, id=22484, stack(0x000000dc80f00000,0x000000dc81000000)]

Other Threads:
  0x000001eaff65a690 VMThread "VM Thread" [stack: 0x000000dcf8400000,0x000000dcf8500000] [id=8396]
  0x000001eae6d7b2f0 WatcherThread [stack: 0x000000dcf9000000,0x000000dcf9100000] [id=23876]
  0x000001eae6dab6f0 GCTaskThread "GC Thread#0" [stack: 0x000000dcf7f00000,0x000000dcf8000000] [id=14824]
  0x000001ea9b300c10 GCTaskThread "GC Thread#1" [stack: 0x000000dcf9300000,0x000000dcf9400000] [id=21168]
  0x000001eaffb1ebc0 GCTaskThread "GC Thread#2" [stack: 0x000000dcf9400000,0x000000dcf9500000] [id=3884]
  0x000001eaffb1ee80 GCTaskThread "GC Thread#3" [stack: 0x000000dcf9500000,0x000000dcf9600000] [id=24404]
  0x000001ea9baad630 GCTaskThread "GC Thread#4" [stack: 0x000000dcf9600000,0x000000dcf9700000] [id=7500]
  0x000001ea9baad8f0 GCTaskThread "GC Thread#5" [stack: 0x000000dcf9700000,0x000000dcf9800000] [id=13404]
  0x000001ea9e51fc90 GCTaskThread "GC Thread#6" [stack: 0x000000dcfa600000,0x000000dcfa700000] [id=6648]
  0x000001ea9e520210 GCTaskThread "GC Thread#7" [stack: 0x000000dcfa700000,0x000000dcfa800000] [id=25904]
  0x000001eae6db0640 ConcurrentGCThread "G1 Main Marker" [stack: 0x000000dcf8000000,0x000000dcf8100000] [id=19736]
  0x000001eae4d6a0c0 ConcurrentGCThread "G1 Conc#0" [stack: 0x000000dcf8100000,0x000000dcf8200000] [id=25896]
  0x000001ea9e51f9d0 ConcurrentGCThread "G1 Conc#1" [stack: 0x000000dcfaa00000,0x000000dcfab00000] [id=9496]
  0x000001eae6e3e7b0 ConcurrentGCThread "G1 Refine#0" [stack: 0x000000dcf8200000,0x000000dcf8300000] [id=12552]
  0x000001eaa0563370 ConcurrentGCThread "G1 Refine#1" [stack: 0x000000dcfae00000,0x000000dcfaf00000] [id=6312]
  0x000001eaa05650d0 ConcurrentGCThread "G1 Refine#2" [stack: 0x000000dcfb200000,0x000000dcfb300000] [id=20392]
  0x000001eaa0564de0 ConcurrentGCThread "G1 Refine#3" [stack: 0x000000dcf9100000,0x000000dcf9200000] [id=25792]
  0x000001eaa200a0e0 ConcurrentGCThread "G1 Refine#4" [stack: 0x000000dcfc300000,0x000000dcfc400000] [id=22968]
  0x000001eaff51e280 ConcurrentGCThread "G1 Service" [stack: 0x000000dcf8300000,0x000000dcf8400000] [id=23300]

Threads with active compile tasks:
C2 CompilerThread0    76150 17899   !   4       io.spring.gradle.dependencymanagement.org.apache.maven.model.interpolation.StringSearchModelInterpolator$InterpolateObjectAction$MapField::doInterpolate (166 bytes)
C1 CompilerThread0    76150 18024   !   3       org.gradle.api.internal.artifacts.ivyservice.resolveengine.result.CachingComponentSelectionDescriptorFactory::newDescriptor (42 bytes)
C2 CompilerThread1    76150 17794       4       org.gradle.internal.component.model.DefaultComponentGraphResolveState$DefaultConfigurationGraphResolveState::getAttributes (5 bytes)
C2 CompilerThread2    76151 17910       4       io.spring.gradle.dependencymanagement.internal.properties.CompositePropertySource$$Lambda$1705/0x000001ea83ec35e8::apply (12 bytes)

VM state: not at safepoint (normal execution)

VM Mutex/Monitor currently owned by a thread: None

Heap address: 0x00000000e0000000, size: 512 MB, Compressed Oops mode: 32-bit

CDS archive(s) mapped at: [0x000001ea82000000-0x000001ea82bd0000-0x000001ea82bd0000), size 12386304, SharedBaseAddress: 0x000001ea82000000, ArchiveRelocationMode: 1.
Compressed class space mapped at: 0x000001ea83000000-0x000001ea97000000, reserved size: 335544320
Narrow klass base: 0x000001ea82000000, Narrow klass shift: 0, Narrow klass range: 0x100000000

GC Precious Log:
 CPUs: 8 total, 8 available
 Memory: 16151M
 Large Page Support: Disabled
 NUMA Support: Disabled
 Compressed Oops: Enabled (32-bit)
 Heap Region Size: 1M
 Heap Min Capacity: 256M
 Heap Initial Capacity: 256M
 Heap Max Capacity: 512M
 Pre-touch: Disabled
 Parallel Workers: 8
 Concurrent Workers: 2
 Concurrent Refinement Workers: 8
 Periodic GC: Disabled

Heap:
 garbage-first heap   total 262144K, used 210553K [0x00000000e0000000, 0x0000000100000000)
  region size 1024K, 108 young (110592K), 7 survivors (7168K)
 Metaspace       used 130645K, committed 131456K, reserved 458752K
  class space    used 16598K, committed 16960K, reserved 327680K

Heap Regions: E=young(eden), S=young(survivor), O=old, HS=humongous(starts), HC=humongous(continues), CS=collection set, F=free, OA=open archive, CA=closed archive, TAMS=top-at-mark-start (previous, next)
|   0|0x00000000e0000000, 0x00000000e0100000, 0x00000000e0100000|100%|HS|  |TAMS 0x00000000e0100000, 0x00000000e0000000| Complete 
|   1|0x00000000e0100000, 0x00000000e0200000, 0x00000000e0200000|100%|HC|  |TAMS 0x00000000e0200000, 0x00000000e0100000| Complete 
|   2|0x00000000e0200000, 0x00000000e0300000, 0x00000000e0300000|100%|HC|  |TAMS 0x00000000e0300000, 0x00000000e0200000| Complete 
|   3|0x00000000e0300000, 0x00000000e0400000, 0x00000000e0400000|100%|HC|  |TAMS 0x00000000e0400000, 0x00000000e0300000| Complete 
|   4|0x00000000e0400000, 0x00000000e0500000, 0x00000000e0500000|100%| O|  |TAMS 0x00000000e0500000, 0x00000000e0400000| Untracked 
|   5|0x00000000e0500000, 0x00000000e0600000, 0x00000000e0600000|100%| O|  |TAMS 0x00000000e0600000, 0x00000000e0500000| Untracked 
|   6|0x00000000e0600000, 0x00000000e0700000, 0x00000000e0700000|100%| O|  |TAMS 0x00000000e0700000, 0x00000000e0600000| Untracked 
|   7|0x00000000e0700000, 0x00000000e0800000, 0x00000000e0800000|100%| O|  |TAMS 0x00000000e0800000, 0x00000000e0700000| Untracked 
|   8|0x00000000e0800000, 0x00000000e0900000, 0x00000000e0900000|100%| O|  |TAMS 0x00000000e0900000, 0x00000000e0800000| Untracked 
|   9|0x00000000e0900000, 0x00000000e0a00000, 0x00000000e0a00000|100%| O|  |TAMS 0x00000000e0900000, 0x00000000e0900000| Untracked 
|  10|0x00000000e0a00000, 0x00000000e0b00000, 0x00000000e0b00000|100%| O|  |TAMS 0x00000000e0b00000, 0x00000000e0a00000| Untracked 
|  11|0x00000000e0b00000, 0x00000000e0c00000, 0x00000000e0c00000|100%| O|  |TAMS 0x00000000e0c00000, 0x00000000e0b00000| Untracked 
|  12|0x00000000e0c00000, 0x00000000e0d00000, 0x00000000e0d00000|100%| O|  |TAMS 0x00000000e0d00000, 0x00000000e0c00000| Untracked 
|  13|0x00000000e0d00000, 0x00000000e0e00000, 0x00000000e0e00000|100%| O|  |TAMS 0x00000000e0e00000, 0x00000000e0d00000| Untracked 
|  14|0x00000000e0e00000, 0x00000000e0f00000, 0x00000000e0f00000|100%| O|  |TAMS 0x00000000e0f00000, 0x00000000e0e00000| Untracked 
|  15|0x00000000e0f00000, 0x00000000e1000000, 0x00000000e1000000|100%| O|  |TAMS 0x00000000e1000000, 0x00000000e0f00000| Untracked 
|  16|0x00000000e1000000, 0x00000000e1100000, 0x00000000e1100000|100%| O|  |TAMS 0x00000000e1100000, 0x00000000e1000000| Untracked 
|  17|0x00000000e1100000, 0x00000000e1200000, 0x00000000e1200000|100%| O|  |TAMS 0x00000000e1200000, 0x00000000e1100000| Untracked 
|  18|0x00000000e1200000, 0x00000000e1300000, 0x00000000e1300000|100%| O|  |TAMS 0x00000000e1300000, 0x00000000e1200000| Untracked 
|  19|0x00000000e1300000, 0x00000000e1400000, 0x00000000e1400000|100%| O|  |TAMS 0x00000000e1400000, 0x00000000e1300000| Untracked 
|  20|0x00000000e1400000, 0x00000000e1500000, 0x00000000e1500000|100%| O|  |TAMS 0x00000000e1500000, 0x00000000e1400000| Untracked 
|  21|0x00000000e1500000, 0x00000000e1600000, 0x00000000e1600000|100%| O|  |TAMS 0x00000000e1600000, 0x00000000e1500000| Untracked 
|  22|0x00000000e1600000, 0x00000000e1700000, 0x00000000e1700000|100%| O|  |TAMS 0x00000000e1700000, 0x00000000e1600000| Untracked 
|  23|0x00000000e1700000, 0x00000000e1800000, 0x00000000e1800000|100%| O|  |TAMS 0x00000000e1800000, 0x00000000e1700000| Untracked 
|  24|0x00000000e1800000, 0x00000000e1900000, 0x00000000e1900000|100%| O|  |TAMS 0x00000000e1900000, 0x00000000e1800000| Untracked 
|  25|0x00000000e1900000, 0x00000000e1a00000, 0x00000000e1a00000|100%| O|  |TAMS 0x00000000e1a00000, 0x00000000e1900000| Untracked 
|  26|0x00000000e1a00000, 0x00000000e1b00000, 0x00000000e1b00000|100%| O|  |TAMS 0x00000000e1b00000, 0x00000000e1a00000| Untracked 
|  27|0x00000000e1b00000, 0x00000000e1c00000, 0x00000000e1c00000|100%| O|  |TAMS 0x00000000e1c00000, 0x00000000e1b00000| Untracked 
|  28|0x00000000e1c00000, 0x00000000e1d00000, 0x00000000e1d00000|100%| O|  |TAMS 0x00000000e1d00000, 0x00000000e1c00000| Untracked 
|  29|0x00000000e1d00000, 0x00000000e1e00000, 0x00000000e1e00000|100%| O|  |TAMS 0x00000000e1e00000, 0x00000000e1d00000| Untracked 
|  30|0x00000000e1e00000, 0x00000000e1f00000, 0x00000000e1f00000|100%| O|  |TAMS 0x00000000e1f00000, 0x00000000e1e00000| Untracked 
|  31|0x00000000e1f00000, 0x00000000e2000000, 0x00000000e2000000|100%| O|  |TAMS 0x00000000e1f00000, 0x00000000e1f00000| Untracked 
|  32|0x00000000e2000000, 0x00000000e2100000, 0x00000000e2100000|100%| O|  |TAMS 0x00000000e2000000, 0x00000000e2000000| Untracked 
|  33|0x00000000e2100000, 0x00000000e2200000, 0x00000000e2200000|100%| O|  |TAMS 0x00000000e2100000, 0x00000000e2100000| Untracked 
|  34|0x00000000e2200000, 0x00000000e2300000, 0x00000000e2300000|100%| O|  |TAMS 0x00000000e2200000, 0x00000000e2200000| Untracked 
|  35|0x00000000e2300000, 0x00000000e2400000, 0x00000000e2400000|100%| O|  |TAMS 0x00000000e2300000, 0x00000000e2300000| Untracked 
|  36|0x00000000e2400000, 0x00000000e24e9600, 0x00000000e2500000| 91%| O|  |TAMS 0x00000000e2400000, 0x00000000e2400000| Untracked 
|  37|0x00000000e2500000, 0x00000000e2600000, 0x00000000e2600000|100%| O|  |TAMS 0x00000000e2600000, 0x00000000e2500000| Untracked 
|  38|0x00000000e2600000, 0x00000000e2700000, 0x00000000e2700000|100%| O|  |TAMS 0x00000000e2700000, 0x00000000e2600000| Untracked 
|  39|0x00000000e2700000, 0x00000000e2800000, 0x00000000e2800000|100%| O|  |TAMS 0x00000000e2800000, 0x00000000e2700000| Untracked 
|  40|0x00000000e2800000, 0x00000000e2900000, 0x00000000e2900000|100%| O|  |TAMS 0x00000000e2900000, 0x00000000e2800000| Untracked 
|  41|0x00000000e2900000, 0x00000000e2a00000, 0x00000000e2a00000|100%| O|  |TAMS 0x00000000e2a00000, 0x00000000e2900000| Untracked 
|  42|0x00000000e2a00000, 0x00000000e2b00000, 0x00000000e2b00000|100%| O|  |TAMS 0x00000000e2b00000, 0x00000000e2a00000| Untracked 
|  43|0x00000000e2b00000, 0x00000000e2c00000, 0x00000000e2c00000|100%| O|  |TAMS 0x00000000e2b00000, 0x00000000e2b00000| Untracked 
|  44|0x00000000e2c00000, 0x00000000e2d00000, 0x00000000e2d00000|100%| O|  |TAMS 0x00000000e2d00000, 0x00000000e2c00000| Untracked 
|  45|0x00000000e2d00000, 0x00000000e2e00000, 0x00000000e2e00000|100%| O|  |TAMS 0x00000000e2e00000, 0x00000000e2d00000| Untracked 
|  46|0x00000000e2e00000, 0x00000000e2f00000, 0x00000000e2f00000|100%| O|  |TAMS 0x00000000e2f00000, 0x00000000e2e00000| Untracked 
|  47|0x00000000e2f00000, 0x00000000e3000000, 0x00000000e3000000|100%| O|  |TAMS 0x00000000e3000000, 0x00000000e2f00000| Untracked 
|  48|0x00000000e3000000, 0x00000000e3100000, 0x00000000e3100000|100%| O|  |TAMS 0x00000000e3100000, 0x00000000e3000000| Untracked 
|  49|0x00000000e3100000, 0x00000000e3200000, 0x00000000e3200000|100%| O|  |TAMS 0x00000000e3200000, 0x00000000e3100000| Untracked 
|  50|0x00000000e3200000, 0x00000000e3300000, 0x00000000e3300000|100%| O|  |TAMS 0x00000000e3300000, 0x00000000e3200000| Untracked 
|  51|0x00000000e3300000, 0x00000000e3400000, 0x00000000e3400000|100%| O|  |TAMS 0x00000000e3400000, 0x00000000e3300000| Untracked 
|  52|0x00000000e3400000, 0x00000000e3500000, 0x00000000e3500000|100%| O|  |TAMS 0x00000000e34b4400, 0x00000000e3400000| Untracked 
|  53|0x00000000e3500000, 0x00000000e3600000, 0x00000000e3600000|100%| O|  |TAMS 0x00000000e3500000, 0x00000000e3500000| Untracked 
|  54|0x00000000e3600000, 0x00000000e3700000, 0x00000000e3700000|100%| O|  |TAMS 0x00000000e3600000, 0x00000000e3600000| Untracked 
|  55|0x00000000e3700000, 0x00000000e3800000, 0x00000000e3800000|100%| O|  |TAMS 0x00000000e3700000, 0x00000000e3700000| Untracked 
|  56|0x00000000e3800000, 0x00000000e3900000, 0x00000000e3900000|100%| O|  |TAMS 0x00000000e3800000, 0x00000000e3800000| Untracked 
|  57|0x00000000e3900000, 0x00000000e3a00000, 0x00000000e3a00000|100%| O|  |TAMS 0x00000000e3900000, 0x00000000e3900000| Untracked 
|  58|0x00000000e3a00000, 0x00000000e3b00000, 0x00000000e3b00000|100%| O|  |TAMS 0x00000000e3a00000, 0x00000000e3a00000| Untracked 
|  59|0x00000000e3b00000, 0x00000000e3c00000, 0x00000000e3c00000|100%| O|  |TAMS 0x00000000e3b00000, 0x00000000e3b00000| Untracked 
|  60|0x00000000e3c00000, 0x00000000e3d00000, 0x00000000e3d00000|100%| O|  |TAMS 0x00000000e3c00000, 0x00000000e3c00000| Untracked 
|  61|0x00000000e3d00000, 0x00000000e3e00000, 0x00000000e3e00000|100%| O|  |TAMS 0x00000000e3d00000, 0x00000000e3d00000| Untracked 
|  62|0x00000000e3e00000, 0x00000000e3f00000, 0x00000000e3f00000|100%| O|  |TAMS 0x00000000e3e00000, 0x00000000e3e00000| Untracked 
|  63|0x00000000e3f00000, 0x00000000e4000000, 0x00000000e4000000|100%| O|  |TAMS 0x00000000e3f00000, 0x00000000e3f00000| Untracked 
|  64|0x00000000e4000000, 0x00000000e4100000, 0x00000000e4100000|100%| O|  |TAMS 0x00000000e4000000, 0x00000000e4000000| Untracked 
|  65|0x00000000e4100000, 0x00000000e4200000, 0x00000000e4200000|100%| O|  |TAMS 0x00000000e4100000, 0x00000000e4100000| Untracked 
|  66|0x00000000e4200000, 0x00000000e4300000, 0x00000000e4300000|100%| O|  |TAMS 0x00000000e4200000, 0x00000000e4200000| Untracked 
|  67|0x00000000e4300000, 0x00000000e4400000, 0x00000000e4400000|100%| O|  |TAMS 0x00000000e4300000, 0x00000000e4300000| Untracked 
|  68|0x00000000e4400000, 0x00000000e4500000, 0x00000000e4500000|100%| O|  |TAMS 0x00000000e4400000, 0x00000000e4400000| Untracked 
|  69|0x00000000e4500000, 0x00000000e4600000, 0x00000000e4600000|100%| O|  |TAMS 0x00000000e4500000, 0x00000000e4500000| Untracked 
|  70|0x00000000e4600000, 0x00000000e4700000, 0x00000000e4700000|100%| O|  |TAMS 0x00000000e4600000, 0x00000000e4600000| Untracked 
|  71|0x00000000e4700000, 0x00000000e4800000, 0x00000000e4800000|100%| O|  |TAMS 0x00000000e4700000, 0x00000000e4700000| Untracked 
|  72|0x00000000e4800000, 0x00000000e4900000, 0x00000000e4900000|100%| O|  |TAMS 0x00000000e4800000, 0x00000000e4800000| Untracked 
|  73|0x00000000e4900000, 0x00000000e4a00000, 0x00000000e4a00000|100%| O|  |TAMS 0x00000000e4900000, 0x00000000e4900000| Untracked 
|  74|0x00000000e4a00000, 0x00000000e4b00000, 0x00000000e4b00000|100%| O|  |TAMS 0x00000000e4a00000, 0x00000000e4a00000| Untracked 
|  75|0x00000000e4b00000, 0x00000000e4c00000, 0x00000000e4c00000|100%| O|  |TAMS 0x00000000e4b00000, 0x00000000e4b00000| Untracked 
|  76|0x00000000e4c00000, 0x00000000e4d00000, 0x00000000e4d00000|100%| O|  |TAMS 0x00000000e4c00000, 0x00000000e4c00000| Untracked 
|  77|0x00000000e4d00000, 0x00000000e4e00000, 0x00000000e4e00000|100%| O|  |TAMS 0x00000000e4d00000, 0x00000000e4d00000| Untracked 
|  78|0x00000000e4e00000, 0x00000000e4f00000, 0x00000000e4f00000|100%| O|  |TAMS 0x00000000e4e00000, 0x00000000e4e00000| Untracked 
|  79|0x00000000e4f00000, 0x00000000e5000000, 0x00000000e5000000|100%| O|  |TAMS 0x00000000e4f00000, 0x00000000e4f00000| Untracked 
|  80|0x00000000e5000000, 0x00000000e5100000, 0x00000000e5100000|100%| O|  |TAMS 0x00000000e5000000, 0x00000000e5000000| Untracked 
|  81|0x00000000e5100000, 0x00000000e5200000, 0x00000000e5200000|100%| O|  |TAMS 0x00000000e5100000, 0x00000000e5100000| Untracked 
|  82|0x00000000e5200000, 0x00000000e5200000, 0x00000000e5300000|  0%| F|  |TAMS 0x00000000e5200000, 0x00000000e5200000| Untracked 
|  83|0x00000000e5300000, 0x00000000e5400000, 0x00000000e5400000|100%| O|  |TAMS 0x00000000e5300000, 0x00000000e5300000| Untracked 
|  84|0x00000000e5400000, 0x00000000e5500000, 0x00000000e5500000|100%| O|  |TAMS 0x00000000e5400000, 0x00000000e5400000| Untracked 
|  85|0x00000000e5500000, 0x00000000e5600000, 0x00000000e5600000|100%| O|  |TAMS 0x00000000e5500000, 0x00000000e5500000| Untracked 
|  86|0x00000000e5600000, 0x00000000e5700000, 0x00000000e5700000|100%| O|  |TAMS 0x00000000e5600000, 0x00000000e5600000| Untracked 
|  87|0x00000000e5700000, 0x00000000e5800000, 0x00000000e5800000|100%| O|  |TAMS 0x00000000e5700000, 0x00000000e5700000| Untracked 
|  88|0x00000000e5800000, 0x00000000e5900000, 0x00000000e5900000|100%| O|  |TAMS 0x00000000e5800000, 0x00000000e5800000| Untracked 
|  89|0x00000000e5900000, 0x00000000e5a00000, 0x00000000e5a00000|100%| O|  |TAMS 0x00000000e5900000, 0x00000000e5900000| Untracked 
|  90|0x00000000e5a00000, 0x00000000e5b00000, 0x00000000e5b00000|100%| O|  |TAMS 0x00000000e5a00000, 0x00000000e5a00000| Untracked 
|  91|0x00000000e5b00000, 0x00000000e5c00000, 0x00000000e5c00000|100%| O|  |TAMS 0x00000000e5b00000, 0x00000000e5b00000| Untracked 
|  92|0x00000000e5c00000, 0x00000000e5d00000, 0x00000000e5d00000|100%| O|  |TAMS 0x00000000e5c00000, 0x00000000e5c00000| Untracked 
|  93|0x00000000e5d00000, 0x00000000e5e00000, 0x00000000e5e00000|100%| O|  |TAMS 0x00000000e5d00000, 0x00000000e5d00000| Untracked 
|  94|0x00000000e5e00000, 0x00000000e5f00000, 0x00000000e5f00000|100%| O|  |TAMS 0x00000000e5e00000, 0x00000000e5e00000| Untracked 
|  95|0x00000000e5f00000, 0x00000000e6000000, 0x00000000e6000000|100%| O|  |TAMS 0x00000000e5f00000, 0x00000000e5f00000| Untracked 
|  96|0x00000000e6000000, 0x00000000e6100000, 0x00000000e6100000|100%| O|  |TAMS 0x00000000e6000000, 0x00000000e6000000| Untracked 
|  97|0x00000000e6100000, 0x00000000e6200000, 0x00000000e6200000|100%| O|  |TAMS 0x00000000e6100000, 0x00000000e6100000| Untracked 
|  98|0x00000000e6200000, 0x00000000e6300000, 0x00000000e6300000|100%| O|  |TAMS 0x00000000e6200000, 0x00000000e6200000| Untracked 
|  99|0x00000000e6300000, 0x00000000e6400000, 0x00000000e6400000|100%| O|  |TAMS 0x00000000e6300000, 0x00000000e6300000| Untracked 
| 100|0x00000000e6400000, 0x00000000e6400000, 0x00000000e6500000|  0%| F|  |TAMS 0x00000000e6400000, 0x00000000e6400000| Untracked 
| 101|0x00000000e6500000, 0x00000000e6500000, 0x00000000e6600000|  0%| F|  |TAMS 0x00000000e6500000, 0x00000000e6500000| Untracked 
| 102|0x00000000e6600000, 0x00000000e6600000, 0x00000000e6700000|  0%| F|  |TAMS 0x00000000e6600000, 0x00000000e6600000| Untracked 
| 103|0x00000000e6700000, 0x00000000e6700000, 0x00000000e6800000|  0%| F|  |TAMS 0x00000000e6700000, 0x00000000e6700000| Untracked 
| 104|0x00000000e6800000, 0x00000000e6800000, 0x00000000e6900000|  0%| F|  |TAMS 0x00000000e6800000, 0x00000000e6800000| Untracked 
| 105|0x00000000e6900000, 0x00000000e6900000, 0x00000000e6a00000|  0%| F|  |TAMS 0x00000000e6900000, 0x00000000e6900000| Untracked 
| 106|0x00000000e6a00000, 0x00000000e6a00000, 0x00000000e6b00000|  0%| F|  |TAMS 0x00000000e6a00000, 0x00000000e6a00000| Untracked 
| 107|0x00000000e6b00000, 0x00000000e6b00000, 0x00000000e6c00000|  0%| F|  |TAMS 0x00000000e6b00000, 0x00000000e6b00000| Untracked 
| 108|0x00000000e6c00000, 0x00000000e6c00000, 0x00000000e6d00000|  0%| F|  |TAMS 0x00000000e6c00000, 0x00000000e6c00000| Untracked 
| 109|0x00000000e6d00000, 0x00000000e6d00000, 0x00000000e6e00000|  0%| F|  |TAMS 0x00000000e6d00000, 0x00000000e6d00000| Untracked 
| 110|0x00000000e6e00000, 0x00000000e6e00000, 0x00000000e6f00000|  0%| F|  |TAMS 0x00000000e6e00000, 0x00000000e6e00000| Untracked 
| 111|0x00000000e6f00000, 0x00000000e6f00000, 0x00000000e7000000|  0%| F|  |TAMS 0x00000000e6f00000, 0x00000000e6f00000| Untracked 
| 112|0x00000000e7000000, 0x00000000e7000000, 0x00000000e7100000|  0%| F|  |TAMS 0x00000000e7000000, 0x00000000e7000000| Untracked 
| 113|0x00000000e7100000, 0x00000000e7100000, 0x00000000e7200000|  0%| F|  |TAMS 0x00000000e7100000, 0x00000000e7100000| Untracked 
| 114|0x00000000e7200000, 0x00000000e7200000, 0x00000000e7300000|  0%| F|  |TAMS 0x00000000e7200000, 0x00000000e7200000| Untracked 
| 115|0x00000000e7300000, 0x00000000e7300000, 0x00000000e7400000|  0%| F|  |TAMS 0x00000000e7300000, 0x00000000e7300000| Untracked 
| 116|0x00000000e7400000, 0x00000000e7400000, 0x00000000e7500000|  0%| F|  |TAMS 0x00000000e7400000, 0x00000000e7400000| Untracked 
| 117|0x00000000e7500000, 0x00000000e7500000, 0x00000000e7600000|  0%| F|  |TAMS 0x00000000e7500000, 0x00000000e7500000| Untracked 
| 118|0x00000000e7600000, 0x00000000e7600000, 0x00000000e7700000|  0%| F|  |TAMS 0x00000000e7600000, 0x00000000e7600000| Untracked 
| 119|0x00000000e7700000, 0x00000000e7700000, 0x00000000e7800000|  0%| F|  |TAMS 0x00000000e7700000, 0x00000000e7700000| Untracked 
| 120|0x00000000e7800000, 0x00000000e7800000, 0x00000000e7900000|  0%| F|  |TAMS 0x00000000e7800000, 0x00000000e7800000| Untracked 
| 121|0x00000000e7900000, 0x00000000e7900000, 0x00000000e7a00000|  0%| F|  |TAMS 0x00000000e7900000, 0x00000000e7900000| Untracked 
| 122|0x00000000e7a00000, 0x00000000e7a00000, 0x00000000e7b00000|  0%| F|  |TAMS 0x00000000e7a00000, 0x00000000e7a00000| Untracked 
| 123|0x00000000e7b00000, 0x00000000e7b00000, 0x00000000e7c00000|  0%| F|  |TAMS 0x00000000e7b00000, 0x00000000e7b00000| Untracked 
| 124|0x00000000e7c00000, 0x00000000e7c00000, 0x00000000e7d00000|  0%| F|  |TAMS 0x00000000e7c00000, 0x00000000e7c00000| Untracked 
| 125|0x00000000e7d00000, 0x00000000e7d00000, 0x00000000e7e00000|  0%| F|  |TAMS 0x00000000e7d00000, 0x00000000e7d00000| Untracked 
| 126|0x00000000e7e00000, 0x00000000e7e00000, 0x00000000e7f00000|  0%| F|  |TAMS 0x00000000e7e00000, 0x00000000e7e00000| Untracked 
| 127|0x00000000e7f00000, 0x00000000e7f00000, 0x00000000e8000000|  0%| F|  |TAMS 0x00000000e7f00000, 0x00000000e7f00000| Untracked 
| 128|0x00000000e8000000, 0x00000000e8000000, 0x00000000e8100000|  0%| F|  |TAMS 0x00000000e8000000, 0x00000000e8000000| Untracked 
| 129|0x00000000e8100000, 0x00000000e8100000, 0x00000000e8200000|  0%| F|  |TAMS 0x00000000e8100000, 0x00000000e8100000| Untracked 
| 130|0x00000000e8200000, 0x00000000e8200000, 0x00000000e8300000|  0%| F|  |TAMS 0x00000000e8200000, 0x00000000e8200000| Untracked 
| 131|0x00000000e8300000, 0x00000000e8300000, 0x00000000e8400000|  0%| F|  |TAMS 0x00000000e8300000, 0x00000000e8300000| Untracked 
| 132|0x00000000e8400000, 0x00000000e8400000, 0x00000000e8500000|  0%| F|  |TAMS 0x00000000e8400000, 0x00000000e8400000| Untracked 
| 133|0x00000000e8500000, 0x00000000e8500000, 0x00000000e8600000|  0%| F|  |TAMS 0x00000000e8500000, 0x00000000e8500000| Untracked 
| 134|0x00000000e8600000, 0x00000000e8600000, 0x00000000e8700000|  0%| F|  |TAMS 0x00000000e8600000, 0x00000000e8600000| Untracked 
| 135|0x00000000e8700000, 0x00000000e8700000, 0x00000000e8800000|  0%| F|  |TAMS 0x00000000e8700000, 0x00000000e8700000| Untracked 
| 136|0x00000000e8800000, 0x00000000e8800000, 0x00000000e8900000|  0%| F|  |TAMS 0x00000000e8800000, 0x00000000e8800000| Untracked 
| 137|0x00000000e8900000, 0x00000000e8900000, 0x00000000e8a00000|  0%| F|  |TAMS 0x00000000e8900000, 0x00000000e8900000| Untracked 
| 138|0x00000000e8a00000, 0x00000000e8a00000, 0x00000000e8b00000|  0%| F|  |TAMS 0x00000000e8a00000, 0x00000000e8a00000| Untracked 
| 139|0x00000000e8b00000, 0x00000000e8b00000, 0x00000000e8c00000|  0%| F|  |TAMS 0x00000000e8b00000, 0x00000000e8b00000| Untracked 
| 140|0x00000000e8c00000, 0x00000000e8c00000, 0x00000000e8d00000|  0%| F|  |TAMS 0x00000000e8c00000, 0x00000000e8c00000| Untracked 
| 141|0x00000000e8d00000, 0x00000000e8d00000, 0x00000000e8e00000|  0%| F|  |TAMS 0x00000000e8d00000, 0x00000000e8d00000| Untracked 
| 142|0x00000000e8e00000, 0x00000000e8e00000, 0x00000000e8f00000|  0%| F|  |TAMS 0x00000000e8e00000, 0x00000000e8e00000| Untracked 
| 143|0x00000000e8f00000, 0x00000000e8fb5130, 0x00000000e9000000| 70%| S|CS|TAMS 0x00000000e8f00000, 0x00000000e8f00000| Complete 
| 144|0x00000000e9000000, 0x00000000e9100000, 0x00000000e9100000|100%| S|CS|TAMS 0x00000000e9000000, 0x00000000e9000000| Complete 
| 145|0x00000000e9100000, 0x00000000e9200000, 0x00000000e9200000|100%| S|CS|TAMS 0x00000000e9100000, 0x00000000e9100000| Complete 
| 146|0x00000000e9200000, 0x00000000e9300000, 0x00000000e9300000|100%| S|CS|TAMS 0x00000000e9200000, 0x00000000e9200000| Complete 
| 147|0x00000000e9300000, 0x00000000e9400000, 0x00000000e9400000|100%| S|CS|TAMS 0x00000000e9300000, 0x00000000e9300000| Complete 
| 148|0x00000000e9400000, 0x00000000e9500000, 0x00000000e9500000|100%| S|CS|TAMS 0x00000000e9400000, 0x00000000e9400000| Complete 
| 149|0x00000000e9500000, 0x00000000e9600000, 0x00000000e9600000|100%| S|CS|TAMS 0x00000000e9500000, 0x00000000e9500000| Complete 
| 150|0x00000000e9600000, 0x00000000e9600000, 0x00000000e9700000|  0%| F|  |TAMS 0x00000000e9600000, 0x00000000e9600000| Untracked 
| 151|0x00000000e9700000, 0x00000000e9700000, 0x00000000e9800000|  0%| F|  |TAMS 0x00000000e9700000, 0x00000000e9700000| Untracked 
| 152|0x00000000e9800000, 0x00000000e9800000, 0x00000000e9900000|  0%| F|  |TAMS 0x00000000e9800000, 0x00000000e9800000| Untracked 
| 153|0x00000000e9900000, 0x00000000e9900000, 0x00000000e9a00000|  0%| F|  |TAMS 0x00000000e9900000, 0x00000000e9900000| Untracked 
| 154|0x00000000e9a00000, 0x00000000e9a80800, 0x00000000e9b00000| 50%| E|  |TAMS 0x00000000e9a00000, 0x00000000e9a00000| Complete 
| 155|0x00000000e9b00000, 0x00000000e9c00000, 0x00000000e9c00000|100%| E|CS|TAMS 0x00000000e9b00000, 0x00000000e9b00000| Complete 
| 156|0x00000000e9c00000, 0x00000000e9d00000, 0x00000000e9d00000|100%| E|CS|TAMS 0x00000000e9c00000, 0x00000000e9c00000| Complete 
| 157|0x00000000e9d00000, 0x00000000e9e00000, 0x00000000e9e00000|100%| E|CS|TAMS 0x00000000e9d00000, 0x00000000e9d00000| Complete 
| 158|0x00000000e9e00000, 0x00000000e9f00000, 0x00000000e9f00000|100%| E|CS|TAMS 0x00000000e9e00000, 0x00000000e9e00000| Complete 
| 159|0x00000000e9f00000, 0x00000000ea000000, 0x00000000ea000000|100%| E|CS|TAMS 0x00000000e9f00000, 0x00000000e9f00000| Complete 
| 160|0x00000000ea000000, 0x00000000ea100000, 0x00000000ea100000|100%| E|CS|TAMS 0x00000000ea000000, 0x00000000ea000000| Complete 
| 161|0x00000000ea100000, 0x00000000ea200000, 0x00000000ea200000|100%| E|CS|TAMS 0x00000000ea100000, 0x00000000ea100000| Complete 
| 162|0x00000000ea200000, 0x00000000ea300000, 0x00000000ea300000|100%| E|CS|TAMS 0x00000000ea200000, 0x00000000ea200000| Complete 
| 163|0x00000000ea300000, 0x00000000ea400000, 0x00000000ea400000|100%| E|CS|TAMS 0x00000000ea300000, 0x00000000ea300000| Complete 
| 164|0x00000000ea400000, 0x00000000ea500000, 0x00000000ea500000|100%| E|CS|TAMS 0x00000000ea400000, 0x00000000ea400000| Complete 
| 165|0x00000000ea500000, 0x00000000ea600000, 0x00000000ea600000|100%| E|CS|TAMS 0x00000000ea500000, 0x00000000ea500000| Complete 
| 166|0x00000000ea600000, 0x00000000ea700000, 0x00000000ea700000|100%| E|CS|TAMS 0x00000000ea600000, 0x00000000ea600000| Complete 
| 167|0x00000000ea700000, 0x00000000ea800000, 0x00000000ea800000|100%| E|CS|TAMS 0x00000000ea700000, 0x00000000ea700000| Complete 
| 168|0x00000000ea800000, 0x00000000ea900000, 0x00000000ea900000|100%| E|CS|TAMS 0x00000000ea800000, 0x00000000ea800000| Complete 
| 169|0x00000000ea900000, 0x00000000eaa00000, 0x00000000eaa00000|100%| E|CS|TAMS 0x00000000ea900000, 0x00000000ea900000| Complete 
| 170|0x00000000eaa00000, 0x00000000eab00000, 0x00000000eab00000|100%| E|CS|TAMS 0x00000000eaa00000, 0x00000000eaa00000| Complete 
| 171|0x00000000eab00000, 0x00000000eac00000, 0x00000000eac00000|100%| E|CS|TAMS 0x00000000eab00000, 0x00000000eab00000| Complete 
| 172|0x00000000eac00000, 0x00000000ead00000, 0x00000000ead00000|100%| E|CS|TAMS 0x00000000eac00000, 0x00000000eac00000| Complete 
| 173|0x00000000ead00000, 0x00000000eae00000, 0x00000000eae00000|100%| E|CS|TAMS 0x00000000ead00000, 0x00000000ead00000| Complete 
| 174|0x00000000eae00000, 0x00000000eaf00000, 0x00000000eaf00000|100%| E|CS|TAMS 0x00000000eae00000, 0x00000000eae00000| Complete 
| 175|0x00000000eaf00000, 0x00000000eb000000, 0x00000000eb000000|100%| E|CS|TAMS 0x00000000eaf00000, 0x00000000eaf00000| Complete 
| 176|0x00000000eb000000, 0x00000000eb100000, 0x00000000eb100000|100%| E|CS|TAMS 0x00000000eb000000, 0x00000000eb000000| Complete 
| 177|0x00000000eb100000, 0x00000000eb200000, 0x00000000eb200000|100%| E|CS|TAMS 0x00000000eb100000, 0x00000000eb100000| Complete 
| 178|0x00000000eb200000, 0x00000000eb300000, 0x00000000eb300000|100%| E|CS|TAMS 0x00000000eb200000, 0x00000000eb200000| Complete 
| 179|0x00000000eb300000, 0x00000000eb400000, 0x00000000eb400000|100%| E|CS|TAMS 0x00000000eb300000, 0x00000000eb300000| Complete 
| 180|0x00000000eb400000, 0x00000000eb500000, 0x00000000eb500000|100%| E|CS|TAMS 0x00000000eb400000, 0x00000000eb400000| Complete 
| 181|0x00000000eb500000, 0x00000000eb600000, 0x00000000eb600000|100%| E|CS|TAMS 0x00000000eb500000, 0x00000000eb500000| Complete 
| 182|0x00000000eb600000, 0x00000000eb700000, 0x00000000eb700000|100%| E|CS|TAMS 0x00000000eb600000, 0x00000000eb600000| Complete 
| 183|0x00000000eb700000, 0x00000000eb800000, 0x00000000eb800000|100%| E|CS|TAMS 0x00000000eb700000, 0x00000000eb700000| Complete 
| 184|0x00000000eb800000, 0x00000000eb900000, 0x00000000eb900000|100%| E|CS|TAMS 0x00000000eb800000, 0x00000000eb800000| Complete 
| 185|0x00000000eb900000, 0x00000000eba00000, 0x00000000eba00000|100%| E|CS|TAMS 0x00000000eb900000, 0x00000000eb900000| Complete 
| 186|0x00000000eba00000, 0x00000000ebb00000, 0x00000000ebb00000|100%| E|CS|TAMS 0x00000000eba00000, 0x00000000eba00000| Complete 
| 187|0x00000000ebb00000, 0x00000000ebc00000, 0x00000000ebc00000|100%| E|CS|TAMS 0x00000000ebb00000, 0x00000000ebb00000| Complete 
| 188|0x00000000ebc00000, 0x00000000ebd00000, 0x00000000ebd00000|100%| E|CS|TAMS 0x00000000ebc00000, 0x00000000ebc00000| Complete 
| 189|0x00000000ebd00000, 0x00000000ebe00000, 0x00000000ebe00000|100%| E|CS|TAMS 0x00000000ebd00000, 0x00000000ebd00000| Complete 
| 190|0x00000000ebe00000, 0x00000000ebf00000, 0x00000000ebf00000|100%| E|CS|TAMS 0x00000000ebe00000, 0x00000000ebe00000| Complete 
| 191|0x00000000ebf00000, 0x00000000ec000000, 0x00000000ec000000|100%| E|CS|TAMS 0x00000000ebf00000, 0x00000000ebf00000| Complete 
| 192|0x00000000ec000000, 0x00000000ec100000, 0x00000000ec100000|100%| E|CS|TAMS 0x00000000ec000000, 0x00000000ec000000| Complete 
| 193|0x00000000ec100000, 0x00000000ec200000, 0x00000000ec200000|100%| E|CS|TAMS 0x00000000ec100000, 0x00000000ec100000| Complete 
| 194|0x00000000ec200000, 0x00000000ec300000, 0x00000000ec300000|100%| E|CS|TAMS 0x00000000ec200000, 0x00000000ec200000| Complete 
| 195|0x00000000ec300000, 0x00000000ec400000, 0x00000000ec400000|100%| E|CS|TAMS 0x00000000ec300000, 0x00000000ec300000| Complete 
| 196|0x00000000ec400000, 0x00000000ec500000, 0x00000000ec500000|100%| E|CS|TAMS 0x00000000ec400000, 0x00000000ec400000| Complete 
| 197|0x00000000ec500000, 0x00000000ec600000, 0x00000000ec600000|100%| E|CS|TAMS 0x00000000ec500000, 0x00000000ec500000| Complete 
| 198|0x00000000ec600000, 0x00000000ec700000, 0x00000000ec700000|100%| E|CS|TAMS 0x00000000ec600000, 0x00000000ec600000| Complete 
| 199|0x00000000ec700000, 0x00000000ec800000, 0x00000000ec800000|100%| E|CS|TAMS 0x00000000ec700000, 0x00000000ec700000| Complete 
| 200|0x00000000ec800000, 0x00000000ec900000, 0x00000000ec900000|100%| E|CS|TAMS 0x00000000ec800000, 0x00000000ec800000| Complete 
| 201|0x00000000ec900000, 0x00000000eca00000, 0x00000000eca00000|100%| E|CS|TAMS 0x00000000ec900000, 0x00000000ec900000| Complete 
| 202|0x00000000eca00000, 0x00000000ecb00000, 0x00000000ecb00000|100%| E|CS|TAMS 0x00000000eca00000, 0x00000000eca00000| Complete 
| 203|0x00000000ecb00000, 0x00000000ecc00000, 0x00000000ecc00000|100%| E|CS|TAMS 0x00000000ecb00000, 0x00000000ecb00000| Complete 
| 204|0x00000000ecc00000, 0x00000000ecd00000, 0x00000000ecd00000|100%| E|CS|TAMS 0x00000000ecc00000, 0x00000000ecc00000| Complete 
| 205|0x00000000ecd00000, 0x00000000ece00000, 0x00000000ece00000|100%| E|CS|TAMS 0x00000000ecd00000, 0x00000000ecd00000| Complete 
| 206|0x00000000ece00000, 0x00000000ecf00000, 0x00000000ecf00000|100%| E|CS|TAMS 0x00000000ece00000, 0x00000000ece00000| Complete 
| 207|0x00000000ecf00000, 0x00000000ed000000, 0x00000000ed000000|100%| E|CS|TAMS 0x00000000ecf00000, 0x00000000ecf00000| Complete 
| 208|0x00000000ed000000, 0x00000000ed100000, 0x00000000ed100000|100%| E|CS|TAMS 0x00000000ed000000, 0x00000000ed000000| Complete 
| 209|0x00000000ed100000, 0x00000000ed200000, 0x00000000ed200000|100%| E|CS|TAMS 0x00000000ed100000, 0x00000000ed100000| Complete 
| 210|0x00000000ed200000, 0x00000000ed300000, 0x00000000ed300000|100%| E|CS|TAMS 0x00000000ed200000, 0x00000000ed200000| Complete 
| 211|0x00000000ed300000, 0x00000000ed400000, 0x00000000ed400000|100%| E|CS|TAMS 0x00000000ed300000, 0x00000000ed300000| Complete 
| 212|0x00000000ed400000, 0x00000000ed500000, 0x00000000ed500000|100%| E|CS|TAMS 0x00000000ed400000, 0x00000000ed400000| Complete 
| 213|0x00000000ed500000, 0x00000000ed600000, 0x00000000ed600000|100%| E|CS|TAMS 0x00000000ed500000, 0x00000000ed500000| Complete 
| 214|0x00000000ed600000, 0x00000000ed700000, 0x00000000ed700000|100%| E|CS|TAMS 0x00000000ed600000, 0x00000000ed600000| Complete 
| 215|0x00000000ed700000, 0x00000000ed800000, 0x00000000ed800000|100%| E|CS|TAMS 0x00000000ed700000, 0x00000000ed700000| Complete 
| 216|0x00000000ed800000, 0x00000000ed900000, 0x00000000ed900000|100%| E|CS|TAMS 0x00000000ed800000, 0x00000000ed800000| Complete 
| 217|0x00000000ed900000, 0x00000000eda00000, 0x00000000eda00000|100%| E|CS|TAMS 0x00000000ed900000, 0x00000000ed900000| Complete 
| 218|0x00000000eda00000, 0x00000000edb00000, 0x00000000edb00000|100%| E|CS|TAMS 0x00000000eda00000, 0x00000000eda00000| Complete 
| 219|0x00000000edb00000, 0x00000000edc00000, 0x00000000edc00000|100%| E|CS|TAMS 0x00000000edb00000, 0x00000000edb00000| Complete 
| 220|0x00000000edc00000, 0x00000000edd00000, 0x00000000edd00000|100%| E|CS|TAMS 0x00000000edc00000, 0x00000000edc00000| Complete 
| 221|0x00000000edd00000, 0x00000000ede00000, 0x00000000ede00000|100%| E|CS|TAMS 0x00000000edd00000, 0x00000000edd00000| Complete 
| 222|0x00000000ede00000, 0x00000000edf00000, 0x00000000edf00000|100%| E|CS|TAMS 0x00000000ede00000, 0x00000000ede00000| Complete 
| 223|0x00000000edf00000, 0x00000000ee000000, 0x00000000ee000000|100%| E|CS|TAMS 0x00000000edf00000, 0x00000000edf00000| Complete 
| 224|0x00000000ee000000, 0x00000000ee100000, 0x00000000ee100000|100%| E|CS|TAMS 0x00000000ee000000, 0x00000000ee000000| Complete 
| 225|0x00000000ee100000, 0x00000000ee200000, 0x00000000ee200000|100%| E|CS|TAMS 0x00000000ee100000, 0x00000000ee100000| Complete 
| 226|0x00000000ee200000, 0x00000000ee300000, 0x00000000ee300000|100%| E|CS|TAMS 0x00000000ee200000, 0x00000000ee200000| Complete 
| 227|0x00000000ee300000, 0x00000000ee400000, 0x00000000ee400000|100%| E|CS|TAMS 0x00000000ee300000, 0x00000000ee300000| Complete 
| 228|0x00000000ee400000, 0x00000000ee500000, 0x00000000ee500000|100%| E|CS|TAMS 0x00000000ee400000, 0x00000000ee400000| Complete 
| 229|0x00000000ee500000, 0x00000000ee600000, 0x00000000ee600000|100%| E|CS|TAMS 0x00000000ee500000, 0x00000000ee500000| Complete 
| 230|0x00000000ee600000, 0x00000000ee700000, 0x00000000ee700000|100%| E|CS|TAMS 0x00000000ee600000, 0x00000000ee600000| Complete 
| 231|0x00000000ee700000, 0x00000000ee800000, 0x00000000ee800000|100%| E|CS|TAMS 0x00000000ee700000, 0x00000000ee700000| Complete 
| 232|0x00000000ee800000, 0x00000000ee900000, 0x00000000ee900000|100%| E|CS|TAMS 0x00000000ee800000, 0x00000000ee800000| Complete 
| 233|0x00000000ee900000, 0x00000000eea00000, 0x00000000eea00000|100%| E|CS|TAMS 0x00000000ee900000, 0x00000000ee900000| Complete 
| 234|0x00000000eea00000, 0x00000000eeb00000, 0x00000000eeb00000|100%| E|CS|TAMS 0x00000000eea00000, 0x00000000eea00000| Complete 
| 235|0x00000000eeb00000, 0x00000000eec00000, 0x00000000eec00000|100%| E|CS|TAMS 0x00000000eeb00000, 0x00000000eeb00000| Complete 
| 236|0x00000000eec00000, 0x00000000eed00000, 0x00000000eed00000|100%| E|CS|TAMS 0x00000000eec00000, 0x00000000eec00000| Complete 
| 237|0x00000000eed00000, 0x00000000eee00000, 0x00000000eee00000|100%| E|CS|TAMS 0x00000000eed00000, 0x00000000eed00000| Complete 
| 238|0x00000000eee00000, 0x00000000eef00000, 0x00000000eef00000|100%| E|CS|TAMS 0x00000000eee00000, 0x00000000eee00000| Complete 
| 239|0x00000000eef00000, 0x00000000ef000000, 0x00000000ef000000|100%| E|CS|TAMS 0x00000000eef00000, 0x00000000eef00000| Complete 
| 240|0x00000000ef000000, 0x00000000ef100000, 0x00000000ef100000|100%| E|CS|TAMS 0x00000000ef000000, 0x00000000ef000000| Complete 
| 241|0x00000000ef100000, 0x00000000ef200000, 0x00000000ef200000|100%| E|CS|TAMS 0x00000000ef100000, 0x00000000ef100000| Complete 
| 242|0x00000000ef200000, 0x00000000ef300000, 0x00000000ef300000|100%| E|CS|TAMS 0x00000000ef200000, 0x00000000ef200000| Complete 
| 243|0x00000000ef300000, 0x00000000ef400000, 0x00000000ef400000|100%| E|CS|TAMS 0x00000000ef300000, 0x00000000ef300000| Complete 
| 244|0x00000000ef400000, 0x00000000ef500000, 0x00000000ef500000|100%| E|CS|TAMS 0x00000000ef400000, 0x00000000ef400000| Complete 
| 245|0x00000000ef500000, 0x00000000ef600000, 0x00000000ef600000|100%| E|CS|TAMS 0x00000000ef500000, 0x00000000ef500000| Complete 
| 246|0x00000000ef600000, 0x00000000ef700000, 0x00000000ef700000|100%| E|CS|TAMS 0x00000000ef600000, 0x00000000ef600000| Complete 
| 247|0x00000000ef700000, 0x00000000ef800000, 0x00000000ef800000|100%| E|CS|TAMS 0x00000000ef700000, 0x00000000ef700000| Complete 
| 248|0x00000000ef800000, 0x00000000ef900000, 0x00000000ef900000|100%| E|CS|TAMS 0x00000000ef800000, 0x00000000ef800000| Complete 
| 249|0x00000000ef900000, 0x00000000efa00000, 0x00000000efa00000|100%| E|CS|TAMS 0x00000000ef900000, 0x00000000ef900000| Complete 
| 250|0x00000000efa00000, 0x00000000efb00000, 0x00000000efb00000|100%| E|CS|TAMS 0x00000000efa00000, 0x00000000efa00000| Complete 
| 251|0x00000000efb00000, 0x00000000efc00000, 0x00000000efc00000|100%| E|CS|TAMS 0x00000000efb00000, 0x00000000efb00000| Complete 
| 252|0x00000000efc00000, 0x00000000efd00000, 0x00000000efd00000|100%| E|CS|TAMS 0x00000000efc00000, 0x00000000efc00000| Complete 
| 253|0x00000000efd00000, 0x00000000efe00000, 0x00000000efe00000|100%| E|CS|TAMS 0x00000000efd00000, 0x00000000efd00000| Complete 
| 254|0x00000000efe00000, 0x00000000eff00000, 0x00000000eff00000|100%| E|CS|TAMS 0x00000000efe00000, 0x00000000efe00000| Complete 
| 255|0x00000000eff00000, 0x00000000f0000000, 0x00000000f0000000|100%| E|CS|TAMS 0x00000000eff00000, 0x00000000eff00000| Complete 

Card table byte_map: [0x000001eafda50000,0x000001eafdb50000] _byte_map_base: 0x000001eafd350000

Marking Bits (Prev, Next): (CMBitMap*) 0x000001eae6dabd10, (CMBitMap*) 0x000001eae6dabd50
 Prev Bits: [0x000001eafdc50000, 0x000001eafe450000)
 Next Bits: [0x000001eafe450000, 0x000001eafec50000)

Polling page: 0x000001eae6540000

Metaspace:

Usage:
  Non-class:    111.38 MB used.
      Class:     16.21 MB used.
       Both:    127.59 MB used.

Virtual space:
  Non-class space:      128.00 MB reserved,     111.81 MB ( 87%) committed,  2 nodes.
      Class space:      320.00 MB reserved,      16.56 MB (  5%) committed,  1 nodes.
             Both:      448.00 MB reserved,     128.38 MB ( 29%) committed. 

Chunk freelists:
   Non-Class:  15.64 MB
       Class:  15.41 MB
        Both:  31.05 MB

MaxMetaspaceSize: 384.00 MB
CompressedClassSpaceSize: 320.00 MB
Initial GC threshold: 21.00 MB
Current GC threshold: 167.31 MB
CDS: on
MetaspaceReclaimPolicy: balanced
 - commit_granule_bytes: 65536.
 - commit_granule_words: 8192.
 - virtual_space_node_default_size: 8388608.
 - enlarge_chunks_in_place: 1.
 - new_chunks_are_fully_committed: 0.
 - uncommit_free_chunks: 1.
 - use_allocation_guard: 0.
 - handle_deallocations: 1.


Internal statistics:

num_allocs_failed_limit: 18.
num_arena_births: 1024.
num_arena_deaths: 0.
num_vsnodes_births: 3.
num_vsnodes_deaths: 0.
num_space_committed: 2052.
num_space_uncommitted: 0.
num_chunks_returned_to_freelist: 18.
num_chunks_taken_from_freelist: 5837.
num_chunk_merges: 18.
num_chunk_splits: 4314.
num_chunks_enlarged: 3324.
num_inconsistent_stats: 0.

CodeHeap 'non-profiled nmethods': size=120000Kb used=9613Kb max_used=10022Kb free=110386Kb
 bounds [0x000001eaf60f0000, 0x000001eaf6ac0000, 0x000001eafd620000]
CodeHeap 'profiled nmethods': size=120000Kb used=31363Kb max_used=32751Kb free=88636Kb
 bounds [0x000001eaee620000, 0x000001eaf0620000, 0x000001eaf5b50000]
CodeHeap 'non-nmethods': size=5760Kb used=2592Kb max_used=2656Kb free=3168Kb
 bounds [0x000001eaf5b50000, 0x000001eaf5e00000, 0x000001eaf60f0000]
 total_blobs=16406 nmethods=15267 adapters=1048
 compilation: enabled
              stopped_count=0, restarted_count=0
 full_count=0

Compilation events (20 events):
Event: 76.110 Thread 0x000001eaff6884f0 nmethod 17973 0x000001eaef1e9d90 code [0x000001eaef1e9f40, 0x000001eaef1ea088]
Event: 76.110 Thread 0x000001eaff6884f0 17974       3       org.gradle.api.internal.artifacts.ivyservice.resolveengine.artifact.VariantResolvingArtifactSet::calculateOwnArtifacts (47 bytes)
Event: 76.111 Thread 0x000001eaff6884f0 nmethod 17974 0x000001eaee790310 code [0x000001eaee790540, 0x000001eaee790dc8]
Event: 76.111 Thread 0x000001eaff6884f0 17975       3       org.gradle.internal.component.model.DefaultComponentGraphResolveState$DefaultConfigurationGraphResolveState::prepareForArtifactResolution (13 bytes)
Event: 76.111 Thread 0x000001eaff6884f0 nmethod 17975 0x000001eaef96b290 code [0x000001eaef96b440, 0x000001eaef96b728]
Event: 76.111 Thread 0x000001eaff6884f0 17978       3       org.gradle.internal.resolve.resolver.DefaultVariantArtifactResolver::withImplicitCapability (25 bytes)
Event: 76.113 Thread 0x000001eaff6884f0 nmethod 17978 0x000001eaefa94110 code [0x000001eaefa94380, 0x000001eaefa94f88]
Event: 76.113 Thread 0x000001eaff6884f0 17979       3       org.gradle.internal.resolve.resolver.DefaultComponentArtifactResolver::<init> (15 bytes)
Event: 76.113 Thread 0x000001eaff6884f0 nmethod 17979 0x000001eaf0097410 code [0x000001eaf00975c0, 0x000001eaf00977d8]
Event: 76.113 Thread 0x000001eaff6884f0 17976       3       org.gradle.api.internal.artifacts.type.DefaultArtifactTypeRegistry::mapAttributesFor (27 bytes)
Event: 76.114 Thread 0x000001eaff6884f0 nmethod 17976 0x000001eaf0465f10 code [0x000001eaf04660e0, 0x000001eaf04663c8]
Event: 76.114 Thread 0x000001eaff6884f0 17972       3       com.google.common.collect.ImmutableSet::builderWithExpectedSize (16 bytes)
Event: 76.114 Thread 0x000001eaff6884f0 nmethod 17972 0x000001eaef3a4610 code [0x000001eaef3a4800, 0x000001eaef3a4ea8]
Event: 76.115 Thread 0x000001eaff6884f0 17980       1       org.gradle.api.internal.artifacts.type.DefaultArtifactTypeContainer$DefaultArtifactTypeDefinition::getAttributes (5 bytes)
Event: 76.115 Thread 0x000001eaff6884f0 nmethod 17980 0x000001eaf6865190 code [0x000001eaf6865320, 0x000001eaf68653f8]
Event: 76.115 Thread 0x000001eaff6884f0 17982       1       org.gradle.internal.component.model.DefaultVariantMetadata::getIdentifier (5 bytes)
Event: 76.115 Thread 0x000001eaff6884f0 nmethod 17982 0x000001eaf61eb210 code [0x000001eaf61eb3a0, 0x000001eaf61eb478]
Event: 76.115 Thread 0x000001eaff6884f0 17983       1       org.gradle.internal.component.model.DefaultVariantMetadata::getArtifacts (5 bytes)
Event: 76.115 Thread 0x000001eaff6884f0 nmethod 17983 0x000001eaf61eaf10 code [0x000001eaf61eb0a0, 0x000001eaf61eb178]
Event: 76.115 Thread 0x000001eaff6884f0 17985       3       org.gradle.api.internal.changedetection.state.DefaultFileAccessTimeJournal::setLastAccessTime (15 bytes)

GC Heap History (20 events):
Event: 9.725 GC heap before
{Heap before GC invocations=12 (full 0):
 garbage-first heap   total 262144K, used 192257K [0x00000000e0000000, 0x0000000100000000)
  region size 1024K, 152 young (155648K), 16 survivors (16384K)
 Metaspace       used 76918K, committed 77568K, reserved 458752K
  class space    used 10430K, committed 10752K, reserved 327680K
}
Event: 9.737 GC heap after
{Heap after GC invocations=13 (full 0):
 garbage-first heap   total 262144K, used 61446K [0x00000000e0000000, 0x0000000100000000)
  region size 1024K, 18 young (18432K), 18 survivors (18432K)
 Metaspace       used 76918K, committed 77568K, reserved 458752K
  class space    used 10430K, committed 10752K, reserved 327680K
}
Event: 11.628 GC heap before
{Heap before GC invocations=13 (full 0):
 garbage-first heap   total 262144K, used 194566K [0x00000000e0000000, 0x0000000100000000)
  region size 1024K, 147 young (150528K), 18 survivors (18432K)
 Metaspace       used 86982K, committed 87552K, reserved 458752K
  class space    used 11551K, committed 11840K, reserved 327680K
}
Event: 11.641 GC heap after
{Heap after GC invocations=14 (full 0):
 garbage-first heap   total 262144K, used 69712K [0x00000000e0000000, 0x0000000100000000)
  region size 1024K, 17 young (17408K), 17 survivors (17408K)
 Metaspace       used 86982K, committed 87552K, reserved 458752K
  class space    used 11551K, committed 11840K, reserved 327680K
}
Event: 13.177 GC heap before
{Heap before GC invocations=14 (full 0):
 garbage-first heap   total 262144K, used 181328K [0x00000000e0000000, 0x0000000100000000)
  region size 1024K, 127 young (130048K), 17 survivors (17408K)
 Metaspace       used 102089K, committed 102656K, reserved 458752K
  class space    used 13277K, committed 13568K, reserved 327680K
}
Event: 13.185 GC heap after
{Heap after GC invocations=15 (full 0):
 garbage-first heap   total 262144K, used 72831K [0x00000000e0000000, 0x0000000100000000)
  region size 1024K, 12 young (12288K), 12 survivors (12288K)
 Metaspace       used 102089K, committed 102656K, reserved 458752K
  class space    used 13277K, committed 13568K, reserved 327680K
}
Event: 14.774 GC heap before
{Heap before GC invocations=16 (full 0):
 garbage-first heap   total 262144K, used 204927K [0x00000000e0000000, 0x0000000100000000)
  region size 1024K, 140 young (143360K), 12 survivors (12288K)
 Metaspace       used 107861K, committed 108480K, reserved 458752K
  class space    used 14168K, committed 14464K, reserved 327680K
}
Event: 14.786 GC heap after
{Heap after GC invocations=17 (full 0):
 garbage-first heap   total 262144K, used 85366K [0x00000000e0000000, 0x0000000100000000)
  region size 1024K, 16 young (16384K), 16 survivors (16384K)
 Metaspace       used 107861K, committed 108480K, reserved 458752K
  class space    used 14168K, committed 14464K, reserved 327680K
}
Event: 17.179 GC heap before
{Heap before GC invocations=17 (full 0):
 garbage-first heap   total 262144K, used 204150K [0x00000000e0000000, 0x0000000100000000)
  region size 1024K, 132 young (135168K), 16 survivors (16384K)
 Metaspace       used 114064K, committed 114816K, reserved 458752K
  class space    used 14803K, committed 15168K, reserved 327680K
}
Event: 17.190 GC heap after
{Heap after GC invocations=18 (full 0):
 garbage-first heap   total 262144K, used 78941K [0x00000000e0000000, 0x0000000100000000)
  region size 1024K, 8 young (8192K), 8 survivors (8192K)
 Metaspace       used 114064K, committed 114816K, reserved 458752K
  class space    used 14803K, committed 15168K, reserved 327680K
}
Event: 67.077 GC heap before
{Heap before GC invocations=18 (full 0):
 garbage-first heap   total 262144K, used 211037K [0x00000000e0000000, 0x0000000100000000)
  region size 1024K, 131 young (134144K), 8 survivors (8192K)
 Metaspace       used 117833K, committed 118656K, reserved 458752K
  class space    used 15266K, committed 15680K, reserved 327680K
}
Event: 67.089 GC heap after
{Heap after GC invocations=19 (full 0):
 garbage-first heap   total 262144K, used 94208K [0x00000000e0000000, 0x0000000100000000)
  region size 1024K, 17 young (17408K), 17 survivors (17408K)
 Metaspace       used 117833K, committed 118656K, reserved 458752K
  class space    used 15266K, committed 15680K, reserved 327680K
}
Event: 68.131 GC heap before
{Heap before GC invocations=19 (full 0):
 garbage-first heap   total 262144K, used 209920K [0x00000000e0000000, 0x0000000100000000)
  region size 1024K, 122 young (124928K), 17 survivors (17408K)
 Metaspace       used 119478K, committed 120320K, reserved 458752K
  class space    used 15405K, committed 15808K, reserved 327680K
}
Event: 68.140 GC heap after
{Heap after GC invocations=20 (full 0):
 garbage-first heap   total 262144K, used 96557K [0x00000000e0000000, 0x0000000100000000)
  region size 1024K, 3 young (3072K), 3 survivors (3072K)
 Metaspace       used 119478K, committed 120320K, reserved 458752K
  class space    used 15405K, committed 15808K, reserved 327680K
}
Event: 71.661 GC heap before
{Heap before GC invocations=20 (full 0):
 garbage-first heap   total 262144K, used 207149K [0x00000000e0000000, 0x0000000100000000)
  region size 1024K, 111 young (113664K), 3 survivors (3072K)
 Metaspace       used 128945K, committed 129728K, reserved 458752K
  class space    used 16544K, committed 16896K, reserved 327680K
}
Event: 71.672 GC heap after
{Heap after GC invocations=21 (full 0):
 garbage-first heap   total 262144K, used 106063K [0x00000000e0000000, 0x0000000100000000)
  region size 1024K, 12 young (12288K), 12 survivors (12288K)
 Metaspace       used 128945K, committed 129728K, reserved 458752K
  class space    used 16544K, committed 16896K, reserved 327680K
}
Event: 73.166 GC heap before
{Heap before GC invocations=21 (full 0):
 garbage-first heap   total 262144K, used 207439K [0x00000000e0000000, 0x0000000100000000)
  region size 1024K, 111 young (113664K), 12 survivors (12288K)
 Metaspace       used 129246K, committed 130048K, reserved 458752K
  class space    used 16547K, committed 16896K, reserved 327680K
}
Event: 73.172 GC heap after
{Heap after GC invocations=22 (full 0):
 garbage-first heap   total 262144K, used 106881K [0x00000000e0000000, 0x0000000100000000)
  region size 1024K, 6 young (6144K), 6 survivors (6144K)
 Metaspace       used 129246K, committed 130048K, reserved 458752K
  class space    used 16547K, committed 16896K, reserved 327680K
}
Event: 73.852 GC heap before
{Heap before GC invocations=22 (full 0):
 garbage-first heap   total 262144K, used 208257K [0x00000000e0000000, 0x0000000100000000)
  region size 1024K, 106 young (108544K), 6 survivors (6144K)
 Metaspace       used 129749K, committed 130496K, reserved 458752K
  class space    used 16558K, committed 16896K, reserved 327680K
}
Event: 73.857 GC heap after
{Heap after GC invocations=23 (full 0):
 garbage-first heap   total 262144K, used 108153K [0x00000000e0000000, 0x0000000100000000)
  region size 1024K, 7 young (7168K), 7 survivors (7168K)
 Metaspace       used 129749K, committed 130496K, reserved 458752K
  class space    used 16558K, committed 16896K, reserved 327680K
}

Deoptimization events (20 events):
Event: 74.567 Thread 0x000001ea9d12f170 Uncommon trap: trap_request=0xffffffc6 fr.pc=0x000001eaf6a6a7e4 relative=0x00000000000001c4
Event: 74.567 Thread 0x000001ea9d12f170 Uncommon trap: reason=bimorphic_or_optimized_type_check action=maybe_recompile pc=0x000001eaf6a6a7e4 method=java.util.Spliterators$ArraySpliterator.tryAdvance(Ljava/util/function/Consumer;)Z @ 49 c2
Event: 74.567 Thread 0x000001ea9d12f170 DEOPT PACKING pc=0x000001eaf6a6a7e4 sp=0x000000dcf9ef9110
Event: 74.567 Thread 0x000001ea9d12f170 DEOPT UNPACKING pc=0x000001eaf5ba5ba3 sp=0x000000dcf9ef90b0 mode 2
Event: 74.577 Thread 0x000001ea9d12f170 Uncommon trap: trap_request=0xffffffc6 fr.pc=0x000001eaf6a6a7e4 relative=0x00000000000001c4
Event: 74.577 Thread 0x000001ea9d12f170 Uncommon trap: reason=bimorphic_or_optimized_type_check action=maybe_recompile pc=0x000001eaf6a6a7e4 method=java.util.Spliterators$ArraySpliterator.tryAdvance(Ljava/util/function/Consumer;)Z @ 49 c2
Event: 74.577 Thread 0x000001ea9d12f170 DEOPT PACKING pc=0x000001eaf6a6a7e4 sp=0x000000dcf9ef9310
Event: 74.577 Thread 0x000001ea9d12f170 DEOPT UNPACKING pc=0x000001eaf5ba5ba3 sp=0x000000dcf9ef92b0 mode 2
Event: 74.577 Thread 0x000001ea9d12f170 Uncommon trap: trap_request=0xffffffc6 fr.pc=0x000001eaf6a6a7e4 relative=0x00000000000001c4
Event: 74.577 Thread 0x000001ea9d12f170 Uncommon trap: reason=bimorphic_or_optimized_type_check action=maybe_recompile pc=0x000001eaf6a6a7e4 method=java.util.Spliterators$ArraySpliterator.tryAdvance(Ljava/util/function/Consumer;)Z @ 49 c2
Event: 74.577 Thread 0x000001ea9d12f170 DEOPT PACKING pc=0x000001eaf6a6a7e4 sp=0x000000dcf9ef9310
Event: 74.577 Thread 0x000001ea9d12f170 DEOPT UNPACKING pc=0x000001eaf5ba5ba3 sp=0x000000dcf9ef92b0 mode 2
Event: 74.593 Thread 0x000001ea9d12f170 Uncommon trap: trap_request=0xffffff45 fr.pc=0x000001eaf69f370c relative=0x000000000000048c
Event: 74.593 Thread 0x000001ea9d12f170 Uncommon trap: reason=unstable_if action=reinterpret pc=0x000001eaf69f370c method=com.esotericsoftware.kryo.io.Output.writeString(Ljava/lang/String;)V @ 93 c2
Event: 74.593 Thread 0x000001ea9d12f170 DEOPT PACKING pc=0x000001eaf69f370c sp=0x000000dcf9ef9890
Event: 74.593 Thread 0x000001ea9d12f170 DEOPT UNPACKING pc=0x000001eaf5ba5ba3 sp=0x000000dcf9ef9838 mode 2
Event: 75.632 Thread 0x000001ea9e25cc50 Uncommon trap: trap_request=0xffffff6e fr.pc=0x000001eaf65a4738 relative=0x0000000000000a18
Event: 75.632 Thread 0x000001ea9e25cc50 Uncommon trap: reason=loop_limit_check action=maybe_recompile pc=0x000001eaf65a4738 method=com.sun.crypto.provider.Poly1305.engineUpdate([BII)V @ 99 c2
Event: 75.632 Thread 0x000001ea9e25cc50 DEOPT PACKING pc=0x000001eaf65a4738 sp=0x000000dcfe3fc7c0
Event: 75.632 Thread 0x000001ea9e25cc50 DEOPT UNPACKING pc=0x000001eaf5ba5ba3 sp=0x000000dcfe3fc7b0 mode 2

Classes unloaded (0 events):
No events

Classes redefined (0 events):
No events

Internal exceptions (20 events):
Event: 67.903 Thread 0x000001ea9d12f170 Exception <a 'sun/nio/fs/WindowsException'{0x00000000ea3df9a8}> (0x00000000ea3df9a8) 
thrown [s\open\src\hotspot\share\prims\jni.cpp, line 516]
Event: 67.905 Thread 0x000001ea9d12f170 Exception <a 'sun/nio/fs/WindowsException'{0x00000000ea3dfba0}> (0x00000000ea3dfba0) 
thrown [s\open\src\hotspot\share\prims\jni.cpp, line 516]
Event: 67.947 Thread 0x000001ea9d12f170 Exception <a 'java/lang/ClassNotFoundException'{0x00000000ea2f6348}: java/util/ArraysBeanInfo> (0x00000000ea2f6348) 
thrown [s\open\src\hotspot\share\classfile\systemDictionary.cpp, line 256]
Event: 67.947 Thread 0x000001ea9d12f170 Exception <a 'java/lang/ClassNotFoundException'{0x00000000ea2fdfc8}: java/util/ArraysCustomizer> (0x00000000ea2fdfc8) 
thrown [s\open\src\hotspot\share\classfile\systemDictionary.cpp, line 256]
Event: 67.953 Thread 0x000001ea9d12f170 Exception <a 'java/lang/ClassNotFoundException'{0x00000000ea1a31b8}: ProtobufPatchPluginBeanInfo> (0x00000000ea1a31b8) 
thrown [s\open\src\hotspot\share\classfile\systemDictionary.cpp, line 256]
Event: 67.954 Thread 0x000001ea9d12f170 Exception <a 'java/lang/ClassNotFoundException'{0x00000000ea1ade08}: ProtobufPatchPluginCustomizer> (0x00000000ea1ade08) 
thrown [s\open\src\hotspot\share\classfile\systemDictionary.cpp, line 256]
Event: 67.959 Thread 0x000001ea9d12f170 Exception <a 'java/lang/ClassNotFoundException'{0x00000000ea016d28}: groovy/lang/ReferenceBeanInfo> (0x00000000ea016d28) 
thrown [s\open\src\hotspot\share\classfile\systemDictionary.cpp, line 256]
Event: 67.961 Thread 0x000001ea9d12f170 Exception <a 'java/lang/ClassNotFoundException'{0x00000000ea040528}: groovy/lang/ReferenceCustomizer> (0x00000000ea040528) 
thrown [s\open\src\hotspot\share\classfile\systemDictionary.cpp, line 256]
Event: 67.994 Thread 0x000001ea9d12f170 Exception <a 'java/lang/NoSuchMethodError'{0x00000000ea0f1b78}: 'java.lang.Object java.lang.invoke.DirectMethodHandle$Holder.invokeStatic(java.lang.Object, int, java.lang.Object)'> (0x00000000ea0f1b78) 
thrown [s\open\src\hotspot\share\interpreter\linkResolver.cpp, line 759]
Event: 68.905 Thread 0x000001ea9d12f170 Implicit null exception at 0x000001eaf6333b4b to 0x000001eaf6333b70
Event: 68.922 Thread 0x000001eaa240d940 Exception <a 'java/lang/NoSuchMethodError'{0x00000000ec8062f0}: static Lorg/gradle/internal/build/event/types/DefaultFileDownloadDescriptor;.<clinit>()V> (0x00000000ec8062f0) 
thrown [s\open\src\hotspot\share\prims\jni.cpp, line 1107]
Event: 68.974 Thread 0x000001ea9d12f170 Exception <a 'sun/nio/fs/WindowsException'{0x00000000ec79cde0}> (0x00000000ec79cde0) 
thrown [s\open\src\hotspot\share\prims\jni.cpp, line 516]
Event: 70.079 Thread 0x000001eaa240d940 Exception <a 'java/lang/NoSuchMethodError'{0x00000000eb181500}: static Lorg/gradle/internal/build/event/types/DefaultStatusEvent;.<clinit>()V> (0x00000000eb181500) 
thrown [s\open\src\hotspot\share\prims\jni.cpp, line 1107]
Event: 70.085 Thread 0x000001eaa240d940 Exception <a 'java/lang/NoSuchMethodError'{0x00000000eb18bcd8}: static Lorg/gradle/internal/build/event/types/DefaultFileDownloadSuccessResult;.<clinit>()V> (0x00000000eb18bcd8) 
thrown [s\open\src\hotspot\share\prims\jni.cpp, line 1107]
Event: 75.834 Thread 0x000001ea9d12f170 Exception <a 'java/lang/ClassNotFoundException'{0x00000000eb36d130}: org/gradle/api/tasks/util/internal/PatternSets$InternalPatternSetBeanInfo> (0x00000000eb36d130) 
thrown [s\open\src\hotspot\share\classfile\systemDictionary.cpp, line 256]
Event: 75.834 Thread 0x000001ea9d12f170 Exception <a 'java/lang/ClassNotFoundException'{0x00000000eb3761e8}: org/gradle/api/tasks/util/PatternSetBeanInfo> (0x00000000eb3761e8) 
thrown [s\open\src\hotspot\share\classfile\systemDictionary.cpp, line 256]
Event: 75.834 Thread 0x000001ea9d12f170 Exception <a 'java/lang/ClassNotFoundException'{0x00000000eb37e538}: org/gradle/api/tasks/util/PatternSetCustomizer> (0x00000000eb37e538) 
thrown [s\open\src\hotspot\share\classfile\systemDictionary.cpp, line 256]
Event: 75.836 Thread 0x000001ea9d12f170 Exception <a 'java/lang/ClassNotFoundException'{0x00000000eb3aa958}: org/gradle/api/tasks/util/internal/PatternSets$InternalPatternSetCustomizer> (0x00000000eb3aa958) 
thrown [s\open\src\hotspot\share\classfile\systemDictionary.cpp, line 256]
Event: 75.845 Thread 0x000001ea9d12f170 Exception <a 'java/lang/IncompatibleClassChangeError'{0x00000000eb226c68}: Found class java.lang.Object, but interface was expected> (0x00000000eb226c68) 
thrown [s\open\src\hotspot\share\interpreter\linkResolver.cpp, line 826]
Event: 75.845 Thread 0x000001ea9d12f170 Exception <a 'java/lang/IncompatibleClassChangeError'{0x00000000eb22a810}: Found class java.lang.Object, but interface was expected> (0x00000000eb22a810) 
thrown [s\open\src\hotspot\share\interpreter\linkResolver.cpp, line 826]

VM Operations (20 events):
Event: 73.542 Executing VM operation: HandshakeAllThreads
Event: 73.542 Executing VM operation: HandshakeAllThreads done
Event: 73.647 Executing VM operation: ICBufferFull
Event: 73.647 Executing VM operation: ICBufferFull done
Event: 73.656 Executing VM operation: HandshakeAllThreads
Event: 73.656 Executing VM operation: HandshakeAllThreads done
Event: 73.852 Executing VM operation: G1CollectForAllocation
Event: 73.857 Executing VM operation: G1CollectForAllocation done
Event: 74.539 Executing VM operation: ICBufferFull
Event: 74.539 Executing VM operation: ICBufferFull done
Event: 74.972 Executing VM operation: HandshakeAllThreads
Event: 74.972 Executing VM operation: HandshakeAllThreads done
Event: 75.493 Executing VM operation: ICBufferFull
Event: 75.493 Executing VM operation: ICBufferFull done
Event: 75.557 Executing VM operation: HandshakeAllThreads
Event: 75.557 Executing VM operation: HandshakeAllThreads done
Event: 75.658 Executing VM operation: HandshakeAllThreads
Event: 75.658 Executing VM operation: HandshakeAllThreads done
Event: 76.110 Executing VM operation: ICBufferFull
Event: 76.110 Executing VM operation: ICBufferFull done

Events (20 events):
Event: 75.684 Thread 0x000001eaff691610 flushing nmethod 0x000001eaf0265c10
Event: 75.684 Thread 0x000001eaff691610 flushing nmethod 0x000001eaf0267710
Event: 75.684 Thread 0x000001eaff691610 flushing nmethod 0x000001eaf0272d90
Event: 75.684 Thread 0x000001eaff691610 flushing nmethod 0x000001eaf02a3910
Event: 75.684 Thread 0x000001eaff691610 flushing nmethod 0x000001eaf02a7910
Event: 75.684 Thread 0x000001eaff691610 flushing nmethod 0x000001eaf02a8d90
Event: 75.684 Thread 0x000001eaff691610 flushing nmethod 0x000001eaf02a9810
Event: 75.685 Thread 0x000001eaff691610 flushing nmethod 0x000001eaf02ea810
Event: 75.685 Thread 0x000001eaff691610 flushing nmethod 0x000001eaf0307210
Event: 75.685 Thread 0x000001eaff691610 flushing nmethod 0x000001eaf0309610
Event: 75.685 Thread 0x000001eaff691610 flushing nmethod 0x000001eaf031ed10
Event: 75.685 Thread 0x000001eaff691610 flushing nmethod 0x000001eaf0330910
Event: 75.685 Thread 0x000001eaff691610 flushing nmethod 0x000001eaf043ef10
Event: 75.686 Thread 0x000001eaff691610 flushing nmethod 0x000001eaf0465f10
Event: 75.686 Thread 0x000001eaff691610 flushing nmethod 0x000001eaf054fa90
Event: 75.777 Thread 0x000001eaffaf6930 Thread exited: 0x000001eaffaf6930
Event: 75.867 Thread 0x000001eaffaf2ec0 Thread added: 0x000001eaffaf2ec0
Event: 75.899 Thread 0x000001eaffaf6930 Thread added: 0x000001eaffaf6930
Event: 76.042 loading class sun/nio/cs/ISO_8859_1$Decoder
Event: 76.042 loading class sun/nio/cs/ISO_8859_1$Decoder done


Dynamic libraries:
0x00007ff63f6f0000 - 0x00007ff63f700000 	C:\Program Files\Java\jdk-17\bin\java.exe
0x00007ff8acf90000 - 0x00007ff8ad1a6000 	C:\WINDOWS\SYSTEM32\ntdll.dll
0x00007ff8aba90000 - 0x00007ff8abb54000 	C:\WINDOWS\System32\KERNEL32.DLL
0x00007ff8aa570000 - 0x00007ff8aa917000 	C:\WINDOWS\System32\KERNELBASE.dll
0x00007ff8aa2b0000 - 0x00007ff8aa3c1000 	C:\WINDOWS\System32\ucrtbase.dll
0x00007ff893bc0000 - 0x00007ff893bdb000 	C:\Program Files\Java\jdk-17\bin\VCRUNTIME140.dll
0x00007ff893d20000 - 0x00007ff893d39000 	C:\Program Files\Java\jdk-17\bin\jli.dll
0x00007ff8ac7f0000 - 0x00007ff8ac8a2000 	C:\WINDOWS\System32\ADVAPI32.dll
0x00007ff8ab5b0000 - 0x00007ff8ab657000 	C:\WINDOWS\System32\msvcrt.dll
0x00007ff8ac740000 - 0x00007ff8ac7e8000 	C:\WINDOWS\System32\sechost.dll
0x00007ff8aa540000 - 0x00007ff8aa568000 	C:\WINDOWS\System32\bcrypt.dll
0x00007ff8ab2e0000 - 0x00007ff8ab3f5000 	C:\WINDOWS\System32\RPCRT4.dll
0x00007ff8ab400000 - 0x00007ff8ab5ae000 	C:\WINDOWS\System32\USER32.dll
0x00007ff8aab30000 - 0x00007ff8aab56000 	C:\WINDOWS\System32\win32u.dll
0x00007ff8963a0000 - 0x00007ff896633000 	C:\WINDOWS\WinSxS\amd64_microsoft.windows.common-controls_6595b64144ccf1df_6.0.22621.3235_none_270f74e173860f98\COMCTL32.dll
0x00007ff8abb60000 - 0x00007ff8abb89000 	C:\WINDOWS\System32\GDI32.dll
0x00007ff8aa990000 - 0x00007ff8aaaa9000 	C:\WINDOWS\System32\gdi32full.dll
0x00007ff8aac20000 - 0x00007ff8aacba000 	C:\WINDOWS\System32\msvcp_win.dll
0x00007ff8a25d0000 - 0x00007ff8a25da000 	C:\WINDOWS\SYSTEM32\VERSION.dll
0x00007ff8ace60000 - 0x00007ff8ace91000 	C:\WINDOWS\System32\IMM32.DLL
0x00007ff896140000 - 0x00007ff89614c000 	C:\Program Files\Java\jdk-17\bin\vcruntime140_1.dll
0x00007ff88ffb0000 - 0x00007ff89003e000 	C:\Program Files\Java\jdk-17\bin\msvcp140.dll
0x00007ff84f7d0000 - 0x00007ff8503af000 	C:\Program Files\Java\jdk-17\bin\server\jvm.dll
0x00007ff8aae40000 - 0x00007ff8aae48000 	C:\WINDOWS\System32\PSAPI.DLL
0x00007ff89abc0000 - 0x00007ff89abc9000 	C:\WINDOWS\SYSTEM32\WSOCK32.dll
0x00007ff8a1d80000 - 0x00007ff8a1db4000 	C:\WINDOWS\SYSTEM32\WINMM.dll
0x00007ff8ab660000 - 0x00007ff8ab6d1000 	C:\WINDOWS\System32\WS2_32.dll
0x00007ff8a92b0000 - 0x00007ff8a92c8000 	C:\WINDOWS\SYSTEM32\kernel.appcore.dll
0x00007ff895b40000 - 0x00007ff895b4a000 	C:\Program Files\Java\jdk-17\bin\jimage.dll
0x00007ff8a7c30000 - 0x00007ff8a7e63000 	C:\WINDOWS\SYSTEM32\DBGHELP.DLL
0x00007ff8ac920000 - 0x00007ff8acca8000 	C:\WINDOWS\System32\combase.dll
0x00007ff8ab850000 - 0x00007ff8ab927000 	C:\WINDOWS\System32\OLEAUT32.dll
0x00007ff88eb00000 - 0x00007ff88eb32000 	C:\WINDOWS\SYSTEM32\dbgcore.DLL
0x00007ff8aaab0000 - 0x00007ff8aab29000 	C:\WINDOWS\System32\bcryptPrimitives.dll
0x00007ff8a70d0000 - 0x00007ff8a70de000 	C:\Program Files\Java\jdk-17\bin\instrument.dll
0x00007ff8912f0000 - 0x00007ff891315000 	C:\Program Files\Java\jdk-17\bin\java.dll
0x00007ff86da30000 - 0x00007ff86db07000 	C:\Program Files\Java\jdk-17\bin\jsvml.dll
0x00007ff8abb90000 - 0x00007ff8ac3ec000 	C:\WINDOWS\System32\SHELL32.dll
0x00007ff8a81c0000 - 0x00007ff8a8ab9000 	C:\WINDOWS\SYSTEM32\windows.storage.dll
0x00007ff8a8080000 - 0x00007ff8a81be000 	C:\WINDOWS\SYSTEM32\wintypes.dll
0x00007ff8ab750000 - 0x00007ff8ab843000 	C:\WINDOWS\System32\SHCORE.dll
0x00007ff8ab6e0000 - 0x00007ff8ab73e000 	C:\WINDOWS\System32\shlwapi.dll
0x00007ff8aa1e0000 - 0x00007ff8aa201000 	C:\WINDOWS\SYSTEM32\profapi.dll
0x00007ff893ba0000 - 0x00007ff893bb8000 	C:\Program Files\Java\jdk-17\bin\zip.dll
0x00007ff8912d0000 - 0x00007ff8912e9000 	C:\Program Files\Java\jdk-17\bin\net.dll
0x00007ff8a29d0000 - 0x00007ff8a2b06000 	C:\WINDOWS\SYSTEM32\WINHTTP.dll
0x00007ff8a9720000 - 0x00007ff8a9789000 	C:\WINDOWS\system32\mswsock.dll
0x00007ff890fd0000 - 0x00007ff890fe6000 	C:\Program Files\Java\jdk-17\bin\nio.dll
0x00007ff894a40000 - 0x00007ff894a50000 	C:\Program Files\Java\jdk-17\bin\verify.dll
0x00007ff893e20000 - 0x00007ff893e47000 	C:\Users\phuon\.gradle\native\c067742578af261105cb4f569cf0c3c89f3d7b1fecec35dd04571415982c5e48\windows-amd64\native-platform.dll
0x00007ff867010000 - 0x00007ff867154000 	C:\Users\phuon\.gradle\native\38dada09dfb8b06ba9b0570ebf7e218e3eb74d4ef43ca46872605cf95ebc2f47\windows-amd64\native-platform-file-events.dll
0x00007ff8946c0000 - 0x00007ff8946ca000 	C:\Program Files\Java\jdk-17\bin\management.dll
0x00007ff8944c0000 - 0x00007ff8944cb000 	C:\Program Files\Java\jdk-17\bin\management_ext.dll
0x00007ff8a9950000 - 0x00007ff8a996b000 	C:\WINDOWS\SYSTEM32\CRYPTSP.dll
0x00007ff8a9210000 - 0x00007ff8a9245000 	C:\WINDOWS\system32\rsaenh.dll
0x00007ff8a97e0000 - 0x00007ff8a9808000 	C:\WINDOWS\SYSTEM32\USERENV.dll
0x00007ff8a9940000 - 0x00007ff8a994c000 	C:\WINDOWS\SYSTEM32\CRYPTBASE.dll
0x00007ff8a8d20000 - 0x00007ff8a8d4d000 	C:\WINDOWS\SYSTEM32\IPHLPAPI.DLL
0x00007ff8ac6b0000 - 0x00007ff8ac6b9000 	C:\WINDOWS\System32\NSI.dll
0x00007ff8a2c20000 - 0x00007ff8a2c39000 	C:\WINDOWS\SYSTEM32\dhcpcsvc6.DLL
0x00007ff8a2310000 - 0x00007ff8a232f000 	C:\WINDOWS\SYSTEM32\dhcpcsvc.DLL
0x00007ff8a8d90000 - 0x00007ff8a8e89000 	C:\WINDOWS\SYSTEM32\DNSAPI.dll
0x00007ff893e00000 - 0x00007ff893e0e000 	C:\Program Files\Java\jdk-17\bin\sunmscapi.dll
0x00007ff8aa3d0000 - 0x00007ff8aa537000 	C:\WINDOWS\System32\CRYPT32.dll
0x00007ff8a9b80000 - 0x00007ff8a9bae000 	C:\WINDOWS\SYSTEM32\ncrypt.dll
0x00007ff8a9b40000 - 0x00007ff8a9b77000 	C:\WINDOWS\SYSTEM32\NTASN1.dll
0x00007ff893e10000 - 0x00007ff893e18000 	C:\WINDOWS\system32\wshunix.dll
0x00007ff8a0a00000 - 0x00007ff8a0a0a000 	C:\Windows\System32\rasadhlp.dll
0x00007ff89f850000 - 0x00007ff89f8d3000 	C:\WINDOWS\System32\fwpuclnt.dll

dbghelp: loaded successfully - version: 4.0.5 - missing functions: none
symbol engine: initialized successfully - sym options: 0x614 - pdb path: .;C:\Program Files\Java\jdk-17\bin;C:\WINDOWS\SYSTEM32;C:\WINDOWS\WinSxS\amd64_microsoft.windows.common-controls_6595b64144ccf1df_6.0.22621.3235_none_270f74e173860f98;C:\Program Files\Java\jdk-17\bin\server;C:\Users\phuon\.gradle\native\c067742578af261105cb4f569cf0c3c89f3d7b1fecec35dd04571415982c5e48\windows-amd64;C:\Users\phuon\.gradle\native\38dada09dfb8b06ba9b0570ebf7e218e3eb74d4ef43ca46872605cf95ebc2f47\windows-amd64

VM Arguments:
jvm_args: --add-opens=java.base/java.util=ALL-UNNAMED --add-opens=java.base/java.lang=ALL-UNNAMED --add-opens=java.base/java.lang.invoke=ALL-UNNAMED --add-opens=java.prefs/java.util.prefs=ALL-UNNAMED --add-opens=java.base/java.nio.charset=ALL-UNNAMED --add-opens=java.base/java.net=ALL-UNNAMED --add-opens=java.base/java.util.concurrent.atomic=ALL-UNNAMED -XX:MaxMetaspaceSize=384m -XX:+HeapDumpOnOutOfMemoryError -Xms256m -Xmx512m -Dfile.encoding=utf8 -Duser.country=GB -Duser.language=en -Duser.variant -javaagent:C:\Users\phuon\.gradle\wrapper\dists\gradle-8.7-bin\bhs2wmbdwecv87pi65oeuq5iu\gradle-8.7\lib\agents\gradle-instrumentation-agent-8.7.jar 
java_command: org.gradle.launcher.daemon.bootstrap.GradleDaemon 8.7
java_class_path (initial): C:\Users\phuon\.gradle\wrapper\dists\gradle-8.7-bin\bhs2wmbdwecv87pi65oeuq5iu\gradle-8.7\lib\gradle-launcher-8.7.jar
Launcher Type: SUN_STANDARD

[Global flags]
     intx CICompilerCount                          = 4                                         {product} {ergonomic}
   size_t CompressedClassSpaceSize                 = 335544320                                 {product} {ergonomic}
     uint ConcGCThreads                            = 2                                         {product} {ergonomic}
     uint G1ConcRefinementThreads                  = 8                                         {product} {ergonomic}
   size_t G1HeapRegionSize                         = 1048576                                   {product} {ergonomic}
    uintx GCDrainStackTargetSize                   = 64                                        {product} {ergonomic}
     bool HeapDumpOnOutOfMemoryError               = true                                   {manageable} {command line}
   size_t InitialHeapSize                          = 268435456                                 {product} {command line}
   size_t MarkStackSize                            = 4194304                                   {product} {ergonomic}
   size_t MaxHeapSize                              = 536870912                                 {product} {command line}
   size_t MaxMetaspaceSize                         = 402653184                                 {product} {command line}
   size_t MaxNewSize                               = 321912832                                 {product} {ergonomic}
   size_t MinHeapDeltaBytes                        = 1048576                                   {product} {ergonomic}
   size_t MinHeapSize                              = 268435456                                 {product} {command line}
    uintx NonNMethodCodeHeapSize                   = 5839372                                {pd product} {ergonomic}
    uintx NonProfiledCodeHeapSize                  = 122909434                              {pd product} {ergonomic}
    uintx ProfiledCodeHeapSize                     = 122909434                              {pd product} {ergonomic}
    uintx ReservedCodeCacheSize                    = 251658240                              {pd product} {ergonomic}
     bool SegmentedCodeCache                       = true                                      {product} {ergonomic}
   size_t SoftMaxHeapSize                          = 536870912                              {manageable} {ergonomic}
     bool UseCompressedClassPointers               = true                           {product lp64_product} {ergonomic}
     bool UseCompressedOops                        = true                           {product lp64_product} {ergonomic}
     bool UseG1GC                                  = true                                      {product} {ergonomic}
     bool UseLargePagesIndividualAllocation        = false                                  {pd product} {ergonomic}

Logging:
Log output configuration:
 #0: stdout all=warning uptime,level,tags
 #1: stderr all=off uptime,level,tags

Environment Variables:
PATH=C:\Program Files\Common Files\Oracle\Java\javapath;C:\WINDOWS\system32;C:\WINDOWS;C:\WINDOWS\System32\Wbem;C:\WINDOWS\System32\WindowsPowerShell\v1.0\;C:\WINDOWS\System32\OpenSSH\;C:\Users\phuon\AppData\Roaming\nvm;C:\Program Files\nodejs;C:\Program Files\Git\cmd;E:\apache-maven-3.9.4\bin;C:\Program Files\Redis\;C:\Program Files\TortoiseSVN\bin;C:\Program Files\Docker\Docker\resources\bin;C:\Users\phuon\AppData\Local\Microsoft\WindowsApps;C:\Users\phuon\AppData\Roaming\nvm;C:\Program Files\nodejs;C:\Users\phuon\AppData\Local\Programs\Microsoft VS Code\bin;
USERNAME=phuon
OS=Windows_NT
PROCESSOR_IDENTIFIER=Intel64 Family 6 Model 126 Stepping 5, GenuineIntel



---------------  S Y S T E M  ---------------

OS:
 Windows 11 , 64 bit Build 22621 (10.0.22621.3374)
OS uptime: 6 days 2:47 hours
Hyper-V role detected

CPU: total 8 (initial active 8) (4 cores per cpu, 2 threads per core) family 6 model 126 stepping 5 microcode 0xc2, cx8, cmov, fxsr, ht, mmx, 3dnowpref, sse, sse2, sse3, ssse3, sse4.1, sse4.2, popcnt, lzcnt, tsc, tscinvbit, avx, avx2, aes, erms, clmul, bmi1, bmi2, adx, avx512f, avx512dq, avx512cd, avx512bw, avx512vl, sha, fma, vzeroupper, avx512_vpopcntdq, avx512_vpclmulqdq, avx512_vaes, avx512_vnni, clflush, clflushopt, avx512_vbmi2, avx512_vbmi, hv

Memory: 4k page, system-wide physical 16151M (2972M free)
TotalPageFile size 24343M (AvailPageFile size 5M)
current process WorkingSet (physical memory assigned to process): 598M, peak: 624M
current process commit charge ("private bytes"): 648M, peak: 670M

vm_info: Java HotSpot(TM) 64-Bit Server VM (17.0.10+11-LTS-240) for windows-amd64 JRE (17.0.10+11-LTS-240), built on Dec 19 2023 21:47:25 by "mach5one" with MS VC++ 17.1 (VS2022)

END.
